#
# There is insufficient memory for the Java Runtime Environment to continue.
# Native memory allocation (mmap) failed to map 10485760 bytes for G1 virtual space
# Possible reasons:
#   The system is out of physical RAM or swap space
#   The process is running with CompressedOops enabled, and the Java Heap may be blocking the growth of the native heap
# Possible solutions:
#   Reduce memory load on the system
#   Increase physical memory or swap space
#   Check if swap backing store is full
#   Decrease Java heap size (-Xmx/-Xms)
#   Decrease number of Java threads
#   Decrease Java thread stack sizes (-Xss)
#   Set larger code cache with -XX:ReservedCodeCacheSize=
#   JVM is running with Unscaled Compressed Oops mode in which the Java heap is
#     placed in the first 4GB address space. The Java Heap base address is the
#     maximum limit for the native heap growth. Please use -XX:HeapBaseMinAddress
#     to set the Java Heap base and to place the Java Heap above 4GB virtual address.
# This output file may be truncated or incomplete.
#
#  Out of Memory Error (os_windows.cpp:3825), pid=13408, tid=15264
#
# JRE version: OpenJDK Runtime Environment (17.0.9) (build 17.0.9+0--11185874)
# Java VM: OpenJDK 64-Bit Server VM (17.0.9+0--11185874, mixed mode, tiered, compressed oops, compressed class ptrs, g1 gc, windows-amd64)
# No core dump will be written. Minidumps are not enabled by default on client versions of Windows
#

---------------  S U M M A R Y ------------

Command Line: --add-opens=java.base/java.util=ALL-UNNAMED --add-opens=java.base/java.lang=ALL-UNNAMED --add-opens=java.base/java.lang.invoke=ALL-UNNAMED --add-opens=java.prefs/java.util.prefs=ALL-UNNAMED --add-opens=java.base/java.nio.charset=ALL-UNNAMED --add-opens=java.base/java.net=ALL-UNNAMED --add-opens=java.base/java.util.concurrent.atomic=ALL-UNNAMED -Xmx2048m -Dfile.encoding=UTF-8 -Duser.country=US -Duser.language=en -Duser.variant -javaagent:C:\Users\Admin\.gradle\wrapper\dists\gradle-8.4-bin\1w5dpkrfk8irigvoxmyhowfim\gradle-8.4\lib\agents\gradle-instrumentation-agent-8.4.jar org.gradle.launcher.daemon.bootstrap.GradleDaemon 8.4

Host: AMD Ryzen 7 5700U with Radeon Graphics         , 16 cores, 13G,  Windows 10 , 64 bit Build 19041 (10.0.19041.3636)
Time: Wed May 15 23:11:34 2024 SE Asia Standard Time elapsed time: 6.107722 seconds (0d 0h 0m 6s)

---------------  T H R E A D  ---------------

Current thread (0x00000260543f44e0):  VMThread "VM Thread" [stack: 0x0000008b4ec00000,0x0000008b4ed00000] [id=15264]

Stack: [0x0000008b4ec00000,0x0000008b4ed00000]
Native frames: (J=compiled Java code, j=interpreted, Vv=VM code, C=native code)
V  [jvm.dll+0x6886e9]
V  [jvm.dll+0x841e4a]
V  [jvm.dll+0x843a8e]
V  [jvm.dll+0x8440f3]
V  [jvm.dll+0x24c14f]
V  [jvm.dll+0x685499]
V  [jvm.dll+0x679c2a]
V  [jvm.dll+0x30cf9b]
V  [jvm.dll+0x314446]
V  [jvm.dll+0x36425e]
V  [jvm.dll+0x36448f]
V  [jvm.dll+0x2e2d68]
V  [jvm.dll+0x2e5e56]
V  [jvm.dll+0x2f066a]
V  [jvm.dll+0x325610]
V  [jvm.dll+0x8487eb]
V  [jvm.dll+0x849531]
V  [jvm.dll+0x849a4d]
V  [jvm.dll+0x849e24]
V  [jvm.dll+0x849ef0]
V  [jvm.dll+0x7f06aa]
V  [jvm.dll+0x687565]
C  [ucrtbase.dll+0x21bb2]
C  [KERNEL32.DLL+0x17344]
C  [ntdll.dll+0x526b1]

VM_Operation (0x0000008b4e8ff880): G1PauseRemark, mode: safepoint, requested by thread 0x0000026039a5cef0


---------------  P R O C E S S  ---------------

Threads class SMR info:
_java_thread_list=0x000002605b2cb200, length=73, elements={
0x00000260399f5720, 0x00000260545716a0, 0x0000026054572bd0, 0x0000026054579360,
0x00000260545b13f0, 0x00000260545b1dc0, 0x00000260545b4e40, 0x00000260545b9b00,
0x00000260545bd070, 0x00000260545c1620, 0x00000260546ec000, 0x00000260543c5740,
0x0000026054776050, 0x0000026054776570, 0x0000026054928470, 0x0000026059091f80,
0x000002605927a9e0, 0x000002605a018400, 0x000002605a715a20, 0x000002605ae8d270,
0x000002605b3cc670, 0x000002605b3ccb50, 0x000002605a52f670, 0x000002605a52f160,
0x000002605a52d300, 0x000002605a52c8e0, 0x000002605a52fb80, 0x000002605a52cdf0,
0x000002605a52d810, 0x000002605a52dd20, 0x000002605a52e230, 0x000002605a52e740,
0x000002605a52ec50, 0x000002605b4b4160, 0x000002605b4b0ec0, 0x000002605b4b3740,
0x000002605b4b13d0, 0x000002605b4b2d20, 0x000002605afd82b0, 0x000002605b4b1df0,
0x000002605b4b4670, 0x000002605b4b64d0, 0x000002605b4b3230, 0x000002605b4b2300,
0x000002605b4aff90, 0x000002605b4b2810, 0x000002605b4b69e0, 0x000002605b4b7400,
0x000002605b4b6ef0, 0x000002605b4b4b80, 0x000002605b4b5090, 0x000002605b4b55a0,
0x000002605b4b5ab0, 0x000002605b4b7910, 0x000002605b4b04a0, 0x000002605b4b09b0,
0x0000026059cb32b0, 0x0000026059cabe40, 0x0000026059cacd70, 0x0000026059cad280,
0x0000026059cafb00, 0x0000026059caf5f0, 0x0000026059caebd0, 0x0000026059cadca0,
0x0000026059cb2380, 0x0000026059cb1450, 0x0000026059cac350, 0x0000026059cac860,
0x0000026059cad790, 0x0000026059cb0010, 0x0000026059cae1b0, 0x0000026059cb37c0,
0x0000026059cae6c0
}

Java Threads: ( => current thread )
  0x00000260399f5720 JavaThread "main" [_thread_blocked, id=3900, stack(0x0000008b4e600000,0x0000008b4e700000)]
  0x00000260545716a0 JavaThread "Reference Handler" daemon [_thread_blocked, id=12124, stack(0x0000008b4ed00000,0x0000008b4ee00000)]
  0x0000026054572bd0 JavaThread "Finalizer" daemon [_thread_blocked, id=15752, stack(0x0000008b4ee00000,0x0000008b4ef00000)]
  0x0000026054579360 JavaThread "Signal Dispatcher" daemon [_thread_blocked, id=10124, stack(0x0000008b4ef00000,0x0000008b4f000000)]
  0x00000260545b13f0 JavaThread "Attach Listener" daemon [_thread_blocked, id=2384, stack(0x0000008b4f000000,0x0000008b4f100000)]
  0x00000260545b1dc0 JavaThread "Service Thread" daemon [_thread_blocked, id=11764, stack(0x0000008b4f100000,0x0000008b4f200000)]
  0x00000260545b4e40 JavaThread "Monitor Deflation Thread" daemon [_thread_blocked, id=16072, stack(0x0000008b4f200000,0x0000008b4f300000)]
  0x00000260545b9b00 JavaThread "C2 CompilerThread0" daemon [_thread_blocked, id=15924, stack(0x0000008b4f300000,0x0000008b4f400000)]
  0x00000260545bd070 JavaThread "C1 CompilerThread0" daemon [_thread_blocked, id=12664, stack(0x0000008b4f400000,0x0000008b4f500000)]
  0x00000260545c1620 JavaThread "Sweeper thread" daemon [_thread_blocked, id=14664, stack(0x0000008b4f500000,0x0000008b4f600000)]
  0x00000260546ec000 JavaThread "Common-Cleaner" daemon [_thread_blocked, id=17208, stack(0x0000008b4f600000,0x0000008b4f700000)]
  0x00000260543c5740 JavaThread "C1 CompilerThread1" daemon [_thread_blocked, id=4236, stack(0x0000008b4f700000,0x0000008b4f800000)]
  0x0000026054776050 JavaThread "C1 CompilerThread2" daemon [_thread_blocked, id=16852, stack(0x0000008b4f800000,0x0000008b4f900000)]
  0x0000026054776570 JavaThread "C1 CompilerThread3" daemon [_thread_blocked, id=1884, stack(0x0000008b4f900000,0x0000008b4fa00000)]
  0x0000026054928470 JavaThread "Notification Thread" daemon [_thread_blocked, id=6760, stack(0x0000008b4fa00000,0x0000008b4fb00000)]
  0x0000026059091f80 JavaThread "C2 CompilerThread1" daemon [_thread_blocked, id=9420, stack(0x0000008b4fc00000,0x0000008b4fd00000)]
  0x000002605927a9e0 JavaThread "C2 CompilerThread2" daemon [_thread_in_native, id=5672, stack(0x0000008b4fd00000,0x0000008b4fe00000)]
  0x000002605a018400 JavaThread "Daemon health stats" [_thread_blocked, id=3308, stack(0x0000008b50200000,0x0000008b50300000)]
  0x000002605a715a20 JavaThread "Incoming local TCP Connector on port 63233" [_thread_in_native, id=16832, stack(0x0000008b50300000,0x0000008b50400000)]
  0x000002605ae8d270 JavaThread "Daemon periodic checks" [_thread_blocked, id=8072, stack(0x0000008b50400000,0x0000008b50500000)]
  0x000002605b3cc670 JavaThread "Daemon" [_thread_blocked, id=11420, stack(0x0000008b50500000,0x0000008b50600000)]
  0x000002605b3ccb50 JavaThread "Handler for socket connection from /127.0.0.1:63233 to /127.0.0.1:63234" [_thread_in_native, id=10500, stack(0x0000008b50600000,0x0000008b50700000)]
  0x000002605a52f670 JavaThread "Cancel handler" [_thread_blocked, id=888, stack(0x0000008b50700000,0x0000008b50800000)]
  0x000002605a52f160 JavaThread "Daemon worker" [_thread_blocked, id=15548, stack(0x0000008b50800000,0x0000008b50900000)]
  0x000002605a52d300 JavaThread "Asynchronous log dispatcher for DefaultDaemonConnection: socket connection from /127.0.0.1:63233 to /127.0.0.1:63234" [_thread_blocked, id=17012, stack(0x0000008b50900000,0x0000008b50a00000)]
  0x000002605a52c8e0 JavaThread "Stdin handler" [_thread_blocked, id=16504, stack(0x0000008b50a00000,0x0000008b50b00000)]
  0x000002605a52fb80 JavaThread "Daemon client event forwarder" [_thread_blocked, id=12484, stack(0x0000008b50b00000,0x0000008b50c00000)]
  0x000002605a52cdf0 JavaThread "Cache worker for journal cache (C:\Users\Admin\.gradle\caches\journal-1)" [_thread_blocked, id=14684, stack(0x0000008b51600000,0x0000008b51700000)]
  0x000002605a52d810 JavaThread "File lock request listener" [_thread_in_native, id=8084, stack(0x0000008b51700000,0x0000008b51800000)]
  0x000002605a52dd20 JavaThread "Cache worker for file hash cache (C:\Users\Admin\.gradle\caches\8.4\fileHashes)" [_thread_blocked, id=6052, stack(0x0000008b51800000,0x0000008b51900000)]
  0x000002605a52e230 JavaThread "File watcher server" daemon [_thread_blocked, id=9496, stack(0x0000008b51a00000,0x0000008b51b00000)]
  0x000002605a52e740 JavaThread "File watcher consumer" daemon [_thread_blocked, id=7556, stack(0x0000008b51b00000,0x0000008b51c00000)]
  0x000002605a52ec50 JavaThread "Cache worker for checksums cache (C:\Workspace\63135460-AndroidProgramming\ChuyenManHinhVoiIntent\.gradle\8.4\checksums)" [_thread_blocked, id=17152, stack(0x0000008b51c00000,0x0000008b51d00000)]
  0x000002605b4b4160 JavaThread "Cache worker for file hash cache (C:\Workspace\63135460-AndroidProgramming\ChuyenManHinhVoiIntent\.gradle\8.4\fileHashes)" [_thread_blocked, id=13612, stack(0x0000008b51d00000,0x0000008b51e00000)]
  0x000002605b4b0ec0 JavaThread "Cache worker for cache directory md-supplier (C:\Users\Admin\.gradle\caches\8.4\md-supplier)" [_thread_blocked, id=14292, stack(0x0000008b51e00000,0x0000008b51f00000)]
  0x000002605b4b3740 JavaThread "Cache worker for file content cache (C:\Users\Admin\.gradle\caches\8.4\fileContent)" [_thread_blocked, id=5364, stack(0x0000008b51f00000,0x0000008b52000000)]
  0x000002605b4b13d0 JavaThread "Cache worker for cache directory md-rule (C:\Users\Admin\.gradle\caches\8.4\md-rule)" [_thread_blocked, id=9684, stack(0x0000008b51900000,0x0000008b51a00000)]
  0x000002605b4b2d20 JavaThread "Cache worker for execution history cache (C:\Users\Admin\.gradle\caches\8.4\executionHistory)" [_thread_blocked, id=11244, stack(0x0000008b52000000,0x0000008b52100000)]
  0x000002605afd82b0 JavaThread "C2 CompilerThread3" daemon [_thread_blocked, id=13668, stack(0x0000008b52100000,0x0000008b52200000)]
  0x000002605b4b1df0 JavaThread "Cache worker for kotlin-dsl (C:\Users\Admin\.gradle\caches\8.4\kotlin-dsl)" [_thread_blocked, id=13148, stack(0x0000008b52200000,0x0000008b52300000)]
  0x000002605b4b4670 JavaThread "jar transforms" [_thread_blocked, id=15884, stack(0x0000008b52400000,0x0000008b52500000)]
  0x000002605b4b64d0 JavaThread "jar transforms Thread 2" [_thread_blocked, id=4700, stack(0x0000008b52500000,0x0000008b52600000)]
  0x000002605b4b3230 JavaThread "jar transforms Thread 3" [_thread_blocked, id=7700, stack(0x0000008b52600000,0x0000008b52700000)]
  0x000002605b4b2300 JavaThread "jar transforms Thread 4" [_thread_blocked, id=14332, stack(0x0000008b52700000,0x0000008b52800000)]
  0x000002605b4aff90 JavaThread "Cache worker for dependencies-accessors (C:\Workspace\63135460-AndroidProgramming\ChuyenManHinhVoiIntent\.gradle\8.4\dependencies-accessors)" [_thread_blocked, id=5572, stack(0x0000008b52800000,0x0000008b52900000)]
  0x000002605b4b2810 JavaThread "Cache worker for Build Output Cleanup Cache (C:\Workspace\63135460-AndroidProgramming\ChuyenManHinhVoiIntent\.gradle\buildOutputCleanup)" [_thread_blocked, id=1052, stack(0x0000008b52900000,0x0000008b52a00000)]
  0x000002605b4b69e0 JavaThread "jar transforms Thread 5" [_thread_blocked, id=10876, stack(0x0000008b52a00000,0x0000008b52b00000)]
  0x000002605b4b7400 JavaThread "jar transforms Thread 6" [_thread_blocked, id=15220, stack(0x0000008b52b00000,0x0000008b52c00000)]
  0x000002605b4b6ef0 JavaThread "Unconstrained build operations" [_thread_blocked, id=16576, stack(0x0000008b52300000,0x0000008b52400000)]
  0x000002605b4b4b80 JavaThread "Unconstrained build operations Thread 2" [_thread_blocked, id=10624, stack(0x0000008b52c00000,0x0000008b52d00000)]
  0x000002605b4b5090 JavaThread "Unconstrained build operations Thread 3" [_thread_blocked, id=8256, stack(0x0000008b52d00000,0x0000008b52e00000)]
  0x000002605b4b55a0 JavaThread "Unconstrained build operations Thread 4" [_thread_blocked, id=8784, stack(0x0000008b52e00000,0x0000008b52f00000)]
  0x000002605b4b5ab0 JavaThread "Unconstrained build operations Thread 5" [_thread_blocked, id=8220, stack(0x0000008b52f00000,0x0000008b53000000)]
  0x000002605b4b7910 JavaThread "Unconstrained build operations Thread 6" [_thread_blocked, id=4360, stack(0x0000008b53000000,0x0000008b53100000)]
  0x000002605b4b04a0 JavaThread "Unconstrained build operations Thread 7" [_thread_blocked, id=3328, stack(0x0000008b53100000,0x0000008b53200000)]
  0x000002605b4b09b0 JavaThread "Unconstrained build operations Thread 8" [_thread_blocked, id=2316, stack(0x0000008b53200000,0x0000008b53300000)]
  0x0000026059cb32b0 JavaThread "Unconstrained build operations Thread 9" [_thread_blocked, id=11400, stack(0x0000008b53300000,0x0000008b53400000)]
  0x0000026059cabe40 JavaThread "Unconstrained build operations Thread 10" [_thread_blocked, id=3728, stack(0x0000008b53400000,0x0000008b53500000)]
  0x0000026059cacd70 JavaThread "Unconstrained build operations Thread 11" [_thread_blocked, id=6896, stack(0x0000008b53500000,0x0000008b53600000)]
  0x0000026059cad280 JavaThread "Unconstrained build operations Thread 12" [_thread_blocked, id=10884, stack(0x0000008b53600000,0x0000008b53700000)]
  0x0000026059cafb00 JavaThread "Unconstrained build operations Thread 13" [_thread_blocked, id=14880, stack(0x0000008b53700000,0x0000008b53800000)]
  0x0000026059caf5f0 JavaThread "Unconstrained build operations Thread 14" [_thread_blocked, id=13644, stack(0x0000008b53800000,0x0000008b53900000)]
  0x0000026059caebd0 JavaThread "Unconstrained build operations Thread 15" [_thread_blocked, id=3984, stack(0x0000008b53900000,0x0000008b53a00000)]
  0x0000026059cadca0 JavaThread "jar transforms Thread 7" [_thread_blocked, id=13224, stack(0x0000008b53a00000,0x0000008b53b00000)]
  0x0000026059cb2380 JavaThread "jar transforms Thread 8" [_thread_blocked, id=4596, stack(0x0000008b53b00000,0x0000008b53c00000)]
  0x0000026059cb1450 JavaThread "jar transforms Thread 9" [_thread_blocked, id=5368, stack(0x0000008b53c00000,0x0000008b53d00000)]
  0x0000026059cac350 JavaThread "jar transforms Thread 10" [_thread_blocked, id=6272, stack(0x0000008b53d00000,0x0000008b53e00000)]
  0x0000026059cac860 JavaThread "jar transforms Thread 11" [_thread_blocked, id=9020, stack(0x0000008b53e00000,0x0000008b53f00000)]
  0x0000026059cad790 JavaThread "jar transforms Thread 12" [_thread_blocked, id=10552, stack(0x0000008b53f00000,0x0000008b54000000)]
  0x0000026059cb0010 JavaThread "jar transforms Thread 13" [_thread_blocked, id=1352, stack(0x0000008b54000000,0x0000008b54100000)]
  0x0000026059cae1b0 JavaThread "jar transforms Thread 14" [_thread_blocked, id=13052, stack(0x0000008b54100000,0x0000008b54200000)]
  0x0000026059cb37c0 JavaThread "jar transforms Thread 15" [_thread_blocked, id=8300, stack(0x0000008b54200000,0x0000008b54300000)]
  0x0000026059cae6c0 JavaThread "jar transforms Thread 16" [_thread_blocked, id=4600, stack(0x0000008b54300000,0x0000008b54400000)]

Other Threads:
=>0x00000260543f44e0 VMThread "VM Thread" [stack: 0x0000008b4ec00000,0x0000008b4ed00000] [id=15264]
  0x00000260399f65f0 WatcherThread [stack: 0x0000008b4fb00000,0x0000008b4fc00000] [id=3460]
  0x000002603793e870 GCTaskThread "GC Thread#0" [stack: 0x0000008b4e700000,0x0000008b4e800000] [id=17132]
  0x000002605a509c60 GCTaskThread "GC Thread#1" [stack: 0x0000008b4fe00000,0x0000008b4ff00000] [id=3748]
  0x0000026059ad26d0 GCTaskThread "GC Thread#2" [stack: 0x0000008b4ff00000,0x0000008b50000000] [id=1380]
  0x0000026059ad2d90 GCTaskThread "GC Thread#3" [stack: 0x0000008b50000000,0x0000008b50100000] [id=16448]
  0x0000026059b314c0 GCTaskThread "GC Thread#4" [stack: 0x0000008b50100000,0x0000008b50200000] [id=8668]
  0x000002605ae88030 GCTaskThread "GC Thread#5" [stack: 0x0000008b50c00000,0x0000008b50d00000] [id=10252]
  0x000002605b325920 GCTaskThread "GC Thread#6" [stack: 0x0000008b50d00000,0x0000008b50e00000] [id=12536]
  0x000002605b325be0 GCTaskThread "GC Thread#7" [stack: 0x0000008b50e00000,0x0000008b50f00000] [id=17024]
  0x000002605b5aae80 GCTaskThread "GC Thread#8" [stack: 0x0000008b50f00000,0x0000008b51000000] [id=6748]
  0x000002605b5ab140 GCTaskThread "GC Thread#9" [stack: 0x0000008b51000000,0x0000008b51100000] [id=5588]
  0x000002605b5ab400 GCTaskThread "GC Thread#10" [stack: 0x0000008b51100000,0x0000008b51200000] [id=12516]
  0x000002605a7ce8e0 GCTaskThread "GC Thread#11" [stack: 0x0000008b51200000,0x0000008b51300000] [id=15804]
  0x000002605a64bda0 GCTaskThread "GC Thread#12" [stack: 0x0000008b51300000,0x0000008b51400000] [id=4496]
  0x0000026039a5cef0 ConcurrentGCThread "G1 Main Marker" [stack: 0x0000008b4e800000,0x0000008b4e900000] [id=13268]
  0x0000026039a5d820 ConcurrentGCThread "G1 Conc#0" [stack: 0x0000008b4e900000,0x0000008b4ea00000] [id=13476]
  0x000002605a64b820 ConcurrentGCThread "G1 Conc#1" [stack: 0x0000008b51400000,0x0000008b51500000] [id=4892]
  0x000002605a64bae0 ConcurrentGCThread "G1 Conc#2" [stack: 0x0000008b51500000,0x0000008b51600000] [id=15568]
  0x0000026039aadbe0 ConcurrentGCThread "G1 Refine#0" [stack: 0x0000008b4ea00000,0x0000008b4eb00000] [id=8044]
  0x0000026039aae520 ConcurrentGCThread "G1 Service" [stack: 0x0000008b4eb00000,0x0000008b4ec00000] [id=544]

Threads with active compile tasks:
C2 CompilerThread1     6128 5983       4       java.lang.invoke.MethodType::makeImpl (109 bytes)
C2 CompilerThread2     6128 6533 %     4       java.util.zip.ZipFile$Source::initCEN @ 240 (591 bytes)

VM state: at safepoint (normal execution)

VM Mutex/Monitor currently owned by a thread:  ([mutex/lock_event])
[0x00000260399f1330] Threads_lock - owner thread: 0x00000260543f44e0
[0x00000260399f29b0] Heap_lock - owner thread: 0x0000026039a5cef0

Heap address: 0x0000000080000000, size: 2048 MB, Compressed Oops mode: 32-bit

CDS archive(s) not mapped
Compressed class space mapped at: 0x0000000100000000-0x0000000140000000, reserved size: 1073741824
Narrow klass base: 0x0000000000000000, Narrow klass shift: 3, Narrow klass range: 0x140000000

GC Precious Log:
 CPUs: 16 total, 16 available
 Memory: 14158M
 Large Page Support: Disabled
 NUMA Support: Disabled
 Compressed Oops: Enabled (32-bit)
 Heap Region Size: 1M
 Heap Min Capacity: 8M
 Heap Initial Capacity: 222M
 Heap Max Capacity: 2G
 Pre-touch: Disabled
 Parallel Workers: 13
 Concurrent Workers: 3
 Concurrent Refinement Workers: 13
 Periodic GC: Disabled

Heap:
 garbage-first heap   total 73728K, used 48308K [0x0000000080000000, 0x0000000100000000)
  region size 1024K, 5 young (5120K), 3 survivors (3072K)
 Metaspace       used 56174K, committed 56704K, reserved 1114112K
  class space    used 7677K, committed 7936K, reserved 1048576K

Heap Regions: E=young(eden), S=young(survivor), O=old, HS=humongous(starts), HC=humongous(continues), CS=collection set, F=free, OA=open archive, CA=closed archive, TAMS=top-at-mark-start (previous, next)
|   0|0x0000000080000000, 0x0000000080100000, 0x0000000080100000|100%|HS|  |TAMS 0x0000000080100000, 0x0000000080000000| Complete 
|   1|0x0000000080100000, 0x0000000080200000, 0x0000000080200000|100%|HC|  |TAMS 0x0000000080200000, 0x0000000080100000| Complete 
|   2|0x0000000080200000, 0x0000000080300000, 0x0000000080300000|100%|HC|  |TAMS 0x0000000080300000, 0x0000000080200000| Complete 
|   3|0x0000000080300000, 0x0000000080400000, 0x0000000080400000|100%|HC|  |TAMS 0x0000000080400000, 0x0000000080300000| Complete 
|   4|0x0000000080400000, 0x0000000080500000, 0x0000000080500000|100%| O|  |TAMS 0x0000000080500000, 0x0000000080400000| Updating 
|   5|0x0000000080500000, 0x0000000080600000, 0x0000000080600000|100%| O|  |TAMS 0x0000000080600000, 0x0000000080500000| Untracked 
|   6|0x0000000080600000, 0x0000000080700000, 0x0000000080700000|100%| O|  |TAMS 0x0000000080700000, 0x0000000080600000| Untracked 
|   7|0x0000000080700000, 0x0000000080800000, 0x0000000080800000|100%| O|  |TAMS 0x0000000080800000, 0x0000000080700000| Updating 
|   8|0x0000000080800000, 0x0000000080900000, 0x0000000080900000|100%| O|  |TAMS 0x0000000080900000, 0x0000000080800000| Untracked 
|   9|0x0000000080900000, 0x0000000080a00000, 0x0000000080a00000|100%| O|  |TAMS 0x0000000080a00000, 0x0000000080900000| Untracked 
|  10|0x0000000080a00000, 0x0000000080a84000, 0x0000000080b00000| 51%| O|  |TAMS 0x0000000080a84000, 0x0000000080a00000| Updating 
|  11|0x0000000080b00000, 0x0000000080c00000, 0x0000000080c00000|100%| O|  |TAMS 0x0000000080c00000, 0x0000000080b00000| Untracked 
|  12|0x0000000080c00000, 0x0000000080d00000, 0x0000000080d00000|100%| O|  |TAMS 0x0000000080d00000, 0x0000000080c00000| Untracked 
|  13|0x0000000080d00000, 0x0000000080e00000, 0x0000000080e00000|100%| O|  |TAMS 0x0000000080e00000, 0x0000000080d00000| Updating 
|  14|0x0000000080e00000, 0x0000000080f00000, 0x0000000080f00000|100%| O|  |TAMS 0x0000000080f00000, 0x0000000080e00000| Untracked 
|  15|0x0000000080f00000, 0x0000000081000000, 0x0000000081000000|100%| O|  |TAMS 0x0000000081000000, 0x0000000080f00000| Untracked 
|  16|0x0000000081000000, 0x0000000081100000, 0x0000000081100000|100%| O|  |TAMS 0x0000000081100000, 0x0000000081000000| Untracked 
|  17|0x0000000081100000, 0x0000000081200000, 0x0000000081200000|100%| O|  |TAMS 0x0000000081200000, 0x0000000081100000| Untracked 
|  18|0x0000000081200000, 0x0000000081300000, 0x0000000081300000|100%| O|  |TAMS 0x0000000081300000, 0x0000000081200000| Untracked 
|  19|0x0000000081300000, 0x0000000081400000, 0x0000000081400000|100%| O|  |TAMS 0x0000000081400000, 0x0000000081300000| Untracked 
|  20|0x0000000081400000, 0x0000000081500000, 0x0000000081500000|100%| O|  |TAMS 0x0000000081500000, 0x0000000081400000| Untracked 
|  21|0x0000000081500000, 0x0000000081600000, 0x0000000081600000|100%| O|  |TAMS 0x0000000081600000, 0x0000000081500000| Untracked 
|  22|0x0000000081600000, 0x0000000081700000, 0x0000000081700000|100%| O|  |TAMS 0x0000000081700000, 0x0000000081600000| Updating 
|  23|0x0000000081700000, 0x0000000081800000, 0x0000000081800000|100%| O|  |TAMS 0x0000000081800000, 0x0000000081700000| Updating 
|  24|0x0000000081800000, 0x0000000081900000, 0x0000000081900000|100%| O|  |TAMS 0x0000000081900000, 0x0000000081800000| Untracked 
|  25|0x0000000081900000, 0x0000000081a00000, 0x0000000081a00000|100%| O|  |TAMS 0x0000000081a00000, 0x0000000081900000| Untracked 
|  26|0x0000000081a00000, 0x0000000081b00000, 0x0000000081b00000|100%| O|  |TAMS 0x0000000081b00000, 0x0000000081a00000| Untracked 
|  27|0x0000000081b00000, 0x0000000081c00000, 0x0000000081c00000|100%| O|  |TAMS 0x0000000081c00000, 0x0000000081b00000| Untracked 
|  28|0x0000000081c00000, 0x0000000081d00000, 0x0000000081d00000|100%| O|  |TAMS 0x0000000081d00000, 0x0000000081c00000| Untracked 
|  29|0x0000000081d00000, 0x0000000081e00000, 0x0000000081e00000|100%| O|  |TAMS 0x0000000081e00000, 0x0000000081d00000| Updating 
|  30|0x0000000081e00000, 0x0000000081f00000, 0x0000000081f00000|100%| O|  |TAMS 0x0000000081f00000, 0x0000000081e00000| Untracked 
|  31|0x0000000081f00000, 0x0000000082000000, 0x0000000082000000|100%| O|  |TAMS 0x0000000082000000, 0x0000000081f00000| Untracked 
|  32|0x0000000082000000, 0x0000000082100000, 0x0000000082100000|100%| O|  |TAMS 0x0000000082100000, 0x0000000082000000| Untracked 
|  33|0x0000000082100000, 0x0000000082200000, 0x0000000082200000|100%| O|  |TAMS 0x0000000082200000, 0x0000000082100000| Untracked 
|  34|0x0000000082200000, 0x0000000082300000, 0x0000000082300000|100%| O|  |TAMS 0x0000000082300000, 0x0000000082200000| Untracked 
|  35|0x0000000082300000, 0x0000000082400000, 0x0000000082400000|100%| O|  |TAMS 0x0000000082400000, 0x0000000082300000| Untracked 
|  36|0x0000000082400000, 0x0000000082500000, 0x0000000082500000|100%| O|  |TAMS 0x0000000082500000, 0x0000000082400000| Untracked 
|  37|0x0000000082500000, 0x0000000082600000, 0x0000000082600000|100%| O|  |TAMS 0x0000000082600000, 0x0000000082500000| Untracked 
|  38|0x0000000082600000, 0x0000000082700000, 0x0000000082700000|100%| O|  |TAMS 0x0000000082605400, 0x0000000082600000| Untracked 
|  39|0x0000000082700000, 0x0000000082800000, 0x0000000082800000|100%|HS|  |TAMS 0x0000000082800000, 0x0000000082700000| Complete 
|  40|0x0000000082800000, 0x0000000082900000, 0x0000000082900000|100%|HS|  |TAMS 0x0000000082900000, 0x0000000082800000| Complete 
|  41|0x0000000082900000, 0x0000000082a00000, 0x0000000082a00000|100%|HS|  |TAMS 0x0000000082a00000, 0x0000000082900000| Complete 
|  42|0x0000000082a00000, 0x0000000082aa9000, 0x0000000082b00000| 66%| O|  |TAMS 0x0000000082a00000, 0x0000000082a00000| Updating 
|  43|0x0000000082b00000, 0x0000000082c00000, 0x0000000082c00000|100%|HS|  |TAMS 0x0000000082b00000, 0x0000000082b00000| Complete 
|  44|0x0000000082c00000, 0x0000000082c00000, 0x0000000082d00000|  0%| F|  |TAMS 0x0000000082c00000, 0x0000000082c00000| Untracked 
|  45|0x0000000082d00000, 0x0000000082d00000, 0x0000000082e00000|  0%| F|  |TAMS 0x0000000082d00000, 0x0000000082d00000| Untracked 
|  46|0x0000000082e00000, 0x0000000082e00000, 0x0000000082f00000|  0%| F|  |TAMS 0x0000000082e00000, 0x0000000082e00000| Untracked 
|  47|0x0000000082f00000, 0x0000000082f00000, 0x0000000083000000|  0%| F|  |TAMS 0x0000000082f00000, 0x0000000082f00000| Untracked 
|  48|0x0000000083000000, 0x0000000083000000, 0x0000000083100000|  0%| F|  |TAMS 0x0000000083000000, 0x0000000083000000| Untracked 
|  49|0x0000000083100000, 0x0000000083100000, 0x0000000083200000|  0%| F|  |TAMS 0x0000000083100000, 0x0000000083100000| Untracked 
|  50|0x0000000083200000, 0x0000000083200000, 0x0000000083300000|  0%| F|  |TAMS 0x0000000083200000, 0x0000000083200000| Untracked 
|  51|0x0000000083300000, 0x0000000083300000, 0x0000000083400000|  0%| F|  |TAMS 0x0000000083300000, 0x0000000083300000| Untracked 
|  52|0x0000000083400000, 0x0000000083400000, 0x0000000083500000|  0%| F|  |TAMS 0x0000000083400000, 0x0000000083400000| Untracked 
|  53|0x0000000083500000, 0x0000000083500000, 0x0000000083600000|  0%| F|  |TAMS 0x0000000083500000, 0x0000000083500000| Untracked 
|  54|0x0000000083600000, 0x0000000083600000, 0x0000000083700000|  0%| F|  |TAMS 0x0000000083600000, 0x0000000083600000| Untracked 
|  55|0x0000000083700000, 0x0000000083700000, 0x0000000083800000|  0%| F|  |TAMS 0x0000000083700000, 0x0000000083700000| Untracked 
|  56|0x0000000083800000, 0x0000000083800000, 0x0000000083900000|  0%| F|  |TAMS 0x0000000083800000, 0x0000000083800000| Untracked 
|  57|0x0000000083900000, 0x0000000083900000, 0x0000000083a00000|  0%| F|  |TAMS 0x0000000083900000, 0x0000000083900000| Untracked 
|  58|0x0000000083a00000, 0x0000000083a00000, 0x0000000083b00000|  0%| F|  |TAMS 0x0000000083a00000, 0x0000000083a00000| Untracked 
|  59|0x0000000083b00000, 0x0000000083b00000, 0x0000000083c00000|  0%| F|  |TAMS 0x0000000083b00000, 0x0000000083b00000| Untracked 
|  60|0x0000000083c00000, 0x0000000083c00000, 0x0000000083d00000|  0%| F|  |TAMS 0x0000000083c00000, 0x0000000083c00000| Untracked 
|  61|0x0000000083d00000, 0x0000000083d00000, 0x0000000083e00000|  0%| F|  |TAMS 0x0000000083d00000, 0x0000000083d00000| Untracked 
| 167|0x000000008a700000, 0x000000008a800000, 0x000000008a800000|100%| S|CS|TAMS 0x000000008a700000, 0x000000008a700000| Complete 
| 168|0x000000008a800000, 0x000000008a900000, 0x000000008a900000|100%| S|CS|TAMS 0x000000008a800000, 0x000000008a800000| Complete 
| 169|0x000000008a900000, 0x000000008aa00000, 0x000000008aa00000|100%| S|CS|TAMS 0x000000008a900000, 0x000000008a900000| Complete 
| 170|0x000000008aa00000, 0x000000008aa00000, 0x000000008ab00000|  0%| F|  |TAMS 0x000000008aa00000, 0x000000008aa00000| Untracked 
| 171|0x000000008ab00000, 0x000000008ab00000, 0x000000008ac00000|  0%| F|  |TAMS 0x000000008ab00000, 0x000000008ab00000| Untracked 
| 172|0x000000008ac00000, 0x000000008ac00000, 0x000000008ad00000|  0%| F|  |TAMS 0x000000008ac00000, 0x000000008ac00000| Untracked 
| 173|0x000000008ad00000, 0x000000008ad00000, 0x000000008ae00000|  0%| F|  |TAMS 0x000000008ad00000, 0x000000008ad00000| Untracked 
| 174|0x000000008ae00000, 0x000000008ae00000, 0x000000008af00000|  0%| F|  |TAMS 0x000000008ae00000, 0x000000008ae00000| Untracked 
| 175|0x000000008af00000, 0x000000008aff5388, 0x000000008b000000| 95%| E|  |TAMS 0x000000008af00000, 0x000000008af00000| Complete 
| 221|0x000000008dd00000, 0x000000008de00000, 0x000000008de00000|100%| E|CS|TAMS 0x000000008dd00000, 0x000000008dd00000| Complete 

Card table byte_map: [0x000002604cb50000,0x000002604cf50000] _byte_map_base: 0x000002604c750000

Marking Bits (Prev, Next): (CMBitMap*) 0x0000026039a4c840, (CMBitMap*) 0x0000026039a4c800
 Prev Bits: [0x000002604f350000, 0x0000026051350000)
 Next Bits: [0x000002604d350000, 0x000002604f350000)

Polling page: 0x0000026037810000

Metaspace:

Usage:
  Non-class:     47.36 MB used.
      Class:      7.50 MB used.
       Both:     54.86 MB used.

Virtual space:
  Non-class space:       64.00 MB reserved,      47.62 MB ( 74%) committed,  1 nodes.
      Class space:        1.00 GB reserved,       7.75 MB ( <1%) committed,  1 nodes.
             Both:        1.06 GB reserved,      55.38 MB (  5%) committed. 

Chunk freelists:
   Non-Class:  15.77 MB
       Class:  8.26 MB
        Both:  24.03 MB

MaxMetaspaceSize: unlimited
CompressedClassSpaceSize: 1.00 GB
Initial GC threshold: 21.00 MB
Current GC threshold: 92.31 MB
CDS: off
MetaspaceReclaimPolicy: balanced
 - commit_granule_bytes: 65536.
 - commit_granule_words: 8192.
 - virtual_space_node_default_size: 8388608.
 - enlarge_chunks_in_place: 1.
 - new_chunks_are_fully_committed: 0.
 - uncommit_free_chunks: 1.
 - use_allocation_guard: 0.
 - handle_deallocations: 1.


Internal statistics:

num_allocs_failed_limit: 6.
num_arena_births: 638.
num_arena_deaths: 0.
num_vsnodes_births: 2.
num_vsnodes_deaths: 0.
num_space_committed: 886.
num_space_uncommitted: 0.
num_chunks_returned_to_freelist: 6.
num_chunks_taken_from_freelist: 2474.
num_chunk_merges: 6.
num_chunk_splits: 1637.
num_chunks_enlarged: 1113.
num_inconsistent_stats: 0.

CodeHeap 'non-profiled nmethods': size=119168Kb used=2777Kb max_used=2867Kb free=116390Kb
 bounds [0x0000026044a70000, 0x0000026044d40000, 0x000002604bed0000]
CodeHeap 'profiled nmethods': size=119104Kb used=11062Kb max_used=11062Kb free=108041Kb
 bounds [0x000002603ced0000, 0x000002603d9a0000, 0x0000026044320000]
CodeHeap 'non-nmethods': size=7488Kb used=3310Kb max_used=3357Kb free=4177Kb
 bounds [0x0000026044320000, 0x0000026044670000, 0x0000026044a70000]
 total_blobs=6536 nmethods=5836 adapters=608
 compilation: enabled
              stopped_count=0, restarted_count=0
 full_count=0

Compilation events (20 events):
Event: 6.081 Thread 0x00000260543c5740 6546       3       sun.nio.fs.WindowsFileSystemProvider::readAttributes (63 bytes)
Event: 6.081 Thread 0x00000260543c5740 nmethod 6546 0x000002603d997390 code [0x000002603d9975a0, 0x000002603d997bb8]
Event: 6.082 Thread 0x00000260543c5740 6547       3       sun.nio.fs.WindowsFileAttributeViews$Basic::readAttributes (5 bytes)
Event: 6.082 Thread 0x0000026054776570 6548   !   3       sun.nio.fs.WindowsFileAttributeViews$Basic::readAttributes (30 bytes)
Event: 6.083 Thread 0x0000026054776570 nmethod 6548 0x000002603d997d90 code [0x000002603d997f80, 0x000002603d998548]
Event: 6.083 Thread 0x00000260543c5740 nmethod 6547 0x000002603d998790 code [0x000002603d9989a0, 0x000002603d998fc8]
Event: 6.090 Thread 0x00000260543c5740 6549   !   3       java.util.zip.ZipFile$Source::get (190 bytes)
Event: 6.092 Thread 0x00000260543c5740 nmethod 6549 0x000002603d999210 code [0x000002603d999520, 0x000002603d99a9d8]
Event: 6.092 Thread 0x00000260545bd070 6550       1       java.util.zip.ZipFile$ZipFileInputStream::size (5 bytes)
Event: 6.092 Thread 0x00000260545bd070 nmethod 6550 0x0000026044ba1890 code [0x0000026044ba1a20, 0x0000026044ba1af8]
Event: 6.098 Thread 0x0000026054776570 6551       3       java.nio.Buffer::discardMark (6 bytes)
Event: 6.098 Thread 0x0000026054776570 nmethod 6551 0x000002603d99b310 code [0x000002603d99b4a0, 0x000002603d99b5b8]
Event: 6.099 Thread 0x00000260543c5740 6552       3       java.io.InputStreamReader::read (11 bytes)
Event: 6.099 Thread 0x0000026054776570 6553   !   3       sun.nio.cs.StreamDecoder::read (196 bytes)
Event: 6.099 Thread 0x0000026054776050 6555       3       sun.nio.cs.StreamDecoder::implRead (243 bytes)
Event: 6.099 Thread 0x00000260545bd070 6554       3       sun.nio.cs.StreamDecoder::ensureOpen (18 bytes)
Event: 6.100 Thread 0x00000260543c5740 nmethod 6552 0x000002603d99b690 code [0x000002603d99b840, 0x000002603d99b9a8]
Event: 6.100 Thread 0x00000260545bd070 nmethod 6554 0x000002603d99ba90 code [0x000002603d99bc40, 0x000002603d99be48]
Event: 6.101 Thread 0x0000026054776570 nmethod 6553 0x000002603d99bf10 code [0x000002603d99c180, 0x000002603d99cd88]
Event: 6.101 Thread 0x0000026054776050 nmethod 6555 0x000002603d99d290 code [0x000002603d99d540, 0x000002603d99e378]

GC Heap History (20 events):
Event: 3.521 GC heap before
{Heap before GC invocations=7 (full 0):
 garbage-first heap   total 71680K, used 30925K [0x0000000080000000, 0x0000000100000000)
  region size 1024K, 12 young (12288K), 3 survivors (3072K)
 Metaspace       used 35674K, committed 35968K, reserved 1114112K
  class space    used 4843K, committed 4992K, reserved 1048576K
}
Event: 3.523 GC heap after
{Heap after GC invocations=8 (full 0):
 garbage-first heap   total 71680K, used 24281K [0x0000000080000000, 0x0000000100000000)
  region size 1024K, 2 young (2048K), 2 survivors (2048K)
 Metaspace       used 35674K, committed 35968K, reserved 1114112K
  class space    used 4843K, committed 4992K, reserved 1048576K
}
Event: 3.919 GC heap before
{Heap before GC invocations=9 (full 0):
 garbage-first heap   total 71680K, used 53977K [0x0000000080000000, 0x0000000100000000)
  region size 1024K, 32 young (32768K), 2 survivors (2048K)
 Metaspace       used 41165K, committed 41536K, reserved 1114112K
  class space    used 5419K, committed 5568K, reserved 1048576K
}
Event: 3.923 GC heap after
{Heap after GC invocations=10 (full 0):
 garbage-first heap   total 71680K, used 28016K [0x0000000080000000, 0x0000000100000000)
  region size 1024K, 4 young (4096K), 4 survivors (4096K)
 Metaspace       used 41165K, committed 41536K, reserved 1114112K
  class space    used 5419K, committed 5568K, reserved 1048576K
}
Event: 4.140 GC heap before
{Heap before GC invocations=10 (full 0):
 garbage-first heap   total 71680K, used 53616K [0x0000000080000000, 0x0000000100000000)
  region size 1024K, 30 young (30720K), 4 survivors (4096K)
 Metaspace       used 42158K, committed 42560K, reserved 1114112K
  class space    used 5588K, committed 5760K, reserved 1048576K
}
Event: 4.143 GC heap after
{Heap after GC invocations=11 (full 0):
 garbage-first heap   total 71680K, used 30093K [0x0000000080000000, 0x0000000100000000)
  region size 1024K, 2 young (2048K), 2 survivors (2048K)
 Metaspace       used 42158K, committed 42560K, reserved 1114112K
  class space    used 5588K, committed 5760K, reserved 1048576K
}
Event: 4.558 GC heap before
{Heap before GC invocations=11 (full 0):
 garbage-first heap   total 71680K, used 56717K [0x0000000080000000, 0x0000000100000000)
  region size 1024K, 27 young (27648K), 2 survivors (2048K)
 Metaspace       used 45932K, committed 46336K, reserved 1114112K
  class space    used 6122K, committed 6272K, reserved 1048576K
}
Event: 4.559 GC heap after
{Heap after GC invocations=12 (full 0):
 garbage-first heap   total 71680K, used 31796K [0x0000000080000000, 0x0000000100000000)
  region size 1024K, 4 young (4096K), 4 survivors (4096K)
 Metaspace       used 45932K, committed 46336K, reserved 1114112K
  class space    used 6122K, committed 6272K, reserved 1048576K
}
Event: 4.835 GC heap before
{Heap before GC invocations=12 (full 0):
 garbage-first heap   total 71680K, used 56372K [0x0000000080000000, 0x0000000100000000)
  region size 1024K, 28 young (28672K), 4 survivors (4096K)
 Metaspace       used 49025K, committed 49472K, reserved 1114112K
  class space    used 6597K, committed 6848K, reserved 1048576K
}
Event: 4.837 GC heap after
{Heap after GC invocations=13 (full 0):
 garbage-first heap   total 71680K, used 32674K [0x0000000080000000, 0x0000000100000000)
  region size 1024K, 3 young (3072K), 3 survivors (3072K)
 Metaspace       used 49025K, committed 49472K, reserved 1114112K
  class space    used 6597K, committed 6848K, reserved 1048576K
}
Event: 5.156 GC heap before
{Heap before GC invocations=13 (full 0):
 garbage-first heap   total 71680K, used 57250K [0x0000000080000000, 0x0000000100000000)
  region size 1024K, 27 young (27648K), 3 survivors (3072K)
 Metaspace       used 52385K, committed 52864K, reserved 1114112K
  class space    used 7150K, committed 7360K, reserved 1048576K
}
Event: 5.158 GC heap after
{Heap after GC invocations=14 (full 0):
 garbage-first heap   total 71680K, used 34172K [0x0000000080000000, 0x0000000100000000)
  region size 1024K, 3 young (3072K), 3 survivors (3072K)
 Metaspace       used 52385K, committed 52864K, reserved 1114112K
  class space    used 7150K, committed 7360K, reserved 1048576K
}
Event: 5.517 GC heap before
{Heap before GC invocations=14 (full 0):
 garbage-first heap   total 71680K, used 56700K [0x0000000080000000, 0x0000000100000000)
  region size 1024K, 25 young (25600K), 3 survivors (3072K)
 Metaspace       used 55039K, committed 55552K, reserved 1114112K
  class space    used 7574K, committed 7808K, reserved 1048576K
}
Event: 5.520 GC heap after
{Heap after GC invocations=15 (full 0):
 garbage-first heap   total 71680K, used 35504K [0x0000000080000000, 0x0000000100000000)
  region size 1024K, 3 young (3072K), 3 survivors (3072K)
 Metaspace       used 55039K, committed 55552K, reserved 1114112K
  class space    used 7574K, committed 7808K, reserved 1048576K
}
Event: 5.928 GC heap before
{Heap before GC invocations=16 (full 0):
 garbage-first heap   total 71680K, used 57008K [0x0000000080000000, 0x0000000100000000)
  region size 1024K, 25 young (25600K), 3 survivors (3072K)
 Metaspace       used 55921K, committed 56512K, reserved 1114112K
  class space    used 7652K, committed 7936K, reserved 1048576K
}
Event: 5.931 GC heap after
{Heap after GC invocations=17 (full 0):
 garbage-first heap   total 71680K, used 38354K [0x0000000080000000, 0x0000000100000000)
  region size 1024K, 4 young (4096K), 4 survivors (4096K)
 Metaspace       used 55921K, committed 56512K, reserved 1114112K
  class space    used 7652K, committed 7936K, reserved 1048576K
}
Event: 6.002 GC heap before
{Heap before GC invocations=17 (full 0):
 garbage-first heap   total 71680K, used 41426K [0x0000000080000000, 0x0000000100000000)
  region size 1024K, 8 young (8192K), 4 survivors (4096K)
 Metaspace       used 56120K, committed 56704K, reserved 1114112K
  class space    used 7670K, committed 7936K, reserved 1048576K
}
Event: 6.005 GC heap after
{Heap after GC invocations=18 (full 0):
 garbage-first heap   total 71680K, used 39217K [0x0000000080000000, 0x0000000100000000)
  region size 1024K, 1 young (1024K), 1 survivors (1024K)
 Metaspace       used 56120K, committed 56704K, reserved 1114112K
  class space    used 7670K, committed 7936K, reserved 1048576K
}
Event: 6.073 GC heap before
{Heap before GC invocations=19 (full 0):
 garbage-first heap   total 73728K, used 46385K [0x0000000080000000, 0x0000000100000000)
  region size 1024K, 7 young (7168K), 1 survivors (1024K)
 Metaspace       used 56154K, committed 56704K, reserved 1114112K
  class space    used 7676K, committed 7936K, reserved 1048576K
}
Event: 6.075 GC heap after
{Heap after GC invocations=20 (full 0):
 garbage-first heap   total 73728K, used 46260K [0x0000000080000000, 0x0000000100000000)
  region size 1024K, 3 young (3072K), 3 survivors (3072K)
 Metaspace       used 56154K, committed 56704K, reserved 1114112K
  class space    used 7676K, committed 7936K, reserved 1048576K
}

Dll operation events (3 events):
Event: 0.007 Loaded shared library C:\Program Files\Android\Android Studio\jbr\bin\java.dll
Event: 0.123 Loaded shared library C:\Program Files\Android\Android Studio\jbr\bin\zip.dll
Event: 0.439 Loaded shared library C:\Program Files\Android\Android Studio\jbr\bin\verify.dll

Deoptimization events (20 events):
Event: 5.991 Thread 0x000002605a52f160 DEOPT PACKING pc=0x0000026044b04204 sp=0x0000008b508f8ff0
Event: 5.991 Thread 0x000002605a52f160 DEOPT UNPACKING pc=0x00000260443769a3 sp=0x0000008b508f8fb8 mode 2
Event: 5.991 Thread 0x000002605a52f160 Uncommon trap: trap_request=0xffffff45 fr.pc=0x0000026044b020f0 relative=0x0000000000000710
Event: 5.991 Thread 0x000002605a52f160 Uncommon trap: reason=unstable_if action=reinterpret pc=0x0000026044b020f0 method=org.gradle.util.internal.SimpleMapInterner.intern(Ljava/lang/String;)Ljava/lang/String; @ 1 c2
Event: 5.991 Thread 0x000002605a52f160 DEOPT PACKING pc=0x0000026044b020f0 sp=0x0000008b508f8f80
Event: 5.992 Thread 0x000002605a52f160 DEOPT UNPACKING pc=0x00000260443769a3 sp=0x0000008b508f8f48 mode 2
Event: 6.006 Thread 0x000002605a52f160 DEOPT PACKING pc=0x000002603cfb6e3d sp=0x0000008b508f8540
Event: 6.006 Thread 0x000002605a52f160 DEOPT UNPACKING pc=0x0000026044377143 sp=0x0000008b508f79d8 mode 0
Event: 6.012 Thread 0x000002605a52f160 Uncommon trap: trap_request=0xffffff45 fr.pc=0x0000026044c0b110 relative=0x0000000000001830
Event: 6.012 Thread 0x000002605a52f160 Uncommon trap: reason=unstable_if action=reinterpret pc=0x0000026044c0b110 method=java.util.zip.ZipFile.getInputStream(Ljava/util/zip/ZipEntry;)Ljava/io/InputStream; @ 101 c2
Event: 6.012 Thread 0x000002605a52f160 DEOPT PACKING pc=0x0000026044c0b110 sp=0x0000008b508f7f30
Event: 6.012 Thread 0x000002605a52f160 DEOPT UNPACKING pc=0x00000260443769a3 sp=0x0000008b508f7ee8 mode 2
Event: 6.023 Thread 0x000002605a52f160 Uncommon trap: trap_request=0xffffffc6 fr.pc=0x0000026044b37120 relative=0x0000000000000060
Event: 6.023 Thread 0x000002605a52f160 Uncommon trap: reason=bimorphic_or_optimized_type_check action=maybe_recompile pc=0x0000026044b37120 method=com.google.common.collect.ImmutableList.copyOf(Ljava/util/Collection;)Lcom/google/common/collect/ImmutableList; @ 16 c2
Event: 6.023 Thread 0x000002605a52f160 DEOPT PACKING pc=0x0000026044b37120 sp=0x0000008b508f8900
Event: 6.023 Thread 0x000002605a52f160 DEOPT UNPACKING pc=0x00000260443769a3 sp=0x0000008b508f88a8 mode 2
Event: 6.023 Thread 0x000002605a52f160 Uncommon trap: trap_request=0xffffffc6 fr.pc=0x0000026044b37120 relative=0x0000000000000060
Event: 6.023 Thread 0x000002605a52f160 Uncommon trap: reason=bimorphic_or_optimized_type_check action=maybe_recompile pc=0x0000026044b37120 method=com.google.common.collect.ImmutableList.copyOf(Ljava/util/Collection;)Lcom/google/common/collect/ImmutableList; @ 16 c2
Event: 6.023 Thread 0x000002605a52f160 DEOPT PACKING pc=0x0000026044b37120 sp=0x0000008b508f8570
Event: 6.023 Thread 0x000002605a52f160 DEOPT UNPACKING pc=0x00000260443769a3 sp=0x0000008b508f8518 mode 2

Classes unloaded (0 events):
No events

Classes redefined (0 events):
No events

Internal exceptions (20 events):
Event: 5.372 Thread 0x000002605a52f160 Exception <a 'java/lang/NoSuchMethodError'{0x00000000839c4928}: 'void java.lang.invoke.DirectMethodHandle$Holder.invokeSpecial(java.lang.Object, java.lang.Object, java.lang.Object, int)'> (0x00000000839c4928) 
thrown [s\src\hotspot\share\interpreter\linkResolver.cpp, line 771]
Event: 5.437 Thread 0x000002605a52f160 Exception <a 'java/lang/NoSuchMethodError'{0x0000000083584878}: 'int java.lang.invoke.DirectMethodHandle$Holder.invokeSpecialIFC(java.lang.Object, java.lang.Object, java.lang.Object)'> (0x0000000083584878) 
thrown [s\src\hotspot\share\interpreter\linkResolver.cpp, line 771]
Event: 5.486 Thread 0x000002605a52f160 Exception <a 'java/lang/NoSuchMethodError'{0x0000000083132568}: 'java.lang.Object java.lang.invoke.DirectMethodHandle$Holder.newInvokeSpecial(java.lang.Object, java.lang.Object, java.lang.Object, java.lang.Object, java.lang.Object, int)'> (0x0000000083132568) 
thrown [s\src\hotspot\share\interpreter\linkResolver.cpp, line 771]
Event: 5.486 Thread 0x000002605a52f160 Exception <a 'java/lang/NoSuchMethodError'{0x0000000083137978}: 'java.lang.Object java.lang.invoke.DirectMethodHandle$Holder.invokeSpecial(java.lang.Object, java.lang.Object, java.lang.Object, java.lang.Object, java.lang.Object, java.lang.Object, int)'> (0x0000000083137978) 
thrown [s\src\hotspot\share\interpreter\linkResolver.cpp, line 771]
Event: 5.489 Thread 0x000002605a52f160 Exception <a 'java/lang/NoSuchMethodError'{0x000000008316dc20}: 'java.lang.Object java.lang.invoke.DirectMethodHandle$Holder.invokeSpecial(java.lang.Object, java.lang.Object, java.lang.Object, java.lang.Object, java.lang.Object, long)'> (0x000000008316dc20) 
thrown [s\src\hotspot\share\interpreter\linkResolver.cpp, line 771]
Event: 5.490 Thread 0x000002605a52f160 Exception <a 'java/lang/NoSuchMethodError'{0x000000008318fbe0}: 'void java.lang.invoke.DirectMethodHandle$Holder.invokeStatic(java.lang.Object, java.lang.Object, java.lang.Object, int, java.lang.Object)'> (0x000000008318fbe0) 
thrown [s\src\hotspot\share\interpreter\linkResolver.cpp, line 771]
Event: 5.933 Thread 0x000002605a52f160 Exception <a 'java/lang/NoSuchMethodError'{0x000000008dd085e8}: 'long java.lang.invoke.DirectMethodHandle$Holder.invokeVirtual(java.lang.Object, java.lang.Object)'> (0x000000008dd085e8) 
thrown [s\src\hotspot\share\interpreter\linkResolver.cpp, line 771]
Event: 5.937 Thread 0x000002605a52fb80 Exception <a 'java/lang/NoSuchMethodError'{0x000000008dd586c8}: static Lorg/gradle/internal/build/event/types/DefaultOperationFinishedProgressEvent;.<clinit>()V> (0x000000008dd586c8) 
thrown [s\src\hotspot\share\prims\jni.cpp, line 1108]
Event: 5.940 Thread 0x000002605a52fb80 Exception <a 'java/lang/NoSuchMethodError'{0x000000008dd82fa0}: static Lorg/gradle/internal/build/event/types/DefaultProjectConfigurationSuccessResult;.<clinit>()V> (0x000000008dd82fa0) 
thrown [s\src\hotspot\share\prims\jni.cpp, line 1108]
Event: 5.940 Thread 0x000002605a52fb80 Exception <a 'java/lang/NoSuchMethodError'{0x000000008dd87980}: static Lorg/gradle/internal/build/event/types/AbstractProjectConfigurationResult;.<clinit>()V> (0x000000008dd87980) 
thrown [s\src\hotspot\share\prims\jni.cpp, line 1108]
Event: 5.940 Thread 0x000002605a52fb80 Exception <a 'java/lang/NoSuchMethodError'{0x000000008dd890c8}: static Lorg/gradle/internal/build/event/types/AbstractOperationResult;.<clinit>()V> (0x000000008dd890c8) 
thrown [s\src\hotspot\share\prims\jni.cpp, line 1108]
Event: 5.940 Thread 0x000002605a52fb80 Exception <a 'java/lang/NoSuchMethodError'{0x000000008dd8a518}: static Lorg/gradle/internal/build/event/types/AbstractResult;.<clinit>()V> (0x000000008dd8a518) 
thrown [s\src\hotspot\share\prims\jni.cpp, line 1108]
Event: 5.942 Thread 0x000002605a52fb80 Exception <a 'java/lang/NoSuchMethodError'{0x000000008dda3e98}: static Lorg/gradle/internal/build/event/types/DefaultPluginApplicationResult;.<clinit>()V> (0x000000008dda3e98) 
thrown [s\src\hotspot\share\prims\jni.cpp, line 1108]
Event: 5.944 Thread 0x000002605a52fb80 Exception <a 'java/lang/NoSuchMethodError'{0x000000008ddb0888}: static Lorg/gradle/internal/build/event/types/DefaultBinaryPluginIdentifier;.<clinit>()V> (0x000000008ddb0888) 
thrown [s\src\hotspot\share\prims\jni.cpp, line 1108]
Event: 5.947 Thread 0x000002605a52fb80 Exception <a 'java/lang/NoSuchMethodError'{0x000000008af09cc0}: static Lorg/gradle/internal/build/event/types/DefaultScriptPluginIdentifier;.<clinit>()V> (0x000000008af09cc0) 
thrown [s\src\hotspot\share\prims\jni.cpp, line 1108]
Event: 5.991 Thread 0x000002605a52f160 Implicit null exception at 0x0000026044b03b92 to 0x0000026044b041f4
Event: 5.991 Thread 0x000002605a52f160 Implicit null exception at 0x0000026044b01a14 to 0x0000026044b020d8
Event: 6.031 Thread 0x000002605a52f160 Exception <a 'java/lang/NoSuchMethodError'{0x000000008af11df0}: 'void java.lang.invoke.Invokers$Holder.invoke_MT(java.lang.Object, java.lang.Object, java.lang.Object, java.lang.Object)'> (0x000000008af11df0) 
thrown [s\src\hotspot\share\interpreter\linkResolver.cpp, line 771]
Event: 6.103 Thread 0x000002605a52f160 Exception <a 'java/lang/ClassNotFoundException'{0x000000008afd5ac8}: sun/misc/SharedSecrets> (0x000000008afd5ac8) 
thrown [s\src\hotspot\share\classfile\systemDictionary.cpp, line 256]
Event: 6.103 Thread 0x000002605a52f160 Exception <a 'java/lang/ClassNotFoundException'{0x000000008afd70a0}: org/gradle/api/internal/plugins/DefaultObjectConfigurationActionBeanInfo> (0x000000008afd70a0) 
thrown [s\src\hotspot\share\classfile\systemDictionary.cpp, line 256]

VM Operations (20 events):
Event: 5.537 Executing VM operation: G1PauseRemark done
Event: 5.545 Executing VM operation: G1PauseCleanup
Event: 5.545 Executing VM operation: G1PauseCleanup done
Event: 5.730 Executing VM operation: ICBufferFull
Event: 5.730 Executing VM operation: ICBufferFull done
Event: 5.741 Executing VM operation: HandshakeAllThreads
Event: 5.741 Executing VM operation: HandshakeAllThreads done
Event: 5.894 Executing VM operation: ICBufferFull
Event: 5.895 Executing VM operation: ICBufferFull done
Event: 5.928 Executing VM operation: G1CollectForAllocation
Event: 5.931 Executing VM operation: G1CollectForAllocation done
Event: 6.002 Executing VM operation: G1TryInitiateConcMark
Event: 6.005 Executing VM operation: G1TryInitiateConcMark done
Event: 6.026 Executing VM operation: G1PauseRemark
Event: 6.028 Executing VM operation: G1PauseRemark done
Event: 6.040 Executing VM operation: G1PauseCleanup
Event: 6.040 Executing VM operation: G1PauseCleanup done
Event: 6.073 Executing VM operation: G1TryInitiateConcMark
Event: 6.076 Executing VM operation: G1TryInitiateConcMark done
Event: 6.104 Executing VM operation: G1PauseRemark

Events (20 events):
Event: 5.786 Thread 0x0000026059cad280 Thread added: 0x0000026059cad280
Event: 5.787 Thread 0x0000026059cafb00 Thread added: 0x0000026059cafb00
Event: 5.787 Thread 0x0000026059caf5f0 Thread added: 0x0000026059caf5f0
Event: 5.787 Thread 0x0000026059caebd0 Thread added: 0x0000026059caebd0
Event: 5.892 Thread 0x0000026059cadca0 Thread added: 0x0000026059cadca0
Event: 5.892 Thread 0x0000026059cb2380 Thread added: 0x0000026059cb2380
Event: 5.892 Thread 0x0000026059cb1450 Thread added: 0x0000026059cb1450
Event: 5.892 Thread 0x0000026059cac350 Thread added: 0x0000026059cac350
Event: 5.892 Thread 0x0000026059cac860 Thread added: 0x0000026059cac860
Event: 5.893 Thread 0x0000026059cad790 Thread added: 0x0000026059cad790
Event: 5.893 Thread 0x0000026059cb0010 Thread added: 0x0000026059cb0010
Event: 5.893 Thread 0x0000026059cae1b0 Thread added: 0x0000026059cae1b0
Event: 5.893 Thread 0x0000026059cb37c0 Thread added: 0x0000026059cb37c0
Event: 5.893 Thread 0x0000026059cae6c0 Thread added: 0x0000026059cae6c0
Event: 5.934 loading class java/util/stream/SortedOps$RefSortingSink
Event: 5.934 loading class java/util/stream/SortedOps$RefSortingSink done
Event: 5.945 loading class java/time/Ser
Event: 5.945 loading class java/time/Ser done
Event: 6.103 loading class sun/misc/SharedSecrets
Event: 6.103 loading class sun/misc/SharedSecrets done


Dynamic libraries:
0x00007ff778060000 - 0x00007ff77806a000 	C:\Program Files\Android\Android Studio\jbr\bin\java.exe
0x00007ffc2b5d0000 - 0x00007ffc2b7c8000 	C:\Windows\SYSTEM32\ntdll.dll
0x00007ffc2a190000 - 0x00007ffc2a24d000 	C:\Windows\System32\KERNEL32.DLL
0x00007ffc28f20000 - 0x00007ffc29216000 	C:\Windows\System32\KERNELBASE.dll
0x00007ffc29330000 - 0x00007ffc29430000 	C:\Windows\System32\ucrtbase.dll
0x00007ffc1bec0000 - 0x00007ffc1bed7000 	C:\Program Files\Android\Android Studio\jbr\bin\jli.dll
0x00007ffc204c0000 - 0x00007ffc204db000 	C:\Program Files\Android\Android Studio\jbr\bin\VCRUNTIME140.dll
0x00007ffc29600000 - 0x00007ffc2979f000 	C:\Windows\System32\USER32.dll
0x00007ffc29220000 - 0x00007ffc29242000 	C:\Windows\System32\win32u.dll
0x00007ffc2acf0000 - 0x00007ffc2ad1b000 	C:\Windows\System32\GDI32.dll
0x00007ffc14670000 - 0x00007ffc1490a000 	C:\Windows\WinSxS\amd64_microsoft.windows.common-controls_6595b64144ccf1df_6.0.19041.3636_none_60b6a03d71f818d5\COMCTL32.dll
0x00007ffc294e0000 - 0x00007ffc295f7000 	C:\Windows\System32\gdi32full.dll
0x00007ffc2b4f0000 - 0x00007ffc2b58e000 	C:\Windows\System32\msvcrt.dll
0x00007ffc28de0000 - 0x00007ffc28e7d000 	C:\Windows\System32\msvcp_win.dll
0x00007ffc29cc0000 - 0x00007ffc29cf2000 	C:\Windows\System32\IMM32.DLL
0x00007ffc23f80000 - 0x00007ffc23f8c000 	C:\Program Files\Android\Android Studio\jbr\bin\vcruntime140_1.dll
0x00007ffbbd650000 - 0x00007ffbbd6dd000 	C:\Program Files\Android\Android Studio\jbr\bin\msvcp140.dll
0x00007ffb94b30000 - 0x00007ffb957b3000 	C:\Program Files\Android\Android Studio\jbr\bin\server\jvm.dll
0x00007ffc2a9b0000 - 0x00007ffc2aa60000 	C:\Windows\System32\ADVAPI32.dll
0x00007ffc2ac50000 - 0x00007ffc2acf0000 	C:\Windows\System32\sechost.dll
0x00007ffc2ab20000 - 0x00007ffc2ac43000 	C:\Windows\System32\RPCRT4.dll
0x00007ffc28ef0000 - 0x00007ffc28f17000 	C:\Windows\System32\bcrypt.dll
0x00007ffc240f0000 - 0x00007ffc240f9000 	C:\Windows\SYSTEM32\WSOCK32.dll
0x00007ffc28210000 - 0x00007ffc2825b000 	C:\Windows\SYSTEM32\POWRPROF.dll
0x00007ffc26970000 - 0x00007ffc26997000 	C:\Windows\SYSTEM32\WINMM.dll
0x00007ffc1e440000 - 0x00007ffc1e44a000 	C:\Windows\SYSTEM32\VERSION.dll
0x00007ffc2a320000 - 0x00007ffc2a38b000 	C:\Windows\System32\WS2_32.dll
0x00007ffc28080000 - 0x00007ffc28092000 	C:\Windows\SYSTEM32\UMPDC.dll
0x00007ffc274a0000 - 0x00007ffc274b2000 	C:\Windows\SYSTEM32\kernel.appcore.dll
0x00007ffc240e0000 - 0x00007ffc240ea000 	C:\Program Files\Android\Android Studio\jbr\bin\jimage.dll
0x00007ffc26780000 - 0x00007ffc26964000 	C:\Windows\SYSTEM32\DBGHELP.DLL
0x00007ffc265f0000 - 0x00007ffc26624000 	C:\Windows\SYSTEM32\dbgcore.DLL
0x00007ffc292a0000 - 0x00007ffc29322000 	C:\Windows\System32\bcryptPrimitives.dll
0x00007ffc222b0000 - 0x00007ffc222be000 	C:\Program Files\Android\Android Studio\jbr\bin\instrument.dll
0x00007ffc20710000 - 0x00007ffc20735000 	C:\Program Files\Android\Android Studio\jbr\bin\java.dll
0x00007ffc202b0000 - 0x00007ffc202c8000 	C:\Program Files\Android\Android Studio\jbr\bin\zip.dll
0x00007ffc2ad80000 - 0x00007ffc2b4eb000 	C:\Windows\System32\SHELL32.dll
0x00007ffc26cf0000 - 0x00007ffc2748e000 	C:\Windows\SYSTEM32\windows.storage.dll
0x00007ffc2a650000 - 0x00007ffc2a9a3000 	C:\Windows\System32\combase.dll
0x00007ffc286b0000 - 0x00007ffc286de000 	C:\Windows\SYSTEM32\Wldp.dll
0x00007ffc2a250000 - 0x00007ffc2a31d000 	C:\Windows\System32\OLEAUT32.dll
0x00007ffc2aa70000 - 0x00007ffc2ab1d000 	C:\Windows\System32\SHCORE.dll
0x00007ffc2a390000 - 0x00007ffc2a3e5000 	C:\Windows\System32\shlwapi.dll
0x00007ffc28bb0000 - 0x00007ffc28bd3000 	C:\Windows\SYSTEM32\profapi.dll
0x00007ffc20290000 - 0x00007ffc202a9000 	C:\Program Files\Android\Android Studio\jbr\bin\net.dll
0x00007ffc1ed00000 - 0x00007ffc1ee0a000 	C:\Windows\SYSTEM32\WINHTTP.dll
0x00007ffc28410000 - 0x00007ffc2847a000 	C:\Windows\system32\mswsock.dll
0x00007ffc20270000 - 0x00007ffc20286000 	C:\Program Files\Android\Android Studio\jbr\bin\nio.dll
0x00007ffc24060000 - 0x00007ffc24070000 	C:\Program Files\Android\Android Studio\jbr\bin\verify.dll
0x00007ffc13280000 - 0x00007ffc132a7000 	C:\Users\Admin\.gradle\native\c067742578af261105cb4f569cf0c3c89f3d7b1fecec35dd04571415982c5e48\windows-amd64\native-platform.dll
0x00007ffb9b270000 - 0x00007ffb9b3b4000 	C:\Users\Admin\.gradle\native\38dada09dfb8b06ba9b0570ebf7e218e3eb74d4ef43ca46872605cf95ebc2f47\windows-amd64\native-platform-file-events.dll
0x00007ffc240d0000 - 0x00007ffc240d9000 	C:\Program Files\Android\Android Studio\jbr\bin\management.dll
0x00007ffc240b0000 - 0x00007ffc240bb000 	C:\Program Files\Android\Android Studio\jbr\bin\management_ext.dll
0x00007ffc2aa60000 - 0x00007ffc2aa68000 	C:\Windows\System32\PSAPI.DLL
0x00007ffc28610000 - 0x00007ffc28628000 	C:\Windows\SYSTEM32\CRYPTSP.dll
0x00007ffc27cc0000 - 0x00007ffc27cf4000 	C:\Windows\system32\rsaenh.dll
0x00007ffc28b70000 - 0x00007ffc28b9e000 	C:\Windows\SYSTEM32\USERENV.dll
0x00007ffc28600000 - 0x00007ffc2860c000 	C:\Windows\SYSTEM32\CRYPTBASE.dll
0x00007ffc280a0000 - 0x00007ffc280db000 	C:\Windows\SYSTEM32\IPHLPAPI.DLL
0x00007ffc29d00000 - 0x00007ffc29d08000 	C:\Windows\System32\NSI.dll
0x00007ffc209b0000 - 0x00007ffc209c7000 	C:\Windows\SYSTEM32\dhcpcsvc6.DLL
0x00007ffc21080000 - 0x00007ffc2109d000 	C:\Windows\SYSTEM32\dhcpcsvc.DLL
0x00007ffc280e0000 - 0x00007ffc281ab000 	C:\Windows\SYSTEM32\DNSAPI.dll
0x00007ffc24020000 - 0x00007ffc24027000 	C:\Windows\system32\wshunix.dll

dbghelp: loaded successfully - version: 4.0.5 - missing functions: none
symbol engine: initialized successfully - sym options: 0x614 - pdb path: .;C:\Program Files\Android\Android Studio\jbr\bin;C:\Windows\SYSTEM32;C:\Windows\WinSxS\amd64_microsoft.windows.common-controls_6595b64144ccf1df_6.0.19041.3636_none_60b6a03d71f818d5;C:\Program Files\Android\Android Studio\jbr\bin\server;C:\Users\Admin\.gradle\native\c067742578af261105cb4f569cf0c3c89f3d7b1fecec35dd04571415982c5e48\windows-amd64;C:\Users\Admin\.gradle\native\38dada09dfb8b06ba9b0570ebf7e218e3eb74d4ef43ca46872605cf95ebc2f47\windows-amd64

VM Arguments:
jvm_args: --add-opens=java.base/java.util=ALL-UNNAMED --add-opens=java.base/java.lang=ALL-UNNAMED --add-opens=java.base/java.lang.invoke=ALL-UNNAMED --add-opens=java.prefs/java.util.prefs=ALL-UNNAMED --add-opens=java.base/java.nio.charset=ALL-UNNAMED --add-opens=java.base/java.net=ALL-UNNAMED --add-opens=java.base/java.util.concurrent.atomic=ALL-UNNAMED -Xmx2048m -Dfile.encoding=UTF-8 -Duser.country=US -Duser.language=en -Duser.variant -javaagent:C:\Users\Admin\.gradle\wrapper\dists\gradle-8.4-bin\1w5dpkrfk8irigvoxmyhowfim\gradle-8.4\lib\agents\gradle-instrumentation-agent-8.4.jar 
java_command: org.gradle.launcher.daemon.bootstrap.GradleDaemon 8.4
java_class_path (initial): C:\Users\Admin\.gradle\wrapper\dists\gradle-8.4-bin\1w5dpkrfk8irigvoxmyhowfim\gradle-8.4\lib\gradle-launcher-8.4.jar
Launcher Type: SUN_STANDARD

[Global flags]
     intx CICompilerCount                          = 12                                        {product} {ergonomic}
     uint ConcGCThreads                            = 3                                         {product} {ergonomic}
     uint G1ConcRefinementThreads                  = 13                                        {product} {ergonomic}
   size_t G1HeapRegionSize                         = 1048576                                   {product} {ergonomic}
    uintx GCDrainStackTargetSize                   = 64                                        {product} {ergonomic}
   size_t InitialHeapSize                          = 232783872                                 {product} {ergonomic}
   size_t MarkStackSize                            = 4194304                                   {product} {ergonomic}
   size_t MaxHeapSize                              = 2147483648                                {product} {command line}
   size_t MaxNewSize                               = 1287651328                                {product} {ergonomic}
   size_t MinHeapDeltaBytes                        = 1048576                                   {product} {ergonomic}
   size_t MinHeapSize                              = 8388608                                   {product} {ergonomic}
    uintx NonNMethodCodeHeapSize                   = 7602480                                {pd product} {ergonomic}
    uintx NonProfiledCodeHeapSize                  = 122027880                              {pd product} {ergonomic}
    uintx ProfiledCodeHeapSize                     = 122027880                              {pd product} {ergonomic}
    uintx ReservedCodeCacheSize                    = 251658240                              {pd product} {ergonomic}
     bool SegmentedCodeCache                       = true                                      {product} {ergonomic}
   size_t SoftMaxHeapSize                          = 2147483648                             {manageable} {ergonomic}
     bool UseCompressedClassPointers               = true                           {product lp64_product} {ergonomic}
     bool UseCompressedOops                        = true                           {product lp64_product} {ergonomic}
     bool UseG1GC                                  = true                                      {product} {ergonomic}
     bool UseLargePagesIndividualAllocation        = false                                  {pd product} {ergonomic}

Logging:
Log output configuration:
 #0: stdout all=warning uptime,level,tags
 #1: stderr all=off uptime,level,tags

Environment Variables:
PATH=C:\Program Files\Common Files\Oracle\Java\javapath;C:\Program Files\Microsoft\jdk-11.0.16.101-hotspot\bin;C:\Windows\system32;C:\Windows;C:\Windows\System32\Wbem;C:\Windows\System32\WindowsPowerShell\v1.0\;C:\Windows\System32\OpenSSH\;C:\Program Files (x86)\Microsoft SQL Server\160\Tools\Binn\;C:\Program Files\Microsoft SQL Server\160\Tools\Binn\;C:\Program Files\Microsoft SQL Server\Client SDK\ODBC\170\Tools\Binn\;C:\Program Files\Microsoft SQL Server\160\DTS\Binn\;C:\Program Files (x86)\Microsoft SQL Server\160\DTS\Binn\;C:\Program Files\Microsoft SQL Server\150\Tools\Binn\;C:\Program Files\Git\cmd;C:\Program Files\dotnet\;C:\Users\Admin\AppData\Local\Microsoft\WindowsApps;C:\Program Files\Azure Data Studio\bin;C:\Program Files\JetBrains\IntelliJ IDEA Community Edition 2023.3.2\bin;;C:\Users\Admin\AppData\Local\GitHubDesktop\bin;C:\Users\Admin\.dotnet\tools;C:\Users\Admin\AppData\Local\Programs\Microsoft VS Code\bin
USERNAME=Admin
OS=Windows_NT
PROCESSOR_IDENTIFIER=AMD64 Family 23 Model 104 Stepping 1, AuthenticAMD
TMP=C:\Users\Admin\AppData\Local\Temp
TEMP=C:\Users\Admin\AppData\Local\Temp



Periodic native trim disabled

JNI global refs:
JNI global refs: 34, weak refs: 0

JNI global refs memory usage: 843, weak refs: 209

OOME stack traces (most recent first):
Classloader memory used:
Loader org.gradle.internal.classloader.VisitableURLClassLoader                         : 3416K
Loader bootstrap                                                                       : 2445K
Loader org.gradle.initialization.MixInLegacyTypesClassLoader                           : 1030K
Loader jdk.internal.loader.ClassLoaders$PlatformClassLoader                            : 67500B
Loader jdk.internal.loader.ClassLoaders$AppClassLoader                                 : 28453B
Loader jdk.internal.reflect.DelegatingClassLoader                                      : 21587B
Loader org.gradle.internal.classloader.VisitableURLClassLoader                         : 7736B
Loader org.gradle.internal.classloader.VisitableURLClassLoader$InstrumentingVisitableURLClassLoader: 7025B

Classes loaded by more than one classloader:
Class Program                                                                         : loaded 4 times (x 72B)
Class org.gradle.internal.classpath.ClassPath                                         : loaded 2 times (x 68B)
Class org.gradle.api.internal.classpath.DefaultModuleRegistry                         : loaded 2 times (x 84B)
Class Settings_gradle$1$1                                                             : loaded 2 times (x 72B)
Class org.gradle.api.Action                                                           : loaded 2 times (x 68B)
Class org.gradle.api.internal.DefaultClassPathProvider                                : loaded 2 times (x 74B)
Class org.gradle.internal.installation.GradleInstallation$1                           : loaded 2 times (x 73B)
Class org.gradle.internal.classloader.FilteringClassLoader                            : loaded 2 times (x 103B)
Class org.gradle.internal.classpath.DefaultClassPath$ImmutableUniqueList$Builder      : loaded 2 times (x 73B)
Class org.gradle.internal.classloader.ClassLoaderVisitor                              : loaded 2 times (x 74B)
Class org.gradle.internal.service.DefaultServiceLocator                               : loaded 2 times (x 81B)
Class org.gradle.internal.service.UnknownServiceException                             : loaded 2 times (x 81B)
Class org.gradle.internal.classloader.DefaultClassLoaderFactory                       : loaded 2 times (x 80B)
Class org.gradle.internal.classloader.VisitableURLClassLoader$Spec                    : loaded 2 times (x 72B)
Class org.gradle.api.GradleException                                                  : loaded 2 times (x 80B)
Class org.gradle.api.internal.classpath.ModuleRegistry                                : loaded 2 times (x 68B)
Class org.gradle.api.internal.ClassPathProvider                                       : loaded 2 times (x 68B)
Class org.gradle.internal.classloader.ClasspathUtil$1                                 : loaded 2 times (x 74B)
Class org.gradle.internal.classloader.ClassLoaderFactory                              : loaded 2 times (x 68B)
Class org.gradle.api.internal.classpath.ManifestUtil                                  : loaded 2 times (x 69B)
Class org.gradle.api.specs.Spec                                                       : loaded 2 times (x 68B)
Class org.gradle.internal.IoActions                                                   : loaded 2 times (x 69B)
Class org.gradle.api.internal.classpath.EffectiveClassPath                            : loaded 2 times (x 88B)
Class org.gradle.internal.installation.CurrentGradleInstallation                      : loaded 2 times (x 71B)
Class org.gradle.internal.agents.InstrumentingClassLoader                             : loaded 2 times (x 68B)
Class org.gradle.internal.installation.CurrentGradleInstallationLocator               : loaded 2 times (x 69B)
Class org.gradle.api.internal.classpath.Module                                        : loaded 2 times (x 68B)
Class org.gradle.internal.service.CachingServiceLocator                               : loaded 2 times (x 80B)
Class org.gradle.internal.classpath.DefaultClassPath                                  : loaded 2 times (x 88B)
Class Build_gradle$1                                                                  : loaded 2 times (x 76B)
Class org.gradle.internal.classloader.SystemClassLoaderSpec                           : loaded 2 times (x 69B)
Class org.gradle.api.UncheckedIOException                                             : loaded 2 times (x 80B)
Class org.gradle.internal.installation.GradleInstallation                             : loaded 2 times (x 73B)
Class org.gradle.internal.classloader.ClasspathUtil                                   : loaded 2 times (x 69B)
Class org.gradle.api.internal.DefaultClassPathRegistry                                : loaded 2 times (x 74B)
Class org.gradle.api.internal.classpath.DefaultModuleRegistry$DefaultModule           : loaded 2 times (x 84B)
Class org.gradle.kotlin.dsl.VersionCatalogAccessorsKt                                 : loaded 2 times (x 69B)
Class org.gradle.api.internal.classpath.UnknownModuleException                        : loaded 2 times (x 80B)
Class org.gradle.internal.service.ServiceLookupException                              : loaded 2 times (x 80B)
Class org.gradle.cache.GlobalCache                                                    : loaded 2 times (x 68B)
Class [Lorg.gradle.api.internal.ClassPathProvider;                                    : loaded 2 times (x 67B)
Class org.gradle.util.internal.GUtil                                                  : loaded 2 times (x 69B)
Class org.gradle.internal.classloader.ClassLoaderSpec                                 : loaded 2 times (x 69B)
Class org.gradle.internal.classloader.VisitableURLClassLoader                         : loaded 2 times (x 115B)
Class org.gradle.internal.Cast                                                        : loaded 2 times (x 69B)
Class Build_gradle                                                                    : loaded 2 times (x 70B)
Class org.gradle.api.internal.ClassPathRegistry                                       : loaded 2 times (x 68B)
Class org.gradle.internal.classloader.VisitableURLClassLoader$InstrumentingVisitableURLClassLoader: loaded 2 times (x 121B)
Class org.gradle.internal.classloader.ClassLoaderHierarchy                            : loaded 2 times (x 68B)
Class org.gradle.internal.InternalTransformer                                         : loaded 2 times (x 68B)
Class org.gradle.internal.service.ServiceLocator                                      : loaded 2 times (x 68B)
Class Settings_gradle$1                                                               : loaded 2 times (x 72B)
Class org.gradle.internal.classpath.DefaultClassPath$ImmutableUniqueList              : loaded 2 times (x 159B)
Class org.gradle.internal.classpath.TransformedClassPath                              : loaded 2 times (x 94B)
Class Settings_gradle                                                                 : loaded 2 times (x 126B)


---------------  S Y S T E M  ---------------

OS:
 Windows 10 , 64 bit Build 19041 (10.0.19041.3636)
OS uptime: 0 days 23:16 hours

CPU: total 16 (initial active 16) (16 cores per cpu, 2 threads per core) family 23 model 104 stepping 1 microcode 0x0, cx8, cmov, fxsr, ht, mmx, 3dnowpref, sse, sse2, sse3, ssse3, sse4a, sse4.1, sse4.2, popcnt, lzcnt, tsc, tscinvbit, avx, avx2, aes, clmul, bmi1, bmi2, adx, sha, fma, vzeroupper, clflush, clflushopt
Processor Information for all 16 processors :
  Max Mhz: 1801, Current Mhz: 1801, Mhz Limit: 1801

Memory: 4k page, system-wide physical 14158M (2656M free)
TotalPageFile size 18254M (AvailPageFile size 2M)
current process WorkingSet (physical memory assigned to process): 261M, peak: 265M
current process commit charge ("private bytes"): 309M, peak: 377M

vm_info: OpenJDK 64-Bit Server VM (17.0.9+0--11185874) for windows-amd64 JRE (17.0.9+0--11185874), built on Dec  6 2023 18:57:44 by "androidbuild" with MS VC++ 16.10 / 16.11 (VS2019)

END.
