#
# There is insufficient memory for the Java Runtime Environment to continue.
# Native memory allocation (malloc) failed to allocate 1236176 bytes for Chunk::new
# Possible reasons:
#   The system is out of physical RAM or swap space
#   The process is running with CompressedOops enabled, and the Java Heap may be blocking the growth of the native heap
# Possible solutions:
#   Reduce memory load on the system
#   Increase physical memory or swap space
#   Check if swap backing store is full
#   Decrease Java heap size (-Xmx/-Xms)
#   Decrease number of Java threads
#   Decrease Java thread stack sizes (-Xss)
#   Set larger code cache with -XX:ReservedCodeCacheSize=
#   JVM is running with Unscaled Compressed Oops mode in which the Java heap is
#     placed in the first 4GB address space. The Java Heap base address is the
#     maximum limit for the native heap growth. Please use -XX:HeapBaseMinAddress
#     to set the Java Heap base and to place the Java Heap above 4GB virtual address.
# This output file may be truncated or incomplete.
#
#  Out of Memory Error (arena.cpp:191), pid=16528, tid=17532
#
# JRE version: OpenJDK Runtime Environment (17.0.9) (build 17.0.9+0--11185874)
# Java VM: OpenJDK 64-Bit Server VM (17.0.9+0--11185874, mixed mode, tiered, compressed oops, compressed class ptrs, g1 gc, windows-amd64)
# No core dump will be written. Minidumps are not enabled by default on client versions of Windows
#

---------------  S U M M A R Y ------------

Command Line: --add-opens=java.base/java.util=ALL-UNNAMED --add-opens=java.base/java.lang=ALL-UNNAMED --add-opens=java.base/java.lang.invoke=ALL-UNNAMED --add-opens=java.prefs/java.util.prefs=ALL-UNNAMED --add-opens=java.base/java.nio.charset=ALL-UNNAMED --add-opens=java.base/java.net=ALL-UNNAMED --add-opens=java.base/java.util.concurrent.atomic=ALL-UNNAMED -Xmx2048m -Dfile.encoding=UTF-8 -Duser.country=US -Duser.language=en -Duser.variant -javaagent:C:\Users\Admin\.gradle\wrapper\dists\gradle-8.4-bin\1w5dpkrfk8irigvoxmyhowfim\gradle-8.4\lib\agents\gradle-instrumentation-agent-8.4.jar org.gradle.launcher.daemon.bootstrap.GradleDaemon 8.4

Host: AMD Ryzen 7 5700U with Radeon Graphics         , 16 cores, 5G,  Windows 10 , 64 bit Build 19041 (10.0.19041.3636)
Time: Fri May  3 23:24:35 2024 SE Asia Standard Time elapsed time: 8.326556 seconds (0d 0h 0m 8s)

---------------  T H R E A D  ---------------

Current thread (0x00000272fa247de0):  JavaThread "C2 CompilerThread0" daemon [_thread_in_native, id=17532, stack(0x0000007b5e100000,0x0000007b5e200000)]


Current CompileTask:
C2:   8326 5753       4       java.net.URLClassLoader$1::run (5 bytes)

Stack: [0x0000007b5e100000,0x0000007b5e200000]
Native frames: (J=compiled Java code, j=interpreted, Vv=VM code, C=native code)
V  [jvm.dll+0x6886e9]
V  [jvm.dll+0x841e4a]
V  [jvm.dll+0x843a8e]
V  [jvm.dll+0x8440f3]
V  [jvm.dll+0x24c14f]
V  [jvm.dll+0xac44c]
V  [jvm.dll+0xaca9c]
V  [jvm.dll+0x36c1a2]
V  [jvm.dll+0x1be4b6]
V  [jvm.dll+0x21df09]
V  [jvm.dll+0x21d1d1]
V  [jvm.dll+0x1a674d]
V  [jvm.dll+0x22d088]
V  [jvm.dll+0x22b1c0]
V  [jvm.dll+0x7f62f7]
V  [jvm.dll+0x7f06aa]
V  [jvm.dll+0x687565]
C  [ucrtbase.dll+0x21bb2]
C  [KERNEL32.DLL+0x17344]
C  [ntdll.dll+0x526b1]


---------------  P R O C E S S  ---------------

Threads class SMR info:
_java_thread_list=0x00000272916e8080, length=44, elements={
0x00000272ec7a01a0, 0x00000272f972b980, 0x00000272f972c710, 0x00000272fa237480,
0x00000272fa238f60, 0x00000272fa246910, 0x00000272fa2471e0, 0x00000272fa247de0,
0x00000272fa24dc00, 0x00000272fa250520, 0x00000272fa3e3f90, 0x00000272fa2fc8e0,
0x00000272fa3e58e0, 0x00000272ff3c45a0, 0x00000272fa3e6300, 0x00000272fa3e49b0,
0x00000272fa3e44a0, 0x00000272fa3e4ec0, 0x00000272fa3e6810, 0x00000272fa3e3a80,
0x00000272fa3e53d0, 0x00000272fa3e5df0, 0x00000272fa3e3060, 0x00000272fa3e3570,
0x000002728f66e8b0, 0x000002728f671130, 0x000002728f66ca50, 0x000002728f66c030,
0x000002728f66bb20, 0x000002728f66e3a0, 0x000002728f671b50, 0x000002728f672060,
0x000002728f66c540, 0x000002728f66d470, 0x000002728f672570, 0x000002728f66f2d0,
0x000002728f66de90, 0x000002728f672a80, 0x000002728f66f7e0, 0x000002728f66d980,
0x000002728f66fcf0, 0x000002728f670c20, 0x000002728f671640, 0x000002728f6734a0
}

Java Threads: ( => current thread )
  0x00000272ec7a01a0 JavaThread "main" [_thread_blocked, id=4380, stack(0x0000007b5d400000,0x0000007b5d500000)]
  0x00000272f972b980 JavaThread "Reference Handler" daemon [_thread_blocked, id=10848, stack(0x0000007b5db00000,0x0000007b5dc00000)]
  0x00000272f972c710 JavaThread "Finalizer" daemon [_thread_blocked, id=5196, stack(0x0000007b5dc00000,0x0000007b5dd00000)]
  0x00000272fa237480 JavaThread "Signal Dispatcher" daemon [_thread_blocked, id=17516, stack(0x0000007b5dd00000,0x0000007b5de00000)]
  0x00000272fa238f60 JavaThread "Attach Listener" daemon [_thread_blocked, id=9952, stack(0x0000007b5de00000,0x0000007b5df00000)]
  0x00000272fa246910 JavaThread "Service Thread" daemon [_thread_blocked, id=15884, stack(0x0000007b5df00000,0x0000007b5e000000)]
  0x00000272fa2471e0 JavaThread "Monitor Deflation Thread" daemon [_thread_blocked, id=13236, stack(0x0000007b5e000000,0x0000007b5e100000)]
=>0x00000272fa247de0 JavaThread "C2 CompilerThread0" daemon [_thread_in_native, id=17532, stack(0x0000007b5e100000,0x0000007b5e200000)]
  0x00000272fa24dc00 JavaThread "C1 CompilerThread0" daemon [_thread_blocked, id=9280, stack(0x0000007b5e200000,0x0000007b5e300000)]
  0x00000272fa250520 JavaThread "Sweeper thread" daemon [_thread_blocked, id=3604, stack(0x0000007b5e300000,0x0000007b5e400000)]
  0x00000272fa3e3f90 JavaThread "Common-Cleaner" daemon [_thread_blocked, id=9256, stack(0x0000007b5e400000,0x0000007b5e500000)]
  0x00000272fa2fc8e0 JavaThread "C1 CompilerThread1" daemon [_thread_blocked, id=3764, stack(0x0000007b5e500000,0x0000007b5e600000)]
  0x00000272fa3e58e0 JavaThread "Notification Thread" daemon [_thread_blocked, id=9128, stack(0x0000007b5e600000,0x0000007b5e700000)]
  0x00000272ff3c45a0 JavaThread "C1 CompilerThread2" daemon [_thread_blocked, id=6348, stack(0x0000007b5e900000,0x0000007b5ea00000)]
  0x00000272fa3e6300 JavaThread "Daemon health stats" [_thread_blocked, id=10804, stack(0x0000007b5ee00000,0x0000007b5ef00000)]
  0x00000272fa3e49b0 JavaThread "Incoming local TCP Connector on port 57490" [_thread_in_native, id=18420, stack(0x0000007b5ef00000,0x0000007b5f000000)]
  0x00000272fa3e44a0 JavaThread "Daemon periodic checks" [_thread_blocked, id=16436, stack(0x0000007b5f000000,0x0000007b5f100000)]
  0x00000272fa3e4ec0 JavaThread "Daemon" [_thread_blocked, id=708, stack(0x0000007b5f100000,0x0000007b5f200000)]
  0x00000272fa3e6810 JavaThread "Handler for socket connection from /127.0.0.1:57490 to /127.0.0.1:57491" [_thread_in_native, id=7028, stack(0x0000007b5f200000,0x0000007b5f300000)]
  0x00000272fa3e3a80 JavaThread "Cancel handler" [_thread_blocked, id=12496, stack(0x0000007b5f300000,0x0000007b5f400000)]
  0x00000272fa3e53d0 JavaThread "Daemon worker" [_thread_in_vm, id=15928, stack(0x0000007b5f400000,0x0000007b5f500000)]
  0x00000272fa3e5df0 JavaThread "Asynchronous log dispatcher for DefaultDaemonConnection: socket connection from /127.0.0.1:57490 to /127.0.0.1:57491" [_thread_blocked, id=16504, stack(0x0000007b5f500000,0x0000007b5f600000)]
  0x00000272fa3e3060 JavaThread "Stdin handler" [_thread_blocked, id=16932, stack(0x0000007b5f600000,0x0000007b5f700000)]
  0x00000272fa3e3570 JavaThread "Daemon client event forwarder" [_thread_blocked, id=15260, stack(0x0000007b5f700000,0x0000007b5f800000)]
  0x000002728f66e8b0 JavaThread "Cache worker for journal cache (C:\Users\Admin\.gradle\caches\journal-1)" [_thread_blocked, id=17628, stack(0x0000007b5e800000,0x0000007b5e900000)]
  0x000002728f671130 JavaThread "File lock request listener" [_thread_in_native, id=14496, stack(0x0000007b60200000,0x0000007b60300000)]
  0x000002728f66ca50 JavaThread "Cache worker for file hash cache (C:\Users\Admin\.gradle\caches\8.4\fileHashes)" [_thread_blocked, id=11876, stack(0x0000007b60300000,0x0000007b60400000)]
  0x000002728f66c030 JavaThread "File watcher server" daemon [_thread_in_native, id=9820, stack(0x0000007b60400000,0x0000007b60500000)]
  0x000002728f66bb20 JavaThread "File watcher consumer" daemon [_thread_blocked, id=13832, stack(0x0000007b60500000,0x0000007b60600000)]
  0x000002728f66e3a0 JavaThread "Cache worker for checksums cache (C:\Workspace\63135460-AndroidProgramming\ChuyenManHinhVoiIntent\.gradle\8.4\checksums)" [_thread_blocked, id=14540, stack(0x0000007b60600000,0x0000007b60700000)]
  0x000002728f671b50 JavaThread "Cache worker for file hash cache (C:\Workspace\63135460-AndroidProgramming\ChuyenManHinhVoiIntent\.gradle\8.4\fileHashes)" [_thread_blocked, id=15048, stack(0x0000007b60700000,0x0000007b60800000)]
  0x000002728f672060 JavaThread "Cache worker for cache directory md-supplier (C:\Users\Admin\.gradle\caches\8.4\md-supplier)" [_thread_blocked, id=15972, stack(0x0000007b60800000,0x0000007b60900000)]
  0x000002728f66c540 JavaThread "Cache worker for file content cache (C:\Users\Admin\.gradle\caches\8.4\fileContent)" [_thread_blocked, id=2688, stack(0x0000007b60900000,0x0000007b60a00000)]
  0x000002728f66d470 JavaThread "Cache worker for cache directory md-rule (C:\Users\Admin\.gradle\caches\8.4\md-rule)" [_thread_blocked, id=14844, stack(0x0000007b60a00000,0x0000007b60b00000)]
  0x000002728f672570 JavaThread "Cache worker for execution history cache (C:\Users\Admin\.gradle\caches\8.4\executionHistory)" [_thread_blocked, id=3416, stack(0x0000007b60b00000,0x0000007b60c00000)]
  0x000002728f66f2d0 JavaThread "Cache worker for kotlin-dsl (C:\Users\Admin\.gradle\caches\8.4\kotlin-dsl)" [_thread_blocked, id=3972, stack(0x0000007b60c00000,0x0000007b60d00000)]
  0x000002728f66de90 JavaThread "jar transforms" [_thread_blocked, id=16328, stack(0x0000007b60d00000,0x0000007b60e00000)]
  0x000002728f672a80 JavaThread "jar transforms Thread 2" [_thread_blocked, id=10860, stack(0x0000007b60e00000,0x0000007b60f00000)]
  0x000002728f66f7e0 JavaThread "jar transforms Thread 3" [_thread_blocked, id=13336, stack(0x0000007b60f00000,0x0000007b61000000)]
  0x000002728f66d980 JavaThread "jar transforms Thread 4" [_thread_blocked, id=15828, stack(0x0000007b61000000,0x0000007b61100000)]
  0x000002728f66fcf0 JavaThread "Cache worker for dependencies-accessors (C:\Workspace\63135460-AndroidProgramming\ChuyenManHinhVoiIntent\.gradle\8.4\dependencies-accessors)" [_thread_blocked, id=15844, stack(0x0000007b61100000,0x0000007b61200000)]
  0x000002728f670c20 JavaThread "Cache worker for Build Output Cleanup Cache (C:\Workspace\63135460-AndroidProgramming\ChuyenManHinhVoiIntent\.gradle\buildOutputCleanup)" [_thread_blocked, id=3136, stack(0x0000007b61200000,0x0000007b61300000)]
  0x000002728f671640 JavaThread "jar transforms Thread 5" [_thread_blocked, id=17468, stack(0x0000007b61300000,0x0000007b61400000)]
  0x000002728f6734a0 JavaThread "jar transforms Thread 6" [_thread_blocked, id=16836, stack(0x0000007b61400000,0x0000007b61500000)]

Other Threads:
  0x00000272f97298e0 VMThread "VM Thread" [stack: 0x0000007b5da00000,0x0000007b5db00000] [id=18140]
  0x00000272ec7a1070 WatcherThread [stack: 0x0000007b5e700000,0x0000007b5e800000] [id=17312]
  0x00000272ec802370 GCTaskThread "GC Thread#0" [stack: 0x0000007b5d500000,0x0000007b5d600000] [id=13024]
  0x00000272ff231320 GCTaskThread "GC Thread#1" [stack: 0x0000007b5ea00000,0x0000007b5eb00000] [id=11796]
  0x00000272ff750fd0 GCTaskThread "GC Thread#2" [stack: 0x0000007b5eb00000,0x0000007b5ec00000] [id=15520]
  0x00000272ff708c60 GCTaskThread "GC Thread#3" [stack: 0x0000007b5ec00000,0x0000007b5ed00000] [id=2404]
  0x00000272facb4670 GCTaskThread "GC Thread#4" [stack: 0x0000007b5ed00000,0x0000007b5ee00000] [id=18040]
  0x000002728f7a3570 GCTaskThread "GC Thread#5" [stack: 0x0000007b5f800000,0x0000007b5f900000] [id=15308]
  0x00000272ffac0db0 GCTaskThread "GC Thread#6" [stack: 0x0000007b5f900000,0x0000007b5fa00000] [id=15708]
  0x00000272ffbfb5f0 GCTaskThread "GC Thread#7" [stack: 0x0000007b5fa00000,0x0000007b5fb00000] [id=17048]
  0x000002728fefdfd0 GCTaskThread "GC Thread#8" [stack: 0x0000007b5fb00000,0x0000007b5fc00000] [id=3404]
  0x00000272fff3c440 GCTaskThread "GC Thread#9" [stack: 0x0000007b5fc00000,0x0000007b5fd00000] [id=14132]
  0x00000272ff570b50 GCTaskThread "GC Thread#10" [stack: 0x0000007b5fd00000,0x0000007b5fe00000] [id=17680]
  0x000002728fed8450 GCTaskThread "GC Thread#11" [stack: 0x0000007b5fe00000,0x0000007b5ff00000] [id=10176]
  0x000002728fb6f3f0 GCTaskThread "GC Thread#12" [stack: 0x0000007b5ff00000,0x0000007b60000000] [id=15848]
  0x00000272ec8131d0 ConcurrentGCThread "G1 Main Marker" [stack: 0x0000007b5d600000,0x0000007b5d700000] [id=12836]
  0x00000272ec8152b0 ConcurrentGCThread "G1 Conc#0" [stack: 0x0000007b5d700000,0x0000007b5d800000] [id=16292]
  0x00000272ff90c0b0 ConcurrentGCThread "G1 Conc#1" [stack: 0x0000007b60000000,0x0000007b60100000] [id=15396]
  0x00000272ff90c8f0 ConcurrentGCThread "G1 Conc#2" [stack: 0x0000007b60100000,0x0000007b60200000] [id=16524]
  0x00000272f9594e70 ConcurrentGCThread "G1 Refine#0" [stack: 0x0000007b5d800000,0x0000007b5d900000] [id=18316]
  0x00000272f95959c0 ConcurrentGCThread "G1 Service" [stack: 0x0000007b5d900000,0x0000007b5da00000] [id=13540]

Threads with active compile tasks:
C2 CompilerThread0     8349 5753       4       java.net.URLClassLoader$1::run (5 bytes)

VM state: not at safepoint (normal execution)

VM Mutex/Monitor currently owned by a thread: None

Heap address: 0x0000000080000000, size: 2048 MB, Compressed Oops mode: 32-bit

CDS archive(s) not mapped
Compressed class space mapped at: 0x0000000100000000-0x0000000140000000, reserved size: 1073741824
Narrow klass base: 0x0000000000000000, Narrow klass shift: 3, Narrow klass range: 0x140000000

GC Precious Log:
 CPUs: 16 total, 16 available
 Memory: 5966M
 Large Page Support: Disabled
 NUMA Support: Disabled
 Compressed Oops: Enabled (32-bit)
 Heap Region Size: 1M
 Heap Min Capacity: 8M
 Heap Initial Capacity: 94M
 Heap Max Capacity: 2G
 Pre-touch: Disabled
 Parallel Workers: 13
 Concurrent Workers: 3
 Concurrent Refinement Workers: 13
 Periodic GC: Disabled

Heap:
 garbage-first heap   total 86016K, used 66312K [0x0000000080000000, 0x0000000100000000)
  region size 1024K, 31 young (31744K), 3 survivors (3072K)
 Metaspace       used 63256K, committed 63744K, reserved 1114112K
  class space    used 8576K, committed 8832K, reserved 1048576K

Heap Regions: E=young(eden), S=young(survivor), O=old, HS=humongous(starts), HC=humongous(continues), CS=collection set, F=free, OA=open archive, CA=closed archive, TAMS=top-at-mark-start (previous, next)
|   0|0x0000000080000000, 0x0000000080100000, 0x0000000080100000|100%|HS|  |TAMS 0x0000000080100000, 0x0000000080000000| Complete 
|   1|0x0000000080100000, 0x0000000080200000, 0x0000000080200000|100%|HC|  |TAMS 0x0000000080200000, 0x0000000080100000| Complete 
|   2|0x0000000080200000, 0x0000000080300000, 0x0000000080300000|100%|HC|  |TAMS 0x0000000080300000, 0x0000000080200000| Complete 
|   3|0x0000000080300000, 0x0000000080400000, 0x0000000080400000|100%|HC|  |TAMS 0x0000000080400000, 0x0000000080300000| Complete 
|   4|0x0000000080400000, 0x0000000080500000, 0x0000000080500000|100%| O|  |TAMS 0x0000000080500000, 0x0000000080400000| Untracked 
|   5|0x0000000080500000, 0x0000000080600000, 0x0000000080600000|100%| O|  |TAMS 0x0000000080600000, 0x0000000080500000| Untracked 
|   6|0x0000000080600000, 0x0000000080700000, 0x0000000080700000|100%| O|  |TAMS 0x0000000080700000, 0x0000000080600000| Untracked 
|   7|0x0000000080700000, 0x0000000080800000, 0x0000000080800000|100%| O|  |TAMS 0x0000000080800000, 0x0000000080700000| Untracked 
|   8|0x0000000080800000, 0x0000000080900000, 0x0000000080900000|100%| O|  |TAMS 0x0000000080900000, 0x0000000080800000| Untracked 
|   9|0x0000000080900000, 0x0000000080a00000, 0x0000000080a00000|100%| O|  |TAMS 0x0000000080a00000, 0x0000000080900000| Untracked 
|  10|0x0000000080a00000, 0x0000000080b00000, 0x0000000080b00000|100%| O|  |TAMS 0x0000000080b00000, 0x0000000080a00000| Untracked 
|  11|0x0000000080b00000, 0x0000000080c00000, 0x0000000080c00000|100%| O|  |TAMS 0x0000000080c00000, 0x0000000080b00000| Untracked 
|  12|0x0000000080c00000, 0x0000000080d00000, 0x0000000080d00000|100%| O|  |TAMS 0x0000000080d00000, 0x0000000080c00000| Untracked 
|  13|0x0000000080d00000, 0x0000000080d52600, 0x0000000080e00000| 32%| O|  |TAMS 0x0000000080d52600, 0x0000000080d00000| Untracked 
|  14|0x0000000080e00000, 0x0000000080f00000, 0x0000000080f00000|100%| O|  |TAMS 0x0000000080f00000, 0x0000000080e00000| Untracked 
|  15|0x0000000080f00000, 0x0000000081000000, 0x0000000081000000|100%| O|  |TAMS 0x0000000081000000, 0x0000000080f00000| Untracked 
|  16|0x0000000081000000, 0x0000000081100000, 0x0000000081100000|100%| O|  |TAMS 0x0000000081100000, 0x0000000081000000| Untracked 
|  17|0x0000000081100000, 0x0000000081200000, 0x0000000081200000|100%| O|  |TAMS 0x0000000081200000, 0x0000000081100000| Untracked 
|  18|0x0000000081200000, 0x0000000081300000, 0x0000000081300000|100%| O|  |TAMS 0x0000000081300000, 0x0000000081200000| Untracked 
|  19|0x0000000081300000, 0x0000000081400000, 0x0000000081400000|100%| O|  |TAMS 0x0000000081400000, 0x0000000081300000| Untracked 
|  20|0x0000000081400000, 0x0000000081500000, 0x0000000081500000|100%| O|  |TAMS 0x0000000081500000, 0x0000000081400000| Untracked 
|  21|0x0000000081500000, 0x0000000081600000, 0x0000000081600000|100%| O|  |TAMS 0x0000000081600000, 0x0000000081500000| Untracked 
|  22|0x0000000081600000, 0x0000000081700000, 0x0000000081700000|100%| O|  |TAMS 0x0000000081700000, 0x0000000081600000| Untracked 
|  23|0x0000000081700000, 0x0000000081800000, 0x0000000081800000|100%| O|  |TAMS 0x0000000081800000, 0x0000000081700000| Untracked 
|  24|0x0000000081800000, 0x0000000081900000, 0x0000000081900000|100%| O|  |TAMS 0x0000000081900000, 0x0000000081800000| Untracked 
|  25|0x0000000081900000, 0x0000000081a00000, 0x0000000081a00000|100%| O|  |TAMS 0x0000000081a00000, 0x0000000081900000| Untracked 
|  26|0x0000000081a00000, 0x0000000081b00000, 0x0000000081b00000|100%| O|  |TAMS 0x0000000081b00000, 0x0000000081a00000| Untracked 
|  27|0x0000000081b00000, 0x0000000081c00000, 0x0000000081c00000|100%| O|  |TAMS 0x0000000081c00000, 0x0000000081b00000| Untracked 
|  28|0x0000000081c00000, 0x0000000081d00000, 0x0000000081d00000|100%| O|  |TAMS 0x0000000081d00000, 0x0000000081c00000| Untracked 
|  29|0x0000000081d00000, 0x0000000081e00000, 0x0000000081e00000|100%| O|  |TAMS 0x0000000081e00000, 0x0000000081d00000| Untracked 
|  30|0x0000000081e00000, 0x0000000081f00000, 0x0000000081f00000|100%| O|  |TAMS 0x0000000081f00000, 0x0000000081e00000| Untracked 
|  31|0x0000000081f00000, 0x0000000082000000, 0x0000000082000000|100%| O|  |TAMS 0x0000000082000000, 0x0000000081f00000| Untracked 
|  32|0x0000000082000000, 0x0000000082100000, 0x0000000082100000|100%| O|  |TAMS 0x000000008208ea00, 0x0000000082000000| Untracked 
|  33|0x0000000082100000, 0x0000000082200000, 0x0000000082200000|100%| O|  |TAMS 0x0000000082100000, 0x0000000082100000| Untracked 
|  34|0x0000000082200000, 0x0000000082300000, 0x0000000082300000|100%| O|  |TAMS 0x0000000082200000, 0x0000000082200000| Untracked 
|  35|0x0000000082300000, 0x00000000823c7800, 0x0000000082400000| 77%| O|  |TAMS 0x0000000082300000, 0x0000000082300000| Untracked 
|  36|0x0000000082400000, 0x0000000082400000, 0x0000000082500000|  0%| F|  |TAMS 0x0000000082400000, 0x0000000082400000| Untracked 
|  37|0x0000000082500000, 0x0000000082500000, 0x0000000082600000|  0%| F|  |TAMS 0x0000000082500000, 0x0000000082500000| Untracked 
|  38|0x0000000082600000, 0x0000000082600000, 0x0000000082700000|  0%| F|  |TAMS 0x0000000082600000, 0x0000000082600000| Untracked 
|  39|0x0000000082700000, 0x0000000082700000, 0x0000000082800000|  0%| F|  |TAMS 0x0000000082700000, 0x0000000082700000| Untracked 
|  40|0x0000000082800000, 0x0000000082800000, 0x0000000082900000|  0%| F|  |TAMS 0x0000000082800000, 0x0000000082800000| Untracked 
|  41|0x0000000082900000, 0x0000000082900000, 0x0000000082a00000|  0%| F|  |TAMS 0x0000000082900000, 0x0000000082900000| Untracked 
|  42|0x0000000082a00000, 0x0000000082a00000, 0x0000000082b00000|  0%| F|  |TAMS 0x0000000082a00000, 0x0000000082a00000| Untracked 
|  43|0x0000000082b00000, 0x0000000082b00000, 0x0000000082c00000|  0%| F|  |TAMS 0x0000000082b00000, 0x0000000082b00000| Untracked 
|  44|0x0000000082c00000, 0x0000000082c00000, 0x0000000082d00000|  0%| F|  |TAMS 0x0000000082c00000, 0x0000000082c00000| Untracked 
|  45|0x0000000082d00000, 0x0000000082d00000, 0x0000000082e00000|  0%| F|  |TAMS 0x0000000082d00000, 0x0000000082d00000| Untracked 
|  46|0x0000000082e00000, 0x0000000082e00000, 0x0000000082f00000|  0%| F|  |TAMS 0x0000000082e00000, 0x0000000082e00000| Untracked 
|  47|0x0000000082f00000, 0x0000000082f00000, 0x0000000083000000|  0%| F|  |TAMS 0x0000000082f00000, 0x0000000082f00000| Untracked 
|  48|0x0000000083000000, 0x0000000083000000, 0x0000000083100000|  0%| F|  |TAMS 0x0000000083000000, 0x0000000083000000| Untracked 
|  49|0x0000000083100000, 0x0000000083100000, 0x0000000083200000|  0%| F|  |TAMS 0x0000000083100000, 0x0000000083100000| Untracked 
|  50|0x0000000083200000, 0x0000000083200000, 0x0000000083300000|  0%| F|  |TAMS 0x0000000083200000, 0x0000000083200000| Untracked 
|  51|0x0000000083300000, 0x0000000083300000, 0x0000000083400000|  0%| F|  |TAMS 0x0000000083300000, 0x0000000083300000| Untracked 
|  52|0x0000000083400000, 0x0000000083400000, 0x0000000083500000|  0%| F|  |TAMS 0x0000000083400000, 0x0000000083400000| Untracked 
|  53|0x0000000083500000, 0x00000000835a84c0, 0x0000000083600000| 65%| S|CS|TAMS 0x0000000083500000, 0x0000000083500000| Complete 
|  54|0x0000000083600000, 0x0000000083700000, 0x0000000083700000|100%| S|CS|TAMS 0x0000000083600000, 0x0000000083600000| Complete 
|  55|0x0000000083700000, 0x0000000083800000, 0x0000000083800000|100%| S|CS|TAMS 0x0000000083700000, 0x0000000083700000| Complete 
|  56|0x0000000083800000, 0x0000000083900000, 0x0000000083900000|100%| E|  |TAMS 0x0000000083800000, 0x0000000083800000| Complete 
|  57|0x0000000083900000, 0x0000000083a00000, 0x0000000083a00000|100%| E|CS|TAMS 0x0000000083900000, 0x0000000083900000| Complete 
|  58|0x0000000083a00000, 0x0000000083b00000, 0x0000000083b00000|100%| E|CS|TAMS 0x0000000083a00000, 0x0000000083a00000| Complete 
|  59|0x0000000083b00000, 0x0000000083c00000, 0x0000000083c00000|100%| E|CS|TAMS 0x0000000083b00000, 0x0000000083b00000| Complete 
|  60|0x0000000083c00000, 0x0000000083d00000, 0x0000000083d00000|100%| E|CS|TAMS 0x0000000083c00000, 0x0000000083c00000| Complete 
|  61|0x0000000083d00000, 0x0000000083e00000, 0x0000000083e00000|100%| E|CS|TAMS 0x0000000083d00000, 0x0000000083d00000| Complete 
|  62|0x0000000083e00000, 0x0000000083f00000, 0x0000000083f00000|100%| E|CS|TAMS 0x0000000083e00000, 0x0000000083e00000| Complete 
|  63|0x0000000083f00000, 0x0000000084000000, 0x0000000084000000|100%| E|CS|TAMS 0x0000000083f00000, 0x0000000083f00000| Complete 
|  64|0x0000000084000000, 0x0000000084100000, 0x0000000084100000|100%| E|CS|TAMS 0x0000000084000000, 0x0000000084000000| Complete 
|  65|0x0000000084100000, 0x0000000084200000, 0x0000000084200000|100%| E|CS|TAMS 0x0000000084100000, 0x0000000084100000| Complete 
|  66|0x0000000084200000, 0x0000000084300000, 0x0000000084300000|100%| E|CS|TAMS 0x0000000084200000, 0x0000000084200000| Complete 
|  67|0x0000000084300000, 0x0000000084400000, 0x0000000084400000|100%| E|CS|TAMS 0x0000000084300000, 0x0000000084300000| Complete 
|  68|0x0000000084400000, 0x0000000084500000, 0x0000000084500000|100%| E|CS|TAMS 0x0000000084400000, 0x0000000084400000| Complete 
|  69|0x0000000084500000, 0x0000000084600000, 0x0000000084600000|100%| E|CS|TAMS 0x0000000084500000, 0x0000000084500000| Complete 
|  70|0x0000000084600000, 0x0000000084700000, 0x0000000084700000|100%| E|CS|TAMS 0x0000000084600000, 0x0000000084600000| Complete 
|  71|0x0000000084700000, 0x0000000084800000, 0x0000000084800000|100%| E|CS|TAMS 0x0000000084700000, 0x0000000084700000| Complete 
|  72|0x0000000084800000, 0x0000000084900000, 0x0000000084900000|100%| E|CS|TAMS 0x0000000084800000, 0x0000000084800000| Complete 
|  73|0x0000000084900000, 0x0000000084a00000, 0x0000000084a00000|100%| E|CS|TAMS 0x0000000084900000, 0x0000000084900000| Complete 
|  74|0x0000000084a00000, 0x0000000084b00000, 0x0000000084b00000|100%| E|CS|TAMS 0x0000000084a00000, 0x0000000084a00000| Complete 
|  75|0x0000000084b00000, 0x0000000084c00000, 0x0000000084c00000|100%| E|CS|TAMS 0x0000000084b00000, 0x0000000084b00000| Complete 
|  76|0x0000000084c00000, 0x0000000084d00000, 0x0000000084d00000|100%| E|CS|TAMS 0x0000000084c00000, 0x0000000084c00000| Complete 
|  77|0x0000000084d00000, 0x0000000084e00000, 0x0000000084e00000|100%| E|CS|TAMS 0x0000000084d00000, 0x0000000084d00000| Complete 
|  78|0x0000000084e00000, 0x0000000084f00000, 0x0000000084f00000|100%| E|CS|TAMS 0x0000000084e00000, 0x0000000084e00000| Complete 
|  79|0x0000000084f00000, 0x0000000085000000, 0x0000000085000000|100%| E|CS|TAMS 0x0000000084f00000, 0x0000000084f00000| Complete 
|  80|0x0000000085000000, 0x0000000085100000, 0x0000000085100000|100%| E|CS|TAMS 0x0000000085000000, 0x0000000085000000| Complete 
|  81|0x0000000085100000, 0x0000000085200000, 0x0000000085200000|100%| E|CS|TAMS 0x0000000085100000, 0x0000000085100000| Complete 
|  82|0x0000000085200000, 0x0000000085300000, 0x0000000085300000|100%| E|CS|TAMS 0x0000000085200000, 0x0000000085200000| Complete 
|  93|0x0000000085d00000, 0x0000000085e00000, 0x0000000085e00000|100%| E|CS|TAMS 0x0000000085d00000, 0x0000000085d00000| Complete 

Card table byte_map: [0x00000272f2820000,0x00000272f2c20000] _byte_map_base: 0x00000272f2420000

Marking Bits (Prev, Next): (CMBitMap*) 0x00000272ec8028e0, (CMBitMap*) 0x00000272ec8028a0
 Prev Bits: [0x00000272f5020000, 0x00000272f7020000)
 Next Bits: [0x00000272f3020000, 0x00000272f5020000)

Polling page: 0x00000272ec860000

Metaspace:

Usage:
  Non-class:     53.40 MB used.
      Class:      8.38 MB used.
       Both:     61.78 MB used.

Virtual space:
  Non-class space:       64.00 MB reserved,      53.62 MB ( 84%) committed,  1 nodes.
      Class space:        1.00 GB reserved,       8.62 MB ( <1%) committed,  1 nodes.
             Both:        1.06 GB reserved,      62.25 MB (  6%) committed. 

Chunk freelists:
   Non-Class:  9.50 MB
       Class:  7.39 MB
        Both:  16.89 MB

MaxMetaspaceSize: unlimited
CompressedClassSpaceSize: 1.00 GB
Initial GC threshold: 21.00 MB
Current GC threshold: 98.56 MB
CDS: off
MetaspaceReclaimPolicy: balanced
 - commit_granule_bytes: 65536.
 - commit_granule_words: 8192.
 - virtual_space_node_default_size: 8388608.
 - enlarge_chunks_in_place: 1.
 - new_chunks_are_fully_committed: 0.
 - uncommit_free_chunks: 1.
 - use_allocation_guard: 0.
 - handle_deallocations: 1.


Internal statistics:

num_allocs_failed_limit: 9.
num_arena_births: 656.
num_arena_deaths: 0.
num_vsnodes_births: 2.
num_vsnodes_deaths: 0.
num_space_committed: 996.
num_space_uncommitted: 0.
num_chunks_returned_to_freelist: 9.
num_chunks_taken_from_freelist: 2724.
num_chunk_merges: 9.
num_chunk_splits: 1873.
num_chunks_enlarged: 1335.
num_inconsistent_stats: 0.

CodeHeap 'non-profiled nmethods': size=119168Kb used=2509Kb max_used=2509Kb free=116659Kb
 bounds [0x0000027287ba0000, 0x0000027287e20000, 0x000002728f000000]
CodeHeap 'profiled nmethods': size=119104Kb used=12581Kb max_used=12581Kb free=106523Kb
 bounds [0x0000027280000000, 0x0000027280c50000, 0x0000027287450000]
CodeHeap 'non-nmethods': size=7488Kb used=2764Kb max_used=2796Kb free=4723Kb
 bounds [0x0000027287450000, 0x0000027287720000, 0x0000027287ba0000]
 total_blobs=6511 nmethods=5799 adapters=622
 compilation: enabled
              stopped_count=0, restarted_count=0
 full_count=0

Compilation events (20 events):
Event: 8.224 Thread 0x00000272fa24dc00 5915       3       org.gradle.internal.deprecation.DeprecationLogger::maybeEnable (24 bytes)
Event: 8.224 Thread 0x00000272fa2fc8e0 5914       3       org.gradle.internal.deprecation.DeprecationLogger::disable (24 bytes)
Event: 8.225 Thread 0x00000272fa24dc00 nmethod 5915 0x0000027280c3b290 code [0x0000027280c3b480, 0x0000027280c3ba58]
Event: 8.225 Thread 0x00000272fa2fc8e0 nmethod 5914 0x0000027280c3bc10 code [0x0000027280c3be00, 0x0000027280c3c3d8]
Event: 8.230 Thread 0x00000272fa24dc00 5916       3       java.util.concurrent.ConcurrentHashMap$ValuesView::iterator (34 bytes)
Event: 8.230 Thread 0x00000272ff3c45a0 5917       3       java.util.concurrent.ConcurrentHashMap$ValueIterator::<init> (12 bytes)
Event: 8.231 Thread 0x00000272fa24dc00 nmethod 5916 0x0000027280c3c590 code [0x0000027280c3c740, 0x0000027280c3c968]
Event: 8.231 Thread 0x00000272ff3c45a0 nmethod 5917 0x0000027280c3ca90 code [0x0000027280c3cc20, 0x0000027280c3cd68]
Event: 8.238 Thread 0x00000272fa24dc00 5918       3       org.gradle.api.internal.artifacts.repositories.resolver.AbstractResourcePattern::isOptionalToken (153 bytes)
Event: 8.239 Thread 0x00000272fa2fc8e0 5919       3       org.gradle.internal.logging.events.OutputEvent::<init> (5 bytes)
Event: 8.239 Thread 0x00000272fa2fc8e0 nmethod 5919 0x0000027280c3ce10 code [0x0000027280c3cfa0, 0x0000027280c3d0f8]
Event: 8.240 Thread 0x00000272fa24dc00 nmethod 5918 0x0000027280c3d190 code [0x0000027280c3d480, 0x0000027280c3e4a8]
Event: 8.243 Thread 0x00000272fa24dc00 5920       3       com.google.common.collect.ImmutableSet$Builder::add (31 bytes)
Event: 8.244 Thread 0x00000272fa24dc00 nmethod 5920 0x0000027280c3eb90 code [0x0000027280c3eda0, 0x0000027280c3f3d8]
Event: 8.263 Thread 0x00000272fa2fc8e0 5921       2       java.util.regex.Pattern::compile (500 bytes)
Event: 8.263 Thread 0x00000272ff3c45a0 5922       3       java.util.regex.Pattern::range (294 bytes)
Event: 8.265 Thread 0x00000272fa2fc8e0 nmethod 5921 0x0000027280c3f610 code [0x0000027280c3f940, 0x0000027280c40e48]
Event: 8.265 Thread 0x00000272ff3c45a0 nmethod 5922 0x0000027280c41490 code [0x0000027280c418c0, 0x0000027280c43118]
Event: 8.320 Thread 0x00000272ff3c45a0 5924   !   3       org.gradle.cache.internal.LockOnDemandCrossProcessCacheAccess::decrementLockCount (86 bytes)
Event: 8.320 Thread 0x00000272ff3c45a0 nmethod 5924 0x0000027280c43990 code [0x0000027280c43ba0, 0x0000027280c44148]

GC Heap History (20 events):
Event: 3.503 GC heap before
{Heap before GC invocations=4 (full 0):
 garbage-first heap   total 71680K, used 54601K [0x0000000080000000, 0x0000000100000000)
  region size 1024K, 42 young (43008K), 7 survivors (7168K)
 Metaspace       used 26824K, committed 27072K, reserved 1114112K
  class space    used 3458K, committed 3584K, reserved 1048576K
}
Event: 3.510 GC heap after
{Heap after GC invocations=5 (full 0):
 garbage-first heap   total 71680K, used 21473K [0x0000000080000000, 0x0000000100000000)
  region size 1024K, 2 young (2048K), 2 survivors (2048K)
 Metaspace       used 26824K, committed 27072K, reserved 1114112K
  class space    used 3458K, committed 3584K, reserved 1048576K
}
Event: 4.021 GC heap before
{Heap before GC invocations=5 (full 0):
 garbage-first heap   total 71680K, used 49121K [0x0000000080000000, 0x0000000100000000)
  region size 1024K, 30 young (30720K), 2 survivors (2048K)
 Metaspace       used 30802K, committed 31104K, reserved 1114112K
  class space    used 4092K, committed 4224K, reserved 1048576K
}
Event: 4.026 GC heap after
{Heap after GC invocations=6 (full 0):
 garbage-first heap   total 71680K, used 23001K [0x0000000080000000, 0x0000000100000000)
  region size 1024K, 4 young (4096K), 4 survivors (4096K)
 Metaspace       used 30802K, committed 31104K, reserved 1114112K
  class space    used 4092K, committed 4224K, reserved 1048576K
}
Event: 4.602 GC heap before
{Heap before GC invocations=6 (full 0):
 garbage-first heap   total 71680K, used 51673K [0x0000000080000000, 0x0000000100000000)
  region size 1024K, 32 young (32768K), 4 survivors (4096K)
 Metaspace       used 34240K, committed 34560K, reserved 1114112K
  class space    used 4662K, committed 4800K, reserved 1048576K
}
Event: 4.606 GC heap after
{Heap after GC invocations=7 (full 0):
 garbage-first heap   total 71680K, used 24350K [0x0000000080000000, 0x0000000100000000)
  region size 1024K, 3 young (3072K), 3 survivors (3072K)
 Metaspace       used 34240K, committed 34560K, reserved 1114112K
  class space    used 4662K, committed 4800K, reserved 1048576K
}
Event: 4.731 GC heap before
{Heap before GC invocations=7 (full 0):
 garbage-first heap   total 71680K, used 30494K [0x0000000080000000, 0x0000000100000000)
  region size 1024K, 11 young (11264K), 3 survivors (3072K)
 Metaspace       used 35681K, committed 35968K, reserved 1114112K
  class space    used 4848K, committed 4992K, reserved 1048576K
}
Event: 4.735 GC heap after
{Heap after GC invocations=8 (full 0):
 garbage-first heap   total 71680K, used 24471K [0x0000000080000000, 0x0000000100000000)
  region size 1024K, 2 young (2048K), 2 survivors (2048K)
 Metaspace       used 35681K, committed 35968K, reserved 1114112K
  class space    used 4848K, committed 4992K, reserved 1048576K
}
Event: 5.212 GC heap before
{Heap before GC invocations=9 (full 0):
 garbage-first heap   total 71680K, used 53143K [0x0000000080000000, 0x0000000100000000)
  region size 1024K, 31 young (31744K), 2 survivors (2048K)
 Metaspace       used 41117K, committed 41472K, reserved 1114112K
  class space    used 5419K, committed 5568K, reserved 1048576K
}
Event: 5.218 GC heap after
{Heap after GC invocations=10 (full 0):
 garbage-first heap   total 71680K, used 28450K [0x0000000080000000, 0x0000000100000000)
  region size 1024K, 4 young (4096K), 4 survivors (4096K)
 Metaspace       used 41117K, committed 41472K, reserved 1114112K
  class space    used 5419K, committed 5568K, reserved 1048576K
}
Event: 5.470 GC heap before
{Heap before GC invocations=10 (full 0):
 garbage-first heap   total 71680K, used 55074K [0x0000000080000000, 0x0000000100000000)
  region size 1024K, 30 young (30720K), 4 survivors (4096K)
 Metaspace       used 42091K, committed 42496K, reserved 1114112K
  class space    used 5585K, committed 5760K, reserved 1048576K
}
Event: 5.476 GC heap after
{Heap after GC invocations=11 (full 0):
 garbage-first heap   total 86016K, used 30393K [0x0000000080000000, 0x0000000100000000)
  region size 1024K, 2 young (2048K), 2 survivors (2048K)
 Metaspace       used 42091K, committed 42496K, reserved 1114112K
  class space    used 5585K, committed 5760K, reserved 1048576K
}
Event: 6.408 GC heap before
{Heap before GC invocations=11 (full 0):
 garbage-first heap   total 86016K, used 67257K [0x0000000080000000, 0x0000000100000000)
  region size 1024K, 36 young (36864K), 2 survivors (2048K)
 Metaspace       used 46780K, committed 47168K, reserved 1114112K
  class space    used 6257K, committed 6400K, reserved 1048576K
}
Event: 6.414 GC heap after
{Heap after GC invocations=12 (full 0):
 garbage-first heap   total 86016K, used 32890K [0x0000000080000000, 0x0000000100000000)
  region size 1024K, 5 young (5120K), 5 survivors (5120K)
 Metaspace       used 46780K, committed 47168K, reserved 1114112K
  class space    used 6257K, committed 6400K, reserved 1048576K
}
Event: 7.048 GC heap before
{Heap before GC invocations=12 (full 0):
 garbage-first heap   total 86016K, used 65658K [0x0000000080000000, 0x0000000100000000)
  region size 1024K, 37 young (37888K), 5 survivors (5120K)
 Metaspace       used 51749K, committed 52160K, reserved 1114112K
  class space    used 7023K, committed 7232K, reserved 1048576K
}
Event: 7.054 GC heap after
{Heap after GC invocations=13 (full 0):
 garbage-first heap   total 86016K, used 34177K [0x0000000080000000, 0x0000000100000000)
  region size 1024K, 4 young (4096K), 4 survivors (4096K)
 Metaspace       used 51749K, committed 52160K, reserved 1114112K
  class space    used 7023K, committed 7232K, reserved 1048576K
}
Event: 7.420 GC heap before
{Heap before GC invocations=13 (full 0):
 garbage-first heap   total 86016K, used 66945K [0x0000000080000000, 0x0000000100000000)
  region size 1024K, 36 young (36864K), 4 survivors (4096K)
 Metaspace       used 57302K, committed 57792K, reserved 1114112K
  class space    used 7688K, committed 7872K, reserved 1048576K
}
Event: 7.426 GC heap after
{Heap after GC invocations=14 (full 0):
 garbage-first heap   total 86016K, used 37357K [0x0000000080000000, 0x0000000100000000)
  region size 1024K, 5 young (5120K), 5 survivors (5120K)
 Metaspace       used 57302K, committed 57792K, reserved 1114112K
  class space    used 7688K, committed 7872K, reserved 1048576K
}
Event: 7.821 GC heap before
{Heap before GC invocations=14 (full 0):
 garbage-first heap   total 86016K, used 65005K [0x0000000080000000, 0x0000000100000000)
  region size 1024K, 33 young (33792K), 5 survivors (5120K)
 Metaspace       used 59853K, committed 60288K, reserved 1114112K
  class space    used 8022K, committed 8192K, reserved 1048576K
}
Event: 7.827 GC heap after
{Heap after GC invocations=15 (full 0):
 garbage-first heap   total 86016K, used 38664K [0x0000000080000000, 0x0000000100000000)
  region size 1024K, 3 young (3072K), 3 survivors (3072K)
 Metaspace       used 59853K, committed 60288K, reserved 1114112K
  class space    used 8022K, committed 8192K, reserved 1048576K
}

Dll operation events (3 events):
Event: 0.014 Loaded shared library C:\Program Files\Android\Android Studio\jbr\bin\java.dll
Event: 0.205 Loaded shared library C:\Program Files\Android\Android Studio\jbr\bin\zip.dll
Event: 0.577 Loaded shared library C:\Program Files\Android\Android Studio\jbr\bin\verify.dll

Deoptimization events (20 events):
Event: 7.833 Thread 0x00000272fa3e53d0 DEOPT PACKING pc=0x0000027287d9ecb8 sp=0x0000007b5f4f82d0
Event: 7.833 Thread 0x00000272fa3e53d0 DEOPT UNPACKING pc=0x00000272874a69a3 sp=0x0000007b5f4f8210 mode 2
Event: 7.963 Thread 0x00000272fa3e53d0 Uncommon trap: trap_request=0xffffff45 fr.pc=0x0000027287d1aee8 relative=0x00000000000000e8
Event: 7.963 Thread 0x00000272fa3e53d0 Uncommon trap: reason=unstable_if action=reinterpret pc=0x0000027287d1aee8 method=org.objectweb.asm.ByteVector.putShort(I)Lorg/objectweb/asm/ByteVector; @ 13 c2
Event: 7.963 Thread 0x00000272fa3e53d0 DEOPT PACKING pc=0x0000027287d1aee8 sp=0x0000007b5f4f87b0
Event: 7.963 Thread 0x00000272fa3e53d0 DEOPT UNPACKING pc=0x00000272874a69a3 sp=0x0000007b5f4f8748 mode 2
Event: 8.003 Thread 0x00000272fa3e53d0 DEOPT PACKING pc=0x00000272808c2e51 sp=0x0000007b5f4f4a90
Event: 8.003 Thread 0x00000272fa3e53d0 DEOPT UNPACKING pc=0x00000272874a7143 sp=0x0000007b5f4f3f88 mode 0
Event: 8.142 Thread 0x00000272fa3e53d0 Uncommon trap: trap_request=0xffffff3d fr.pc=0x0000027287e061dc relative=0x0000000000000cbc
Event: 8.142 Thread 0x00000272fa3e53d0 Uncommon trap: reason=unstable_fused_if action=reinterpret pc=0x0000027287e061dc method=org.objectweb.asm.ByteVector.putUTF8(Ljava/lang/String;)Lorg/objectweb/asm/ByteVector; @ 93 c2
Event: 8.142 Thread 0x00000272fa3e53d0 DEOPT PACKING pc=0x0000027287e061dc sp=0x0000007b5f4f8730
Event: 8.142 Thread 0x00000272fa3e53d0 DEOPT UNPACKING pc=0x00000272874a69a3 sp=0x0000007b5f4f8688 mode 2
Event: 8.219 Thread 0x00000272fa3e53d0 Uncommon trap: trap_request=0xffffffc6 fr.pc=0x0000027287cfdb60 relative=0x0000000000000220
Event: 8.219 Thread 0x00000272fa3e53d0 Uncommon trap: reason=bimorphic_or_optimized_type_check action=maybe_recompile pc=0x0000027287cfdb60 method=com.google.common.base.CharMatcher.indexIn(Ljava/lang/CharSequence;I)I @ 31 c2
Event: 8.219 Thread 0x00000272fa3e53d0 DEOPT PACKING pc=0x0000027287cfdb60 sp=0x0000007b5f4f9150
Event: 8.219 Thread 0x00000272fa3e53d0 DEOPT UNPACKING pc=0x00000272874a69a3 sp=0x0000007b5f4f90f8 mode 2
Event: 8.227 Thread 0x00000272fa3e53d0 Uncommon trap: trap_request=0xffffffc6 fr.pc=0x0000027287cfdb60 relative=0x0000000000000220
Event: 8.227 Thread 0x00000272fa3e53d0 Uncommon trap: reason=bimorphic_or_optimized_type_check action=maybe_recompile pc=0x0000027287cfdb60 method=com.google.common.base.CharMatcher.indexIn(Ljava/lang/CharSequence;I)I @ 31 c2
Event: 8.227 Thread 0x00000272fa3e53d0 DEOPT PACKING pc=0x0000027287cfdb60 sp=0x0000007b5f4f8a50
Event: 8.227 Thread 0x00000272fa3e53d0 DEOPT UNPACKING pc=0x00000272874a69a3 sp=0x0000007b5f4f89f8 mode 2

Classes unloaded (0 events):
No events

Classes redefined (0 events):
No events

Internal exceptions (20 events):
Event: 7.685 Thread 0x00000272fa3e53d0 Exception <a 'sun/nio/fs/WindowsException'{0x0000000084117ce8}> (0x0000000084117ce8) 
thrown [s\src\hotspot\share\prims\jni.cpp, line 517]
Event: 7.688 Thread 0x00000272fa3e53d0 Exception <a 'sun/nio/fs/WindowsException'{0x0000000084120c28}> (0x0000000084120c28) 
thrown [s\src\hotspot\share\prims\jni.cpp, line 517]
Event: 7.691 Thread 0x00000272fa3e53d0 Exception <a 'sun/nio/fs/WindowsException'{0x0000000084125f88}> (0x0000000084125f88) 
thrown [s\src\hotspot\share\prims\jni.cpp, line 517]
Event: 7.693 Thread 0x00000272fa3e53d0 Exception <a 'sun/nio/fs/WindowsException'{0x000000008412b380}> (0x000000008412b380) 
thrown [s\src\hotspot\share\prims\jni.cpp, line 517]
Event: 7.696 Thread 0x00000272fa3e53d0 Exception <a 'sun/nio/fs/WindowsException'{0x000000008413f968}> (0x000000008413f968) 
thrown [s\src\hotspot\share\prims\jni.cpp, line 517]
Event: 7.830 Thread 0x00000272fa3e3570 Exception <a 'java/lang/NoSuchMethodError'{0x0000000085d950f8}: static Lorg/gradle/internal/build/event/types/DefaultOperationStartedProgressEvent;.<clinit>()V> (0x0000000085d950f8) 
thrown [s\src\hotspot\share\prims\jni.cpp, line 1108]
Event: 7.830 Thread 0x00000272fa3e3570 Exception <a 'java/lang/NoSuchMethodError'{0x0000000085d97ac0}: static Lorg/gradle/internal/build/event/types/AbstractProgressEvent;.<clinit>()V> (0x0000000085d97ac0) 
thrown [s\src\hotspot\share\prims\jni.cpp, line 1108]
Event: 7.832 Thread 0x00000272fa3e3570 Exception <a 'java/lang/NoSuchMethodError'{0x0000000085dac980}: static Lorg/gradle/internal/build/event/types/DefaultProjectConfigurationDescriptor;.<clinit>()V> (0x0000000085dac980) 
thrown [s\src\hotspot\share\prims\jni.cpp, line 1108]
Event: 7.833 Thread 0x00000272fa3e3570 Exception <a 'java/lang/NoSuchMethodError'{0x0000000085daf608}: static Lorg/gradle/internal/build/event/types/DefaultOperationDescriptor;.<clinit>()V> (0x0000000085daf608) 
thrown [s\src\hotspot\share\prims\jni.cpp, line 1108]
Event: 7.835 Thread 0x00000272fa3e3570 Exception <a 'java/lang/NoSuchMethodError'{0x0000000085dca9e8}: static Lorg/gradle/internal/operations/OperationIdentifier;.<clinit>()V> (0x0000000085dca9e8) 
thrown [s\src\hotspot\share\prims\jni.cpp, line 1108]
Event: 7.941 Thread 0x00000272fa3e53d0 Exception <a 'java/lang/NoSuchMethodError'{0x0000000084c9c250}: 'long java.lang.invoke.DirectMethodHandle$Holder.invokeStatic(java.lang.Object, long)'> (0x0000000084c9c250) 
thrown [s\src\hotspot\share\interpreter\linkResolver.cpp, line 771]
Event: 8.169 Thread 0x00000272fa3e53d0 Exception <a 'java/lang/NoSuchMethodError'{0x00000000840a5170}: static Lorg/gradle/api/internal/catalog/DefaultVersionCatalog;.<clinit>()V> (0x00000000840a5170) 
thrown [s\src\hotspot\share\prims\jni.cpp, line 1108]
Event: 8.175 Thread 0x00000272fa3e53d0 Exception <a 'java/lang/NoSuchMethodError'{0x00000000840f33b0}: static [Ljava/lang/Object;.<clinit>()V> (0x00000000840f33b0) 
thrown [s\src\hotspot\share\prims\jni.cpp, line 1108]
Event: 8.178 Thread 0x00000272fa3e53d0 Exception <a 'java/lang/NoSuchMethodError'{0x0000000083f18b50}: static Lorg/gradle/api/internal/catalog/DependencyModel;.<clinit>()V> (0x0000000083f18b50) 
thrown [s\src\hotspot\share\prims\jni.cpp, line 1108]
Event: 8.178 Thread 0x00000272fa3e53d0 Exception <a 'java/lang/NoSuchMethodError'{0x0000000083f1c2a0}: static Lorg/gradle/api/internal/catalog/AbstractContextAwareModel;.<clinit>()V> (0x0000000083f1c2a0) 
thrown [s\src\hotspot\share\prims\jni.cpp, line 1108]
Event: 8.180 Thread 0x00000272fa3e53d0 Exception <a 'java/lang/NoSuchMethodError'{0x0000000083f33c10}: static Lorg/gradle/api/internal/artifacts/dependencies/AbstractVersionConstraint;.<clinit>()V> (0x0000000083f33c10) 
thrown [s\src\hotspot\share\prims\jni.cpp, line 1108]
Event: 8.191 Thread 0x00000272fa3e53d0 Exception <a 'java/lang/NoSuchMethodError'{0x0000000083fde290}: static Lorg/gradle/api/internal/catalog/PluginModel;.<clinit>()V> (0x0000000083fde290) 
thrown [s\src\hotspot\share\prims\jni.cpp, line 1108]
Event: 8.194 Thread 0x00000272fa3e53d0 Exception <a 'java/lang/NoSuchMethodError'{0x0000000083ff3620}: static Lorg/gradle/api/internal/catalog/VersionModel;.<clinit>()V> (0x0000000083ff3620) 
thrown [s\src\hotspot\share\prims\jni.cpp, line 1108]
Event: 8.197 Thread 0x00000272fa3e53d0 Exception <a 'java/lang/NoSuchMethodError'{0x0000000083e17490}: 'void java.lang.invoke.DirectMethodHandle$Holder.invokeSpecial(java.lang.Object, java.lang.Object, java.lang.Object, int)'> (0x0000000083e17490) 
thrown [s\src\hotspot\share\interpreter\linkResolver.cpp, line 771]
Event: 8.294 Thread 0x00000272fa3e53d0 Exception <a 'java/lang/NoSuchMethodError'{0x0000000083bdeb30}: 'int java.lang.invoke.DirectMethodHandle$Holder.invokeSpecialIFC(java.lang.Object, java.lang.Object, java.lang.Object)'> (0x0000000083bdeb30) 
thrown [s\src\hotspot\share\interpreter\linkResolver.cpp, line 771]

VM Operations (20 events):
Event: 7.583 Executing VM operation: HandshakeAllThreads
Event: 7.583 Executing VM operation: HandshakeAllThreads done
Event: 7.592 Executing VM operation: ICBufferFull
Event: 7.592 Executing VM operation: ICBufferFull done
Event: 7.621 Executing VM operation: HandshakeAllThreads
Event: 7.621 Executing VM operation: HandshakeAllThreads done
Event: 7.671 Executing VM operation: ICBufferFull
Event: 7.671 Executing VM operation: ICBufferFull done
Event: 7.677 Executing VM operation: HandshakeAllThreads
Event: 7.677 Executing VM operation: HandshakeAllThreads done
Event: 7.810 Executing VM operation: ICBufferFull
Event: 7.810 Executing VM operation: ICBufferFull done
Event: 7.821 Executing VM operation: CollectForMetadataAllocation
Event: 7.827 Executing VM operation: CollectForMetadataAllocation done
Event: 7.844 Executing VM operation: G1PauseRemark
Event: 7.846 Executing VM operation: G1PauseRemark done
Event: 7.853 Executing VM operation: G1PauseCleanup
Event: 7.853 Executing VM operation: G1PauseCleanup done
Event: 8.171 Executing VM operation: HandshakeAllThreads
Event: 8.171 Executing VM operation: HandshakeAllThreads done

Events (20 events):
Event: 8.202 loading class sun/util/logging/PlatformLogger$ConfigurableBridge$LoggerConfiguration done
Event: 8.202 loading class sun/util/logging/internal/LoggingProviderImpl$JULWrapper done
Event: 8.202 loading class java/io/ObjectInputFilter
Event: 8.202 loading class java/io/ObjectInputFilter done
Event: 8.202 loading class java/io/ObjectInputFilter$Config$BuiltinFilterFactory
Event: 8.202 loading class java/io/ObjectInputFilter$Config$BuiltinFilterFactory done
Event: 8.202 loading class jdk/internal/access/JavaObjectInputFilterAccess
Event: 8.203 loading class jdk/internal/access/JavaObjectInputFilterAccess done
Event: 8.203 loading class java/lang/System$Logger$Level
Event: 8.203 loading class java/lang/System$Logger$Level done
Event: 8.203 loading class jdk/internal/event/DeserializationEvent
Event: 8.203 loading class jdk/internal/event/DeserializationEvent done
Event: 8.203 loading class java/io/ObjectInputStream$FieldValues
Event: 8.204 loading class java/io/ObjectInputStream$GetField
Event: 8.204 loading class java/io/ObjectInputStream$GetField done
Event: 8.204 loading class java/io/ObjectInputStream$FieldValues done
Event: 8.210 loading class sun/reflect/ReflectionFactory
Event: 8.210 loading class sun/reflect/ReflectionFactory done
Event: 8.210 loading class sun/reflect/ReflectionFactory$1
Event: 8.210 loading class sun/reflect/ReflectionFactory$1 done


Dynamic libraries:
0x00007ff705f70000 - 0x00007ff705f7a000 	C:\Program Files\Android\Android Studio\jbr\bin\java.exe
0x00007ffd69890000 - 0x00007ffd69a88000 	C:\Windows\SYSTEM32\ntdll.dll
0x00007ffd691e0000 - 0x00007ffd6929d000 	C:\Windows\System32\KERNEL32.DLL
0x00007ffd672a0000 - 0x00007ffd67596000 	C:\Windows\System32\KERNELBASE.dll
0x00007ffd67770000 - 0x00007ffd67870000 	C:\Windows\System32\ucrtbase.dll
0x00007ffd58e60000 - 0x00007ffd58e77000 	C:\Program Files\Android\Android Studio\jbr\bin\jli.dll
0x00007ffd58e40000 - 0x00007ffd58e5b000 	C:\Program Files\Android\Android Studio\jbr\bin\VCRUNTIME140.dll
0x00007ffd68f10000 - 0x00007ffd690af000 	C:\Windows\System32\USER32.dll
0x00007ffd671c0000 - 0x00007ffd671e2000 	C:\Windows\System32\win32u.dll
0x00007ffd48790000 - 0x00007ffd48a2a000 	C:\Windows\WinSxS\amd64_microsoft.windows.common-controls_6595b64144ccf1df_6.0.19041.3636_none_60b6a03d71f818d5\COMCTL32.dll
0x00007ffd683f0000 - 0x00007ffd6841b000 	C:\Windows\System32\GDI32.dll
0x00007ffd68e70000 - 0x00007ffd68f0e000 	C:\Windows\System32\msvcrt.dll
0x00007ffd670a0000 - 0x00007ffd671b7000 	C:\Windows\System32\gdi32full.dll
0x00007ffd67640000 - 0x00007ffd676dd000 	C:\Windows\System32\msvcp_win.dll
0x00007ffd69670000 - 0x00007ffd696a2000 	C:\Windows\System32\IMM32.DLL
0x00007ffd58f00000 - 0x00007ffd58f0c000 	C:\Program Files\Android\Android Studio\jbr\bin\vcruntime140_1.dll
0x00007ffd29b60000 - 0x00007ffd29bed000 	C:\Program Files\Android\Android Studio\jbr\bin\msvcp140.dll
0x00007ffd036e0000 - 0x00007ffd04363000 	C:\Program Files\Android\Android Studio\jbr\bin\server\jvm.dll
0x00007ffd694e0000 - 0x00007ffd69590000 	C:\Windows\System32\ADVAPI32.dll
0x00007ffd67970000 - 0x00007ffd67a10000 	C:\Windows\System32\sechost.dll
0x00007ffd68cc0000 - 0x00007ffd68de3000 	C:\Windows\System32\RPCRT4.dll
0x00007ffd67610000 - 0x00007ffd67637000 	C:\Windows\System32\bcrypt.dll
0x00007ffd66480000 - 0x00007ffd664cb000 	C:\Windows\SYSTEM32\POWRPROF.dll
0x00007ffd641d0000 - 0x00007ffd641d9000 	C:\Windows\SYSTEM32\WSOCK32.dll
0x00007ffd5db60000 - 0x00007ffd5db6a000 	C:\Windows\SYSTEM32\VERSION.dll
0x00007ffd64c30000 - 0x00007ffd64c57000 	C:\Windows\SYSTEM32\WINMM.dll
0x00007ffd697e0000 - 0x00007ffd6984b000 	C:\Windows\System32\WS2_32.dll
0x00007ffd66340000 - 0x00007ffd66352000 	C:\Windows\SYSTEM32\UMPDC.dll
0x00007ffd65760000 - 0x00007ffd65772000 	C:\Windows\SYSTEM32\kernel.appcore.dll
0x00007ffd64170000 - 0x00007ffd6417a000 	C:\Program Files\Android\Android Studio\jbr\bin\jimage.dll
0x00007ffd64a40000 - 0x00007ffd64c24000 	C:\Windows\SYSTEM32\DBGHELP.DLL
0x00007ffd64a00000 - 0x00007ffd64a34000 	C:\Windows\SYSTEM32\dbgcore.DLL
0x00007ffd676e0000 - 0x00007ffd67762000 	C:\Windows\System32\bcryptPrimitives.dll
0x00007ffd5e630000 - 0x00007ffd5e63e000 	C:\Program Files\Android\Android Studio\jbr\bin\instrument.dll
0x00007ffd622d0000 - 0x00007ffd622f5000 	C:\Program Files\Android\Android Studio\jbr\bin\java.dll
0x00007ffd5f6b0000 - 0x00007ffd5f6c8000 	C:\Program Files\Android\Android Studio\jbr\bin\zip.dll
0x00007ffd68540000 - 0x00007ffd68cab000 	C:\Windows\System32\SHELL32.dll
0x00007ffd64fb0000 - 0x00007ffd6574e000 	C:\Windows\SYSTEM32\windows.storage.dll
0x00007ffd68090000 - 0x00007ffd683e3000 	C:\Windows\System32\combase.dll
0x00007ffd66970000 - 0x00007ffd6699e000 	C:\Windows\SYSTEM32\Wldp.dll
0x00007ffd69710000 - 0x00007ffd697dd000 	C:\Windows\System32\OLEAUT32.dll
0x00007ffd67fe0000 - 0x00007ffd6808d000 	C:\Windows\System32\SHCORE.dll
0x00007ffd69610000 - 0x00007ffd69665000 	C:\Windows\System32\shlwapi.dll
0x00007ffd66e70000 - 0x00007ffd66e93000 	C:\Windows\SYSTEM32\profapi.dll
0x00007ffd5f360000 - 0x00007ffd5f379000 	C:\Program Files\Android\Android Studio\jbr\bin\net.dll
0x00007ffd5cf40000 - 0x00007ffd5d04a000 	C:\Windows\SYSTEM32\WINHTTP.dll
0x00007ffd666d0000 - 0x00007ffd6673a000 	C:\Windows\system32\mswsock.dll
0x00007ffd5e680000 - 0x00007ffd5e696000 	C:\Program Files\Android\Android Studio\jbr\bin\nio.dll
0x00007ffd5e750000 - 0x00007ffd5e760000 	C:\Program Files\Android\Android Studio\jbr\bin\verify.dll
0x00007ffd36fe0000 - 0x00007ffd37007000 	C:\Users\Admin\.gradle\native\c067742578af261105cb4f569cf0c3c89f3d7b1fecec35dd04571415982c5e48\windows-amd64\native-platform.dll
0x00007ffd06450000 - 0x00007ffd06594000 	C:\Users\Admin\.gradle\native\38dada09dfb8b06ba9b0570ebf7e218e3eb74d4ef43ca46872605cf95ebc2f47\windows-amd64\native-platform-file-events.dll
0x00007ffd622c0000 - 0x00007ffd622c9000 	C:\Program Files\Android\Android Studio\jbr\bin\management.dll
0x00007ffd5f350000 - 0x00007ffd5f35b000 	C:\Program Files\Android\Android Studio\jbr\bin\management_ext.dll
0x00007ffd67a20000 - 0x00007ffd67a28000 	C:\Windows\System32\PSAPI.DLL
0x00007ffd668d0000 - 0x00007ffd668e8000 	C:\Windows\SYSTEM32\CRYPTSP.dll
0x00007ffd65f80000 - 0x00007ffd65fb4000 	C:\Windows\system32\rsaenh.dll
0x00007ffd66e30000 - 0x00007ffd66e5e000 	C:\Windows\SYSTEM32\USERENV.dll
0x00007ffd668c0000 - 0x00007ffd668cc000 	C:\Windows\SYSTEM32\CRYPTBASE.dll
0x00007ffd66360000 - 0x00007ffd6639b000 	C:\Windows\SYSTEM32\IPHLPAPI.DLL
0x00007ffd67a10000 - 0x00007ffd67a18000 	C:\Windows\System32\NSI.dll
0x00007ffd5dbf0000 - 0x00007ffd5dc07000 	C:\Windows\SYSTEM32\dhcpcsvc6.DLL
0x00007ffd5e510000 - 0x00007ffd5e52d000 	C:\Windows\SYSTEM32\dhcpcsvc.DLL
0x00007ffd663a0000 - 0x00007ffd6646b000 	C:\Windows\SYSTEM32\DNSAPI.dll
0x00007ffd5f340000 - 0x00007ffd5f347000 	C:\Windows\system32\wshunix.dll

dbghelp: loaded successfully - version: 4.0.5 - missing functions: none
symbol engine: initialized successfully - sym options: 0x614 - pdb path: .;C:\Program Files\Android\Android Studio\jbr\bin;C:\Windows\SYSTEM32;C:\Windows\WinSxS\amd64_microsoft.windows.common-controls_6595b64144ccf1df_6.0.19041.3636_none_60b6a03d71f818d5;C:\Program Files\Android\Android Studio\jbr\bin\server;C:\Users\Admin\.gradle\native\c067742578af261105cb4f569cf0c3c89f3d7b1fecec35dd04571415982c5e48\windows-amd64;C:\Users\Admin\.gradle\native\38dada09dfb8b06ba9b0570ebf7e218e3eb74d4ef43ca46872605cf95ebc2f47\windows-amd64

VM Arguments:
jvm_args: --add-opens=java.base/java.util=ALL-UNNAMED --add-opens=java.base/java.lang=ALL-UNNAMED --add-opens=java.base/java.lang.invoke=ALL-UNNAMED --add-opens=java.prefs/java.util.prefs=ALL-UNNAMED --add-opens=java.base/java.nio.charset=ALL-UNNAMED --add-opens=java.base/java.net=ALL-UNNAMED --add-opens=java.base/java.util.concurrent.atomic=ALL-UNNAMED -Xmx2048m -Dfile.encoding=UTF-8 -Duser.country=US -Duser.language=en -Duser.variant -javaagent:C:\Users\Admin\.gradle\wrapper\dists\gradle-8.4-bin\1w5dpkrfk8irigvoxmyhowfim\gradle-8.4\lib\agents\gradle-instrumentation-agent-8.4.jar 
java_command: org.gradle.launcher.daemon.bootstrap.GradleDaemon 8.4
java_class_path (initial): C:\Users\Admin\.gradle\wrapper\dists\gradle-8.4-bin\1w5dpkrfk8irigvoxmyhowfim\gradle-8.4\lib\gradle-launcher-8.4.jar
Launcher Type: SUN_STANDARD

[Global flags]
     intx CICompilerCount                          = 12                                        {product} {ergonomic}
     uint ConcGCThreads                            = 3                                         {product} {ergonomic}
     uint G1ConcRefinementThreads                  = 13                                        {product} {ergonomic}
   size_t G1HeapRegionSize                         = 1048576                                   {product} {ergonomic}
    uintx GCDrainStackTargetSize                   = 64                                        {product} {ergonomic}
   size_t InitialHeapSize                          = 98566144                                  {product} {ergonomic}
   size_t MarkStackSize                            = 4194304                                   {product} {ergonomic}
   size_t MaxHeapSize                              = 2147483648                                {product} {command line}
   size_t MaxNewSize                               = 1287651328                                {product} {ergonomic}
   size_t MinHeapDeltaBytes                        = 1048576                                   {product} {ergonomic}
   size_t MinHeapSize                              = 8388608                                   {product} {ergonomic}
    uintx NonNMethodCodeHeapSize                   = 7602480                                {pd product} {ergonomic}
    uintx NonProfiledCodeHeapSize                  = 122027880                              {pd product} {ergonomic}
    uintx ProfiledCodeHeapSize                     = 122027880                              {pd product} {ergonomic}
    uintx ReservedCodeCacheSize                    = 251658240                              {pd product} {ergonomic}
     bool SegmentedCodeCache                       = true                                      {product} {ergonomic}
   size_t SoftMaxHeapSize                          = 2147483648                             {manageable} {ergonomic}
     bool UseCompressedClassPointers               = true                           {product lp64_product} {ergonomic}
     bool UseCompressedOops                        = true                           {product lp64_product} {ergonomic}
     bool UseG1GC                                  = true                                      {product} {ergonomic}
     bool UseLargePagesIndividualAllocation        = false                                  {pd product} {ergonomic}

Logging:
Log output configuration:
 #0: stdout all=warning uptime,level,tags
 #1: stderr all=off uptime,level,tags

Environment Variables:
PATH=C:\Program Files\Common Files\Oracle\Java\javapath;C:\Program Files\Microsoft\jdk-11.0.16.101-hotspot\bin;C:\Windows\system32;C:\Windows;C:\Windows\System32\Wbem;C:\Windows\System32\WindowsPowerShell\v1.0\;C:\Windows\System32\OpenSSH\;C:\Program Files (x86)\Microsoft SQL Server\160\Tools\Binn\;C:\Program Files\Microsoft SQL Server\160\Tools\Binn\;C:\Program Files\Microsoft SQL Server\Client SDK\ODBC\170\Tools\Binn\;C:\Program Files\Microsoft SQL Server\160\DTS\Binn\;C:\Program Files (x86)\Microsoft SQL Server\160\DTS\Binn\;C:\Program Files\Microsoft SQL Server\150\Tools\Binn\;C:\Program Files\Git\cmd;C:\Program Files\dotnet\;C:\Users\Admin\AppData\Local\Microsoft\WindowsApps;C:\Program Files\Azure Data Studio\bin;C:\Program Files\JetBrains\IntelliJ IDEA Community Edition 2023.3.2\bin;;C:\Users\Admin\AppData\Local\GitHubDesktop\bin;C:\Users\Admin\.dotnet\tools;C:\Users\Admin\AppData\Local\Programs\Microsoft VS Code\bin
USERNAME=Admin
OS=Windows_NT
PROCESSOR_IDENTIFIER=AMD64 Family 23 Model 104 Stepping 1, AuthenticAMD
TMP=C:\Users\Admin\AppData\Local\Temp
TEMP=C:\Users\Admin\AppData\Local\Temp



Periodic native trim disabled

JNI global refs:
JNI global refs: 34, weak refs: 10

JNI global refs memory usage: 843, weak refs: 841

OOME stack traces (most recent first):
Classloader memory used:
Loader org.gradle.internal.classloader.VisitableURLClassLoader                         : 3372K
Loader bootstrap                                                                       : 2457K
Loader jdk.internal.loader.ClassLoaders$AppClassLoader                                 : 997K
Loader org.gradle.initialization.MixInLegacyTypesClassLoader                           : 965K
Loader jdk.internal.loader.ClassLoaders$PlatformClassLoader                            : 89958B
Loader jdk.internal.reflect.DelegatingClassLoader                                      : 16623B
Loader org.gradle.internal.classloader.VisitableURLClassLoader                         : 7841B
Loader org.gradle.internal.classloader.VisitableURLClassLoader$InstrumentingVisitableURLClassLoader: 4861B

Classes loaded by more than one classloader:
Class Program                                                                         : loaded 3 times (x 70B)
Class org.gradle.internal.classpath.ClassPath                                         : loaded 2 times (x 68B)
Class org.gradle.api.internal.classpath.DefaultModuleRegistry                         : loaded 2 times (x 84B)
Class Settings_gradle$1$1                                                             : loaded 2 times (x 72B)
Class org.gradle.api.Action                                                           : loaded 2 times (x 68B)
Class org.gradle.api.internal.DefaultClassPathProvider                                : loaded 2 times (x 74B)
Class org.gradle.internal.installation.GradleInstallation$1                           : loaded 2 times (x 73B)
Class org.gradle.internal.classloader.FilteringClassLoader                            : loaded 2 times (x 103B)
Class org.gradle.internal.classpath.DefaultClassPath$ImmutableUniqueList$Builder      : loaded 2 times (x 73B)
Class org.gradle.internal.classloader.ClassLoaderVisitor                              : loaded 2 times (x 74B)
Class org.gradle.internal.service.DefaultServiceLocator                               : loaded 2 times (x 81B)
Class org.gradle.internal.service.UnknownServiceException                             : loaded 2 times (x 81B)
Class org.gradle.internal.classloader.DefaultClassLoaderFactory                       : loaded 2 times (x 80B)
Class org.gradle.internal.classloader.VisitableURLClassLoader$Spec                    : loaded 2 times (x 72B)
Class org.gradle.api.GradleException                                                  : loaded 2 times (x 80B)
Class org.gradle.api.internal.classpath.ModuleRegistry                                : loaded 2 times (x 68B)
Class org.gradle.api.internal.ClassPathProvider                                       : loaded 2 times (x 68B)
Class org.gradle.internal.classloader.ClasspathUtil$1                                 : loaded 2 times (x 74B)
Class org.gradle.internal.classloader.ClassLoaderFactory                              : loaded 2 times (x 68B)
Class org.gradle.api.internal.classpath.ManifestUtil                                  : loaded 2 times (x 69B)
Class org.gradle.api.specs.Spec                                                       : loaded 2 times (x 68B)
Class org.gradle.internal.IoActions                                                   : loaded 2 times (x 69B)
Class org.gradle.api.internal.classpath.EffectiveClassPath                            : loaded 2 times (x 88B)
Class org.gradle.internal.installation.CurrentGradleInstallation                      : loaded 2 times (x 71B)
Class org.gradle.internal.agents.InstrumentingClassLoader                             : loaded 2 times (x 68B)
Class org.gradle.internal.installation.CurrentGradleInstallationLocator               : loaded 2 times (x 69B)
Class org.gradle.api.internal.classpath.Module                                        : loaded 2 times (x 68B)
Class org.gradle.internal.service.CachingServiceLocator                               : loaded 2 times (x 80B)
Class org.gradle.internal.classpath.DefaultClassPath                                  : loaded 2 times (x 88B)
Class org.gradle.internal.classloader.SystemClassLoaderSpec                           : loaded 2 times (x 69B)
Class org.gradle.api.UncheckedIOException                                             : loaded 2 times (x 80B)
Class org.gradle.internal.installation.GradleInstallation                             : loaded 2 times (x 73B)
Class org.gradle.internal.classloader.ClasspathUtil                                   : loaded 2 times (x 69B)
Class org.gradle.api.internal.DefaultClassPathRegistry                                : loaded 2 times (x 74B)
Class org.gradle.api.internal.classpath.DefaultModuleRegistry$DefaultModule           : loaded 2 times (x 84B)
Class org.gradle.api.internal.classpath.UnknownModuleException                        : loaded 2 times (x 80B)
Class org.gradle.internal.service.ServiceLookupException                              : loaded 2 times (x 80B)
Class org.gradle.cache.GlobalCache                                                    : loaded 2 times (x 68B)
Class [Lorg.gradle.api.internal.ClassPathProvider;                                    : loaded 2 times (x 67B)
Class org.gradle.util.internal.GUtil                                                  : loaded 2 times (x 69B)
Class org.gradle.internal.classloader.ClassLoaderSpec                                 : loaded 2 times (x 69B)
Class org.gradle.internal.classloader.VisitableURLClassLoader                         : loaded 2 times (x 115B)
Class org.gradle.internal.Cast                                                        : loaded 2 times (x 69B)
Class org.gradle.api.internal.ClassPathRegistry                                       : loaded 2 times (x 68B)
Class org.gradle.internal.classloader.VisitableURLClassLoader$InstrumentingVisitableURLClassLoader: loaded 2 times (x 121B)
Class org.gradle.internal.classloader.ClassLoaderHierarchy                            : loaded 2 times (x 68B)
Class org.gradle.internal.InternalTransformer                                         : loaded 2 times (x 68B)
Class org.gradle.internal.service.ServiceLocator                                      : loaded 2 times (x 68B)
Class Settings_gradle$1                                                               : loaded 2 times (x 72B)
Class org.gradle.internal.classpath.DefaultClassPath$ImmutableUniqueList              : loaded 2 times (x 159B)
Class org.gradle.internal.classpath.TransformedClassPath                              : loaded 2 times (x 94B)
Class Settings_gradle                                                                 : loaded 2 times (x 126B)


---------------  S Y S T E M  ---------------

OS:
 Windows 10 , 64 bit Build 19041 (10.0.19041.3636)
OS uptime: 2 days 4:44 hours

CPU: total 16 (initial active 16) (16 cores per cpu, 2 threads per core) family 23 model 104 stepping 1 microcode 0x0, cx8, cmov, fxsr, ht, mmx, 3dnowpref, sse, sse2, sse3, ssse3, sse4a, sse4.1, sse4.2, popcnt, lzcnt, tsc, tscinvbit, avx, avx2, aes, clmul, bmi1, bmi2, adx, sha, fma, vzeroupper, clflush, clflushopt
Processor Information for all 16 processors :
  Max Mhz: 1801, Current Mhz: 1801, Mhz Limit: 1801

Memory: 4k page, system-wide physical 5966M (305M free)
TotalPageFile size 10062M (AvailPageFile size 5M)
current process WorkingSet (physical memory assigned to process): 260M, peak: 262M
current process commit charge ("private bytes"): 303M, peak: 306M

vm_info: OpenJDK 64-Bit Server VM (17.0.9+0--11185874) for windows-amd64 JRE (17.0.9+0--11185874), built on Dec  6 2023 18:57:44 by "androidbuild" with MS VC++ 16.10 / 16.11 (VS2019)

END.
