#
# There is insufficient memory for the Java Runtime Environment to continue.
# Native memory allocation (malloc) failed to allocate 758576 bytes for Chunk::new
# Possible reasons:
#   The system is out of physical RAM or swap space
#   The process is running with CompressedOops enabled, and the Java Heap may be blocking the growth of the native heap
# Possible solutions:
#   Reduce memory load on the system
#   Increase physical memory or swap space
#   Check if swap backing store is full
#   Decrease Java heap size (-Xmx/-Xms)
#   Decrease number of Java threads
#   Decrease Java thread stack sizes (-Xss)
#   Set larger code cache with -XX:ReservedCodeCacheSize=
#   JVM is running with Unscaled Compressed Oops mode in which the Java heap is
#     placed in the first 4GB address space. The Java Heap base address is the
#     maximum limit for the native heap growth. Please use -XX:HeapBaseMinAddress
#     to set the Java Heap base and to place the Java Heap above 4GB virtual address.
# This output file may be truncated or incomplete.
#
#  Out of Memory Error (arena.cpp:191), pid=10876, tid=6076
#
# JRE version: OpenJDK Runtime Environment (17.0.9) (build 17.0.9+0--11185874)
# Java VM: OpenJDK 64-Bit Server VM (17.0.9+0--11185874, mixed mode, tiered, compressed oops, compressed class ptrs, g1 gc, windows-amd64)
# No core dump will be written. Minidumps are not enabled by default on client versions of Windows
#

---------------  S U M M A R Y ------------

Command Line: --add-opens=java.base/java.util=ALL-UNNAMED --add-opens=java.base/java.lang=ALL-UNNAMED --add-opens=java.base/java.lang.invoke=ALL-UNNAMED --add-opens=java.prefs/java.util.prefs=ALL-UNNAMED --add-opens=java.base/java.nio.charset=ALL-UNNAMED --add-opens=java.base/java.net=ALL-UNNAMED --add-opens=java.base/java.util.concurrent.atomic=ALL-UNNAMED -Xmx2048m -Dfile.encoding=UTF-8 -Duser.country=US -Duser.language=en -Duser.variant -javaagent:C:\Users\Admin\.gradle\wrapper\dists\gradle-8.4-bin\1w5dpkrfk8irigvoxmyhowfim\gradle-8.4\lib\agents\gradle-instrumentation-agent-8.4.jar org.gradle.launcher.daemon.bootstrap.GradleDaemon 8.4

Host: AMD Ryzen 7 5700U with Radeon Graphics         , 16 cores, 5G,  Windows 10 , 64 bit Build 19041 (10.0.19041.3636)
Time: Tue May  7 00:39:31 2024 SE Asia Standard Time elapsed time: 10.756886 seconds (0d 0h 0m 10s)

---------------  T H R E A D  ---------------

Current thread (0x000001bcb99a1f80):  JavaThread "C2 CompilerThread1" daemon [_thread_in_native, id=6076, stack(0x00000005ce500000,0x00000005ce600000)]


Current CompileTask:
C2:  10756 7495       4       org.gradle.internal.service.DefaultServiceRegistry$ParentServices::getService (11 bytes)

Stack: [0x00000005ce500000,0x00000005ce600000]
Native frames: (J=compiled Java code, j=interpreted, Vv=VM code, C=native code)
V  [jvm.dll+0x6886e9]
V  [jvm.dll+0x841e4a]
V  [jvm.dll+0x843a8e]
V  [jvm.dll+0x8440f3]
V  [jvm.dll+0x24c14f]
V  [jvm.dll+0xac44c]
V  [jvm.dll+0xaca9c]
V  [jvm.dll+0x36c1f7]
V  [jvm.dll+0x33651a]
V  [jvm.dll+0x3359ba]
V  [jvm.dll+0x21ddb1]
V  [jvm.dll+0x21d1d1]
V  [jvm.dll+0x1a674d]
V  [jvm.dll+0x22d088]
V  [jvm.dll+0x22b1c0]
V  [jvm.dll+0x7f62f7]
V  [jvm.dll+0x7f06aa]
V  [jvm.dll+0x687565]
C  [ucrtbase.dll+0x21bb2]
C  [KERNEL32.DLL+0x17344]
C  [ntdll.dll+0x526b1]


---------------  P R O C E S S  ---------------

Threads class SMR info:
_java_thread_list=0x000001bcb9724bf0, length=73, elements={
0x000001bc999bdca0, 0x000001bcb4453260, 0x000001bcb4453ff0, 0x000001bcb42e0140,
0x000001bcb446c010, 0x000001bcb446c4f0, 0x000001bcb446cdc0, 0x000001bcb446d9c0,
0x000001bcb4479000, 0x000001bcb447b920, 0x000001bcb455a450, 0x000001bcb4612c90,
0x000001bcb46131b0, 0x000001bcb471cc00, 0x000001bcb99a1f80, 0x000001bcb9ba5010,
0x000001bcbb81e790, 0x000001bcba8b29b0, 0x000001bcbb167c50, 0x000001bcbb81ddb0,
0x000001bcbaf7e2c0, 0x000001bcbab16890, 0x000001bcbac14670, 0x000001bcb9e16130,
0x000001bcb9e16640, 0x000001bcb9e17a80, 0x000001bcb9e189b0, 0x000001bcb9e184a0,
0x000001bcb9e17f90, 0x000001bcb9e17060, 0x000001bcb9e18ec0, 0x000001bcb9e16b50,
0x000001bcb9e17570, 0x000001bcb9e193d0, 0x000001bcbb484b20, 0x000001bcbb4822a0,
0x000001bcbb482cc0, 0x000001bcbb486470, 0x000001bcbb487dc0, 0x000001bcbb4878b0,
0x000001bcbb489c20, 0x000001bcbb489710, 0x000001bcbb485540, 0x000001bcbb488cf0,
0x000001bcbb483bf0, 0x000001bcbb485030, 0x000001bcbb484610, 0x000001bcbb4827b0,
0x000001bcbb4831d0, 0x000001bcbb485f60, 0x000001bcbb486980, 0x000001bcbb4887e0,
0x000001bcbb486e90, 0x000001bcbb4882d0, 0x000001bcbb4873a0, 0x000001bcbb4836e0,
0x000001bcb9cc0200, 0x000001bcb9cc0710, 0x000001bcb9cbde90, 0x000001bcb9cbf7e0,
0x000001bcb9cbf2d0, 0x000001bcb9cc0c20, 0x000001bcb9cc1b50, 0x000001bcb9cbe3a0,
0x000001bcb9cc2570, 0x000001bcb9cc1130, 0x000001bcb9cc2f90, 0x000001bcb9cc2a80,
0x000001bcb9cc1640, 0x000001bcb9cc43d0, 0x000001bcb9cbfcf0, 0x000001bcb9cc2060,
0x000001bcb9cc34a0
}

Java Threads: ( => current thread )
  0x000001bc999bdca0 JavaThread "main" [_thread_blocked, id=10720, stack(0x00000005cd000000,0x00000005cd100000)]
  0x000001bcb4453260 JavaThread "Reference Handler" daemon [_thread_blocked, id=13052, stack(0x00000005cd700000,0x00000005cd800000)]
  0x000001bcb4453ff0 JavaThread "Finalizer" daemon [_thread_blocked, id=8828, stack(0x00000005cd800000,0x00000005cd900000)]
  0x000001bcb42e0140 JavaThread "Signal Dispatcher" daemon [_thread_blocked, id=13472, stack(0x00000005cd900000,0x00000005cda00000)]
  0x000001bcb446c010 JavaThread "Attach Listener" daemon [_thread_blocked, id=2996, stack(0x00000005cda00000,0x00000005cdb00000)]
  0x000001bcb446c4f0 JavaThread "Service Thread" daemon [_thread_blocked, id=4556, stack(0x00000005cdb00000,0x00000005cdc00000)]
  0x000001bcb446cdc0 JavaThread "Monitor Deflation Thread" daemon [_thread_blocked, id=3036, stack(0x00000005cdc00000,0x00000005cdd00000)]
  0x000001bcb446d9c0 JavaThread "C2 CompilerThread0" daemon [_thread_in_native, id=2988, stack(0x00000005cdd00000,0x00000005cde00000)]
  0x000001bcb4479000 JavaThread "C1 CompilerThread0" daemon [_thread_blocked, id=11688, stack(0x00000005cde00000,0x00000005cdf00000)]
  0x000001bcb447b920 JavaThread "Sweeper thread" daemon [_thread_blocked, id=11848, stack(0x00000005cdf00000,0x00000005ce000000)]
  0x000001bcb455a450 JavaThread "Common-Cleaner" daemon [_thread_blocked, id=10508, stack(0x00000005ce000000,0x00000005ce100000)]
  0x000001bcb4612c90 JavaThread "C1 CompilerThread1" daemon [_thread_blocked, id=14508, stack(0x00000005ce100000,0x00000005ce200000)]
  0x000001bcb46131b0 JavaThread "C1 CompilerThread2" daemon [_thread_blocked, id=12928, stack(0x00000005ce200000,0x00000005ce300000)]
  0x000001bcb471cc00 JavaThread "Notification Thread" daemon [_thread_blocked, id=7856, stack(0x00000005ce300000,0x00000005ce400000)]
=>0x000001bcb99a1f80 JavaThread "C2 CompilerThread1" daemon [_thread_in_native, id=6076, stack(0x00000005ce500000,0x00000005ce600000)]
  0x000001bcb9ba5010 JavaThread "C1 CompilerThread3" daemon [_thread_blocked, id=4996, stack(0x00000005ce600000,0x00000005ce700000)]
  0x000001bcbb81e790 JavaThread "Daemon health stats" [_thread_blocked, id=13340, stack(0x00000005ceb00000,0x00000005cec00000)]
  0x000001bcba8b29b0 JavaThread "Incoming local TCP Connector on port 58852" [_thread_in_native, id=9308, stack(0x00000005cec00000,0x00000005ced00000)]
  0x000001bcbb167c50 JavaThread "Daemon periodic checks" [_thread_blocked, id=2284, stack(0x00000005ced00000,0x00000005cee00000)]
  0x000001bcbb81ddb0 JavaThread "Daemon" [_thread_blocked, id=10768, stack(0x00000005cee00000,0x00000005cef00000)]
  0x000001bcbaf7e2c0 JavaThread "Handler for socket connection from /127.0.0.1:58852 to /127.0.0.1:58853" [_thread_in_native, id=5380, stack(0x00000005cef00000,0x00000005cf000000)]
  0x000001bcbab16890 JavaThread "Cancel handler" [_thread_blocked, id=14036, stack(0x00000005cf000000,0x00000005cf100000)]
  0x000001bcbac14670 JavaThread "Daemon worker" [_thread_in_Java, id=14128, stack(0x00000005cf100000,0x00000005cf200000)]
  0x000001bcb9e16130 JavaThread "Asynchronous log dispatcher for DefaultDaemonConnection: socket connection from /127.0.0.1:58852 to /127.0.0.1:58853" [_thread_blocked, id=3700, stack(0x00000005cf200000,0x00000005cf300000)]
  0x000001bcb9e16640 JavaThread "Stdin handler" [_thread_blocked, id=10276, stack(0x00000005cf300000,0x00000005cf400000)]
  0x000001bcb9e17a80 JavaThread "Daemon client event forwarder" [_thread_blocked, id=10256, stack(0x00000005cf400000,0x00000005cf500000)]
  0x000001bcb9e189b0 JavaThread "Cache worker for journal cache (C:\Users\Admin\.gradle\caches\journal-1)" [_thread_blocked, id=2124, stack(0x00000005cff00000,0x00000005d0000000)]
  0x000001bcb9e184a0 JavaThread "File lock request listener" [_thread_in_native, id=7432, stack(0x00000005d0000000,0x00000005d0100000)]
  0x000001bcb9e17f90 JavaThread "Cache worker for file hash cache (C:\Users\Admin\.gradle\caches\8.4\fileHashes)" [_thread_blocked, id=1680, stack(0x00000005d0100000,0x00000005d0200000)]
  0x000001bcb9e17060 JavaThread "File watcher server" daemon [_thread_in_native, id=5152, stack(0x00000005d0200000,0x00000005d0300000)]
  0x000001bcb9e18ec0 JavaThread "File watcher consumer" daemon [_thread_blocked, id=12340, stack(0x00000005d0300000,0x00000005d0400000)]
  0x000001bcb9e16b50 JavaThread "Cache worker for checksums cache (C:\Workspace\63135460-AndroidProgramming\ChuyenManHinhVoiIntent\.gradle\8.4\checksums)" [_thread_blocked, id=5968, stack(0x00000005d0400000,0x00000005d0500000)]
  0x000001bcb9e17570 JavaThread "Cache worker for file hash cache (C:\Workspace\63135460-AndroidProgramming\ChuyenManHinhVoiIntent\.gradle\8.4\fileHashes)" [_thread_blocked, id=13368, stack(0x00000005d0500000,0x00000005d0600000)]
  0x000001bcb9e193d0 JavaThread "Cache worker for cache directory md-supplier (C:\Users\Admin\.gradle\caches\8.4\md-supplier)" [_thread_blocked, id=9620, stack(0x00000005d0600000,0x00000005d0700000)]
  0x000001bcbb484b20 JavaThread "Cache worker for file content cache (C:\Users\Admin\.gradle\caches\8.4\fileContent)" [_thread_blocked, id=9940, stack(0x00000005d0700000,0x00000005d0800000)]
  0x000001bcbb4822a0 JavaThread "Cache worker for cache directory md-rule (C:\Users\Admin\.gradle\caches\8.4\md-rule)" [_thread_blocked, id=10536, stack(0x00000005d0800000,0x00000005d0900000)]
  0x000001bcbb482cc0 JavaThread "Cache worker for execution history cache (C:\Users\Admin\.gradle\caches\8.4\executionHistory)" [_thread_blocked, id=6612, stack(0x00000005d0900000,0x00000005d0a00000)]
  0x000001bcbb486470 JavaThread "Cache worker for kotlin-dsl (C:\Users\Admin\.gradle\caches\8.4\kotlin-dsl)" [_thread_blocked, id=10172, stack(0x00000005d0a00000,0x00000005d0b00000)]
  0x000001bcbb487dc0 JavaThread "jar transforms" [_thread_blocked, id=8808, stack(0x00000005d0b00000,0x00000005d0c00000)]
  0x000001bcbb4878b0 JavaThread "jar transforms Thread 2" [_thread_blocked, id=3824, stack(0x00000005d0c00000,0x00000005d0d00000)]
  0x000001bcbb489c20 JavaThread "jar transforms Thread 3" [_thread_blocked, id=13644, stack(0x00000005d0d00000,0x00000005d0e00000)]
  0x000001bcbb489710 JavaThread "jar transforms Thread 4" [_thread_blocked, id=2964, stack(0x00000005d0e00000,0x00000005d0f00000)]
  0x000001bcbb485540 JavaThread "Cache worker for dependencies-accessors (C:\Workspace\63135460-AndroidProgramming\ChuyenManHinhVoiIntent\.gradle\8.4\dependencies-accessors)" [_thread_blocked, id=5536, stack(0x00000005d0f00000,0x00000005d1000000)]
  0x000001bcbb488cf0 JavaThread "Cache worker for Build Output Cleanup Cache (C:\Workspace\63135460-AndroidProgramming\ChuyenManHinhVoiIntent\.gradle\buildOutputCleanup)" [_thread_blocked, id=2784, stack(0x00000005d1000000,0x00000005d1100000)]
  0x000001bcbb483bf0 JavaThread "jar transforms Thread 5" [_thread_blocked, id=14292, stack(0x00000005d1100000,0x00000005d1200000)]
  0x000001bcbb485030 JavaThread "jar transforms Thread 6" [_thread_blocked, id=10064, stack(0x00000005d1200000,0x00000005d1300000)]
  0x000001bcbb484610 JavaThread "Unconstrained build operations" [_thread_blocked, id=5552, stack(0x00000005d1400000,0x00000005d1500000)]
  0x000001bcbb4827b0 JavaThread "Unconstrained build operations Thread 2" [_thread_blocked, id=7148, stack(0x00000005d1500000,0x00000005d1600000)]
  0x000001bcbb4831d0 JavaThread "Unconstrained build operations Thread 3" [_thread_blocked, id=2856, stack(0x00000005d1600000,0x00000005d1700000)]
  0x000001bcbb485f60 JavaThread "Unconstrained build operations Thread 4" [_thread_blocked, id=10612, stack(0x00000005d1700000,0x00000005d1800000)]
  0x000001bcbb486980 JavaThread "Unconstrained build operations Thread 5" [_thread_blocked, id=13848, stack(0x00000005d1800000,0x00000005d1900000)]
  0x000001bcbb4887e0 JavaThread "Unconstrained build operations Thread 6" [_thread_blocked, id=12864, stack(0x00000005d1900000,0x00000005d1a00000)]
  0x000001bcbb486e90 JavaThread "Unconstrained build operations Thread 7" [_thread_blocked, id=9160, stack(0x00000005d1a00000,0x00000005d1b00000)]
  0x000001bcbb4882d0 JavaThread "Unconstrained build operations Thread 8" [_thread_blocked, id=12432, stack(0x00000005d1b00000,0x00000005d1c00000)]
  0x000001bcbb4873a0 JavaThread "Unconstrained build operations Thread 9" [_thread_blocked, id=12296, stack(0x00000005d1c00000,0x00000005d1d00000)]
  0x000001bcbb4836e0 JavaThread "Unconstrained build operations Thread 10" [_thread_blocked, id=2992, stack(0x00000005d1d00000,0x00000005d1e00000)]
  0x000001bcb9cc0200 JavaThread "Unconstrained build operations Thread 11" [_thread_blocked, id=13488, stack(0x00000005d1e00000,0x00000005d1f00000)]
  0x000001bcb9cc0710 JavaThread "Unconstrained build operations Thread 12" [_thread_blocked, id=12240, stack(0x00000005d1f00000,0x00000005d2000000)]
  0x000001bcb9cbde90 JavaThread "Unconstrained build operations Thread 13" [_thread_blocked, id=5020, stack(0x00000005d2000000,0x00000005d2100000)]
  0x000001bcb9cbf7e0 JavaThread "Unconstrained build operations Thread 14" [_thread_blocked, id=1764, stack(0x00000005d2100000,0x00000005d2200000)]
  0x000001bcb9cbf2d0 JavaThread "Unconstrained build operations Thread 15" [_thread_blocked, id=10160, stack(0x00000005d2200000,0x00000005d2300000)]
  0x000001bcb9cc0c20 JavaThread "jar transforms Thread 7" [_thread_blocked, id=12200, stack(0x00000005d2300000,0x00000005d2400000)]
  0x000001bcb9cc1b50 JavaThread "jar transforms Thread 8" [_thread_blocked, id=14176, stack(0x00000005d2400000,0x00000005d2500000)]
  0x000001bcb9cbe3a0 JavaThread "jar transforms Thread 9" [_thread_blocked, id=12784, stack(0x00000005d2500000,0x00000005d2600000)]
  0x000001bcb9cc2570 JavaThread "jar transforms Thread 10" [_thread_blocked, id=7092, stack(0x00000005d2600000,0x00000005d2700000)]
  0x000001bcb9cc1130 JavaThread "jar transforms Thread 11" [_thread_blocked, id=9296, stack(0x00000005d2700000,0x00000005d2800000)]
  0x000001bcb9cc2f90 JavaThread "jar transforms Thread 12" [_thread_blocked, id=14416, stack(0x00000005d2800000,0x00000005d2900000)]
  0x000001bcb9cc2a80 JavaThread "jar transforms Thread 13" [_thread_blocked, id=15008, stack(0x00000005d2900000,0x00000005d2a00000)]
  0x000001bcb9cc1640 JavaThread "jar transforms Thread 14" [_thread_blocked, id=3956, stack(0x00000005d2a00000,0x00000005d2b00000)]
  0x000001bcb9cc43d0 JavaThread "jar transforms Thread 15" [_thread_blocked, id=11080, stack(0x00000005d2b00000,0x00000005d2c00000)]
  0x000001bcb9cbfcf0 JavaThread "jar transforms Thread 16" [_thread_blocked, id=5872, stack(0x00000005d2c00000,0x00000005d2d00000)]
  0x000001bcb9cc2060 JavaThread "build event listener" [_thread_blocked, id=13068, stack(0x00000005d2d00000,0x00000005d2e00000)]
  0x000001bcb9cc34a0 JavaThread "Memory manager" [_thread_blocked, id=2860, stack(0x00000005d2e00000,0x00000005d2f00000)]

Other Threads:
  0x000001bcb4291090 VMThread "VM Thread" [stack: 0x00000005cd600000,0x00000005cd700000] [id=9212]
  0x000001bcb4771000 WatcherThread [stack: 0x00000005ce400000,0x00000005ce500000] [id=4548]
  0x000001bc99a1bc40 GCTaskThread "GC Thread#0" [stack: 0x00000005cd100000,0x00000005cd200000] [id=5692]
  0x000001bcb9cd7f40 GCTaskThread "GC Thread#1" [stack: 0x00000005ce700000,0x00000005ce800000] [id=8060]
  0x000001bcb996cb70 GCTaskThread "GC Thread#2" [stack: 0x00000005ce800000,0x00000005ce900000] [id=15032]
  0x000001bcb9a48ff0 GCTaskThread "GC Thread#3" [stack: 0x00000005ce900000,0x00000005cea00000] [id=14844]
  0x000001bcb9fe6c20 GCTaskThread "GC Thread#4" [stack: 0x00000005cea00000,0x00000005ceb00000] [id=12480]
  0x000001bcba71b170 GCTaskThread "GC Thread#5" [stack: 0x00000005cf500000,0x00000005cf600000] [id=13640]
  0x000001bcba690e30 GCTaskThread "GC Thread#6" [stack: 0x00000005cf600000,0x00000005cf700000] [id=2192]
  0x000001bcba8f6790 GCTaskThread "GC Thread#7" [stack: 0x00000005cf700000,0x00000005cf800000] [id=2476]
  0x000001bcba1b99b0 GCTaskThread "GC Thread#8" [stack: 0x00000005cf800000,0x00000005cf900000] [id=11052]
  0x000001bcbb2563f0 GCTaskThread "GC Thread#9" [stack: 0x00000005cf900000,0x00000005cfa00000] [id=4860]
  0x000001bcbaec8150 GCTaskThread "GC Thread#10" [stack: 0x00000005cfa00000,0x00000005cfb00000] [id=13832]
  0x000001bcbb13e5e0 GCTaskThread "GC Thread#11" [stack: 0x00000005cfb00000,0x00000005cfc00000] [id=15228]
  0x000001bcbb258fa0 GCTaskThread "GC Thread#12" [stack: 0x00000005cfc00000,0x00000005cfd00000] [id=14160]
  0x000001bc99a2caa0 ConcurrentGCThread "G1 Main Marker" [stack: 0x00000005cd200000,0x00000005cd300000] [id=11764]
  0x000001bc99a2d3d0 ConcurrentGCThread "G1 Conc#0" [stack: 0x00000005cd300000,0x00000005cd400000] [id=12808]
  0x000001bcba7e7d00 ConcurrentGCThread "G1 Conc#1" [stack: 0x00000005cfd00000,0x00000005cfe00000] [id=4376]
  0x000001bcba7a8500 ConcurrentGCThread "G1 Conc#2" [stack: 0x00000005cfe00000,0x00000005cff00000] [id=13544]
  0x000001bcb413c610 ConcurrentGCThread "G1 Refine#0" [stack: 0x00000005cd400000,0x00000005cd500000] [id=13380]
  0x000001bcb413df60 ConcurrentGCThread "G1 Service" [stack: 0x00000005cd500000,0x00000005cd600000] [id=14956]

Threads with active compile tasks:
C2 CompilerThread0    10781 7420   !   4       com.google.common.reflect.TypeVisitor::visit (225 bytes)
C2 CompilerThread1    10781 7495       4       org.gradle.internal.service.DefaultServiceRegistry$ParentServices::getService (11 bytes)

VM state: not at safepoint (normal execution)

VM Mutex/Monitor currently owned by a thread: None

Heap address: 0x0000000080000000, size: 2048 MB, Compressed Oops mode: 32-bit

CDS archive(s) not mapped
Compressed class space mapped at: 0x0000000100000000-0x0000000140000000, reserved size: 1073741824
Narrow klass base: 0x0000000000000000, Narrow klass shift: 3, Narrow klass range: 0x140000000

GC Precious Log:
 CPUs: 16 total, 16 available
 Memory: 5966M
 Large Page Support: Disabled
 NUMA Support: Disabled
 Compressed Oops: Enabled (32-bit)
 Heap Region Size: 1M
 Heap Min Capacity: 8M
 Heap Initial Capacity: 94M
 Heap Max Capacity: 2G
 Pre-touch: Disabled
 Parallel Workers: 13
 Concurrent Workers: 3
 Concurrent Refinement Workers: 13
 Periodic GC: Disabled

Heap:
 garbage-first heap   total 103424K, used 75890K [0x0000000080000000, 0x0000000100000000)
  region size 1024K, 24 young (24576K), 1 survivors (1024K)
 Metaspace       used 71066K, committed 71616K, reserved 1114112K
  class space    used 9592K, committed 9856K, reserved 1048576K

Heap Regions: E=young(eden), S=young(survivor), O=old, HS=humongous(starts), HC=humongous(continues), CS=collection set, F=free, OA=open archive, CA=closed archive, TAMS=top-at-mark-start (previous, next)
|   0|0x0000000080000000, 0x0000000080100000, 0x0000000080100000|100%|HS|  |TAMS 0x0000000080100000, 0x0000000080000000| Complete 
|   1|0x0000000080100000, 0x0000000080200000, 0x0000000080200000|100%|HC|  |TAMS 0x0000000080200000, 0x0000000080100000| Complete 
|   2|0x0000000080200000, 0x0000000080300000, 0x0000000080300000|100%|HC|  |TAMS 0x0000000080300000, 0x0000000080200000| Complete 
|   3|0x0000000080300000, 0x0000000080400000, 0x0000000080400000|100%|HC|  |TAMS 0x0000000080400000, 0x0000000080300000| Complete 
|   4|0x0000000080400000, 0x0000000080500000, 0x0000000080500000|100%| O|  |TAMS 0x0000000080500000, 0x0000000080400000| Untracked 
|   5|0x0000000080500000, 0x0000000080600000, 0x0000000080600000|100%| O|  |TAMS 0x0000000080600000, 0x0000000080500000| Untracked 
|   6|0x0000000080600000, 0x0000000080700000, 0x0000000080700000|100%| O|  |TAMS 0x0000000080700000, 0x0000000080600000| Untracked 
|   7|0x0000000080700000, 0x0000000080800000, 0x0000000080800000|100%| O|  |TAMS 0x0000000080800000, 0x0000000080700000| Untracked 
|   8|0x0000000080800000, 0x0000000080900000, 0x0000000080900000|100%| O|  |TAMS 0x0000000080900000, 0x0000000080800000| Untracked 
|   9|0x0000000080900000, 0x0000000080a00000, 0x0000000080a00000|100%| O|  |TAMS 0x0000000080a00000, 0x0000000080900000| Untracked 
|  10|0x0000000080a00000, 0x0000000080b00000, 0x0000000080b00000|100%| O|  |TAMS 0x0000000080b00000, 0x0000000080a00000| Untracked 
|  11|0x0000000080b00000, 0x0000000080c00000, 0x0000000080c00000|100%| O|  |TAMS 0x0000000080c00000, 0x0000000080b00000| Untracked 
|  12|0x0000000080c00000, 0x0000000080d00000, 0x0000000080d00000|100%| O|  |TAMS 0x0000000080d00000, 0x0000000080c00000| Untracked 
|  13|0x0000000080d00000, 0x0000000080e00000, 0x0000000080e00000|100%| O|  |TAMS 0x0000000080e00000, 0x0000000080d00000| Untracked 
|  14|0x0000000080e00000, 0x0000000080f00000, 0x0000000080f00000|100%|HS|  |TAMS 0x0000000080f00000, 0x0000000080e00000| Complete 
|  15|0x0000000080f00000, 0x0000000081000000, 0x0000000081000000|100%| O|  |TAMS 0x0000000081000000, 0x0000000080f00000| Untracked 
|  16|0x0000000081000000, 0x0000000081100000, 0x0000000081100000|100%| O|  |TAMS 0x0000000081100000, 0x0000000081000000| Untracked 
|  17|0x0000000081100000, 0x0000000081200000, 0x0000000081200000|100%| O|  |TAMS 0x0000000081200000, 0x0000000081100000| Untracked 
|  18|0x0000000081200000, 0x0000000081300000, 0x0000000081300000|100%| O|  |TAMS 0x0000000081300000, 0x0000000081200000| Untracked 
|  19|0x0000000081300000, 0x0000000081400000, 0x0000000081400000|100%| O|  |TAMS 0x0000000081400000, 0x0000000081300000| Untracked 
|  20|0x0000000081400000, 0x0000000081500000, 0x0000000081500000|100%| O|  |TAMS 0x0000000081500000, 0x0000000081400000| Untracked 
|  21|0x0000000081500000, 0x0000000081600000, 0x0000000081600000|100%| O|  |TAMS 0x0000000081600000, 0x0000000081500000| Untracked 
|  22|0x0000000081600000, 0x0000000081700000, 0x0000000081700000|100%| O|  |TAMS 0x0000000081700000, 0x0000000081600000| Untracked 
|  23|0x0000000081700000, 0x00000000817eb800, 0x0000000081800000| 91%| O|  |TAMS 0x0000000081700000, 0x0000000081700000| Untracked 
|  24|0x0000000081800000, 0x0000000081900000, 0x0000000081900000|100%| O|  |TAMS 0x0000000081900000, 0x0000000081800000| Untracked 
|  25|0x0000000081900000, 0x0000000081a00000, 0x0000000081a00000|100%| O|  |TAMS 0x0000000081a00000, 0x0000000081900000| Untracked 
|  26|0x0000000081a00000, 0x0000000081b00000, 0x0000000081b00000|100%| O|  |TAMS 0x0000000081b00000, 0x0000000081a00000| Untracked 
|  27|0x0000000081b00000, 0x0000000081c00000, 0x0000000081c00000|100%| O|  |TAMS 0x0000000081c00000, 0x0000000081b00000| Untracked 
|  28|0x0000000081c00000, 0x0000000081d00000, 0x0000000081d00000|100%| O|  |TAMS 0x0000000081d00000, 0x0000000081c00000| Untracked 
|  29|0x0000000081d00000, 0x0000000081e00000, 0x0000000081e00000|100%| O|  |TAMS 0x0000000081e00000, 0x0000000081d00000| Untracked 
|  30|0x0000000081e00000, 0x0000000081f00000, 0x0000000081f00000|100%| O|  |TAMS 0x0000000081f00000, 0x0000000081e00000| Untracked 
|  31|0x0000000081f00000, 0x0000000082000000, 0x0000000082000000|100%| O|  |TAMS 0x0000000082000000, 0x0000000081f00000| Untracked 
|  32|0x0000000082000000, 0x0000000082100000, 0x0000000082100000|100%| O|  |TAMS 0x0000000082100000, 0x0000000082000000| Untracked 
|  33|0x0000000082100000, 0x0000000082200000, 0x0000000082200000|100%| O|  |TAMS 0x0000000082200000, 0x0000000082100000| Untracked 
|  34|0x0000000082200000, 0x0000000082300000, 0x0000000082300000|100%| O|  |TAMS 0x0000000082300000, 0x0000000082200000| Untracked 
|  35|0x0000000082300000, 0x0000000082400000, 0x0000000082400000|100%| O|  |TAMS 0x0000000082400000, 0x0000000082300000| Untracked 
|  36|0x0000000082400000, 0x0000000082500000, 0x0000000082500000|100%| O|  |TAMS 0x0000000082500000, 0x0000000082400000| Untracked 
|  37|0x0000000082500000, 0x0000000082600000, 0x0000000082600000|100%| O|  |TAMS 0x0000000082600000, 0x0000000082500000| Untracked 
|  38|0x0000000082600000, 0x0000000082700000, 0x0000000082700000|100%| O|  |TAMS 0x0000000082700000, 0x0000000082600000| Untracked 
|  39|0x0000000082700000, 0x0000000082800000, 0x0000000082800000|100%| O|  |TAMS 0x0000000082800000, 0x0000000082700000| Untracked 
|  40|0x0000000082800000, 0x0000000082900000, 0x0000000082900000|100%| O|  |TAMS 0x0000000082900000, 0x0000000082800000| Untracked 
|  41|0x0000000082900000, 0x0000000082900000, 0x0000000082a00000|  0%| F|  |TAMS 0x0000000082900000, 0x0000000082900000| Untracked 
|  42|0x0000000082a00000, 0x0000000082b00000, 0x0000000082b00000|100%|HS|  |TAMS 0x0000000082b00000, 0x0000000082a00000| Complete 
|  43|0x0000000082b00000, 0x0000000082c00000, 0x0000000082c00000|100%|HS|  |TAMS 0x0000000082c00000, 0x0000000082b00000| Complete 
|  44|0x0000000082c00000, 0x0000000082d00000, 0x0000000082d00000|100%| O|  |TAMS 0x0000000082d00000, 0x0000000082c00000| Untracked 
|  45|0x0000000082d00000, 0x0000000082e00000, 0x0000000082e00000|100%|HS|  |TAMS 0x0000000082e00000, 0x0000000082d00000| Complete 
|  46|0x0000000082e00000, 0x0000000082f00000, 0x0000000082f00000|100%|HS|  |TAMS 0x0000000082f00000, 0x0000000082e00000| Complete 
|  47|0x0000000082f00000, 0x0000000083000000, 0x0000000083000000|100%| O|  |TAMS 0x0000000083000000, 0x0000000082f00000| Untracked 
|  48|0x0000000083000000, 0x0000000083100000, 0x0000000083100000|100%| O|  |TAMS 0x0000000083100000, 0x0000000083000000| Untracked 
|  49|0x0000000083100000, 0x0000000083200000, 0x0000000083200000|100%| O|  |TAMS 0x0000000083200000, 0x0000000083100000| Untracked 
|  50|0x0000000083200000, 0x0000000083300000, 0x0000000083300000|100%| O|  |TAMS 0x0000000083300000, 0x0000000083200000| Untracked 
|  51|0x0000000083300000, 0x0000000083400000, 0x0000000083400000|100%| O|  |TAMS 0x0000000083400000, 0x0000000083300000| Untracked 
|  52|0x0000000083400000, 0x0000000083400000, 0x0000000083500000|  0%| F|  |TAMS 0x0000000083400000, 0x0000000083400000| Untracked 
|  53|0x0000000083500000, 0x0000000083500000, 0x0000000083600000|  0%| F|  |TAMS 0x0000000083500000, 0x0000000083500000| Untracked 
|  54|0x0000000083600000, 0x0000000083600000, 0x0000000083700000|  0%| F|  |TAMS 0x0000000083600000, 0x0000000083600000| Untracked 
|  55|0x0000000083700000, 0x0000000083700000, 0x0000000083800000|  0%| F|  |TAMS 0x0000000083700000, 0x0000000083700000| Untracked 
|  56|0x0000000083800000, 0x0000000083900000, 0x0000000083900000|100%| O|  |TAMS 0x0000000083819200, 0x0000000083800000| Untracked 
|  57|0x0000000083900000, 0x0000000083900000, 0x0000000083a00000|  0%| F|  |TAMS 0x0000000083900000, 0x0000000083900000| Untracked 
|  58|0x0000000083a00000, 0x0000000083a00000, 0x0000000083b00000|  0%| F|  |TAMS 0x0000000083a00000, 0x0000000083a00000| Untracked 
|  59|0x0000000083b00000, 0x0000000083b00000, 0x0000000083c00000|  0%| F|  |TAMS 0x0000000083b00000, 0x0000000083b00000| Untracked 
|  60|0x0000000083c00000, 0x0000000083c00000, 0x0000000083d00000|  0%| F|  |TAMS 0x0000000083c00000, 0x0000000083c00000| Untracked 
|  61|0x0000000083d00000, 0x0000000083d00000, 0x0000000083e00000|  0%| F|  |TAMS 0x0000000083d00000, 0x0000000083d00000| Untracked 
|  62|0x0000000083e00000, 0x0000000083e00000, 0x0000000083f00000|  0%| F|  |TAMS 0x0000000083e00000, 0x0000000083e00000| Untracked 
|  63|0x0000000083f00000, 0x0000000083f00000, 0x0000000084000000|  0%| F|  |TAMS 0x0000000083f00000, 0x0000000083f00000| Untracked 
|  64|0x0000000084000000, 0x0000000084000000, 0x0000000084100000|  0%| F|  |TAMS 0x0000000084000000, 0x0000000084000000| Untracked 
|  65|0x0000000084100000, 0x0000000084100000, 0x0000000084200000|  0%| F|  |TAMS 0x0000000084100000, 0x0000000084100000| Untracked 
|  66|0x0000000084200000, 0x0000000084200000, 0x0000000084300000|  0%| F|  |TAMS 0x0000000084200000, 0x0000000084200000| Untracked 
|  67|0x0000000084300000, 0x0000000084300000, 0x0000000084400000|  0%| F|  |TAMS 0x0000000084300000, 0x0000000084300000| Untracked 
|  68|0x0000000084400000, 0x0000000084400000, 0x0000000084500000|  0%| F|  |TAMS 0x0000000084400000, 0x0000000084400000| Untracked 
|  69|0x0000000084500000, 0x0000000084500000, 0x0000000084600000|  0%| F|  |TAMS 0x0000000084500000, 0x0000000084500000| Untracked 
|  70|0x0000000084600000, 0x0000000084600000, 0x0000000084700000|  0%| F|  |TAMS 0x0000000084600000, 0x0000000084600000| Untracked 
|  71|0x0000000084700000, 0x0000000084700000, 0x0000000084800000|  0%| F|  |TAMS 0x0000000084700000, 0x0000000084700000| Untracked 
|  72|0x0000000084800000, 0x0000000084800000, 0x0000000084900000|  0%| F|  |TAMS 0x0000000084800000, 0x0000000084800000| Untracked 
|  73|0x0000000084900000, 0x0000000084900000, 0x0000000084a00000|  0%| F|  |TAMS 0x0000000084900000, 0x0000000084900000| Untracked 
|  74|0x0000000084a00000, 0x0000000084a00000, 0x0000000084b00000|  0%| F|  |TAMS 0x0000000084a00000, 0x0000000084a00000| Untracked 
|  75|0x0000000084b00000, 0x0000000084b00000, 0x0000000084c00000|  0%| F|  |TAMS 0x0000000084b00000, 0x0000000084b00000| Untracked 
|  76|0x0000000084c00000, 0x0000000084c00000, 0x0000000084d00000|  0%| F|  |TAMS 0x0000000084c00000, 0x0000000084c00000| Untracked 
|  77|0x0000000084d00000, 0x0000000084d80800, 0x0000000084e00000| 50%| E|  |TAMS 0x0000000084d00000, 0x0000000084d00000| Complete 
|  78|0x0000000084e00000, 0x0000000084f00000, 0x0000000084f00000|100%| E|CS|TAMS 0x0000000084e00000, 0x0000000084e00000| Complete 
|  79|0x0000000084f00000, 0x0000000085000000, 0x0000000085000000|100%| E|CS|TAMS 0x0000000084f00000, 0x0000000084f00000| Complete 
|  80|0x0000000085000000, 0x0000000085100000, 0x0000000085100000|100%| E|CS|TAMS 0x0000000085000000, 0x0000000085000000| Complete 
|  81|0x0000000085100000, 0x0000000085200000, 0x0000000085200000|100%| E|CS|TAMS 0x0000000085100000, 0x0000000085100000| Complete 
|  82|0x0000000085200000, 0x0000000085300000, 0x0000000085300000|100%| E|CS|TAMS 0x0000000085200000, 0x0000000085200000| Complete 
|  83|0x0000000085300000, 0x0000000085400000, 0x0000000085400000|100%| E|CS|TAMS 0x0000000085300000, 0x0000000085300000| Complete 
|  84|0x0000000085400000, 0x0000000085500000, 0x0000000085500000|100%| E|CS|TAMS 0x0000000085400000, 0x0000000085400000| Complete 
|  85|0x0000000085500000, 0x0000000085600000, 0x0000000085600000|100%| E|CS|TAMS 0x0000000085500000, 0x0000000085500000| Complete 
|  86|0x0000000085600000, 0x0000000085700000, 0x0000000085700000|100%| E|CS|TAMS 0x0000000085600000, 0x0000000085600000| Complete 
|  87|0x0000000085700000, 0x0000000085800000, 0x0000000085800000|100%| E|CS|TAMS 0x0000000085700000, 0x0000000085700000| Complete 
|  88|0x0000000085800000, 0x0000000085900000, 0x0000000085900000|100%| E|CS|TAMS 0x0000000085800000, 0x0000000085800000| Complete 
|  89|0x0000000085900000, 0x0000000085a00000, 0x0000000085a00000|100%| E|CS|TAMS 0x0000000085900000, 0x0000000085900000| Complete 
|  90|0x0000000085a00000, 0x0000000085b00000, 0x0000000085b00000|100%| E|CS|TAMS 0x0000000085a00000, 0x0000000085a00000| Complete 
|  91|0x0000000085b00000, 0x0000000085c00000, 0x0000000085c00000|100%| E|CS|TAMS 0x0000000085b00000, 0x0000000085b00000| Complete 
|  92|0x0000000085c00000, 0x0000000085d00000, 0x0000000085d00000|100%| E|CS|TAMS 0x0000000085c00000, 0x0000000085c00000| Complete 
|  93|0x0000000085d00000, 0x0000000085e00000, 0x0000000085e00000|100%| E|CS|TAMS 0x0000000085d00000, 0x0000000085d00000| Complete 
|  94|0x0000000085e00000, 0x0000000085f00000, 0x0000000085f00000|100%| E|CS|TAMS 0x0000000085e00000, 0x0000000085e00000| Complete 
|  95|0x0000000085f00000, 0x0000000086000000, 0x0000000086000000|100%| E|CS|TAMS 0x0000000085f00000, 0x0000000085f00000| Complete 
|  96|0x0000000086000000, 0x0000000086100000, 0x0000000086100000|100%| E|CS|TAMS 0x0000000086000000, 0x0000000086000000| Complete 
|  97|0x0000000086100000, 0x00000000861313f8, 0x0000000086200000| 19%| S|CS|TAMS 0x0000000086100000, 0x0000000086100000| Complete 
|  98|0x0000000086200000, 0x0000000086300000, 0x0000000086300000|100%| E|CS|TAMS 0x0000000086200000, 0x0000000086200000| Complete 
|  99|0x0000000086300000, 0x0000000086400000, 0x0000000086400000|100%| E|CS|TAMS 0x0000000086300000, 0x0000000086300000| Complete 
| 100|0x0000000086400000, 0x0000000086500000, 0x0000000086500000|100%| E|CS|TAMS 0x0000000086400000, 0x0000000086400000| Complete 

Card table byte_map: [0x000001bcacb20000,0x000001bcacf20000] _byte_map_base: 0x000001bcac720000

Marking Bits (Prev, Next): (CMBitMap*) 0x000001bc99a1c1b0, (CMBitMap*) 0x000001bc99a1c170
 Prev Bits: [0x000001bcaf320000, 0x000001bcb1320000)
 Next Bits: [0x000001bcad320000, 0x000001bcaf320000)

Polling page: 0x000001bc97900000

Metaspace:

Usage:
  Non-class:     60.04 MB used.
      Class:      9.37 MB used.
       Both:     69.41 MB used.

Virtual space:
  Non-class space:       64.00 MB reserved,      60.31 MB ( 94%) committed,  1 nodes.
      Class space:        1.00 GB reserved,       9.62 MB ( <1%) committed,  1 nodes.
             Both:        1.06 GB reserved,      69.94 MB (  6%) committed. 

Chunk freelists:
   Non-Class:  3.39 MB
       Class:  6.22 MB
        Both:  9.61 MB

MaxMetaspaceSize: unlimited
CompressedClassSpaceSize: 1.00 GB
Initial GC threshold: 21.00 MB
Current GC threshold: 107.75 MB
CDS: off
MetaspaceReclaimPolicy: balanced
 - commit_granule_bytes: 65536.
 - commit_granule_words: 8192.
 - virtual_space_node_default_size: 8388608.
 - enlarge_chunks_in_place: 1.
 - new_chunks_are_fully_committed: 0.
 - uncommit_free_chunks: 1.
 - use_allocation_guard: 0.
 - handle_deallocations: 1.


Internal statistics:

num_allocs_failed_limit: 9.
num_arena_births: 770.
num_arena_deaths: 0.
num_vsnodes_births: 2.
num_vsnodes_deaths: 0.
num_space_committed: 1119.
num_space_uncommitted: 0.
num_chunks_returned_to_freelist: 9.
num_chunks_taken_from_freelist: 3085.
num_chunk_merges: 6.
num_chunk_splits: 2032.
num_chunks_enlarged: 1361.
num_inconsistent_stats: 0.

CodeHeap 'non-profiled nmethods': size=119168Kb used=3140Kb max_used=3140Kb free=116027Kb
 bounds [0x000001bca4a40000, 0x000001bca4d60000, 0x000001bcabea0000]
CodeHeap 'profiled nmethods': size=119104Kb used=12919Kb max_used=12919Kb free=106184Kb
 bounds [0x000001bc9cea0000, 0x000001bc9db40000, 0x000001bca42f0000]
CodeHeap 'non-nmethods': size=7488Kb used=3374Kb max_used=3412Kb free=4113Kb
 bounds [0x000001bca42f0000, 0x000001bca4660000, 0x000001bca4a40000]
 total_blobs=7476 nmethods=6707 adapters=677
 compilation: enabled
              stopped_count=0, restarted_count=0
 full_count=0

Compilation events (20 events):
Event: 10.697 Thread 0x000001bcb99a1f80 nmethod 7210 0x000001bca4d4d890 code [0x000001bca4d4da00, 0x000001bca4d4da78]
Event: 10.697 Thread 0x000001bcb99a1f80 7211       4       sun.invoke.util.VerifyAccess::isSamePackage (37 bytes)
Event: 10.702 Thread 0x000001bcb4479000 7488       3       org.gradle.internal.instantiation.generator.AsmBackedClassGenerator$ClassBuilderImpl::access$6500 (4 bytes)
Event: 10.702 Thread 0x000001bcb4479000 nmethod 7488 0x000001bc9db3ac10 code [0x000001bc9db3ada0, 0x000001bc9db3ae98]
Event: 10.719 Thread 0x000001bcb99a1f80 nmethod 7211 0x000001bca4d4db90 code [0x000001bca4d4dda0, 0x000001bca4d4eef0]
Event: 10.719 Thread 0x000001bcb4612c90 7492       3       org.objectweb.asm.SymbolTable::addConstantInvokeDynamic (23 bytes)
Event: 10.719 Thread 0x000001bcb4479000 7491       3       org.objectweb.asm.MethodWriter::visitInvokeDynamicInsn (147 bytes)
Event: 10.719 Thread 0x000001bcb9ba5010 7493       3       org.objectweb.asm.SymbolTable::addConstantDynamicOrInvokeDynamicReference (140 bytes)
Event: 10.719 Thread 0x000001bcb46131b0 7494       3       org.objectweb.asm.SymbolTable::hash (19 bytes)
Event: 10.719 Thread 0x000001bcb99a1f80 7490       4       org.objectweb.asm.ByteVector::putByteArray (49 bytes)
Event: 10.719 Thread 0x000001bcb4612c90 nmethod 7492 0x000001bc9db3af10 code [0x000001bc9db3b0c0, 0x000001bc9db3b258]
Event: 10.719 Thread 0x000001bcb46131b0 nmethod 7494 0x000001bc9db3b390 code [0x000001bc9db3b540, 0x000001bc9db3b6d8]
Event: 10.720 Thread 0x000001bcb9ba5010 nmethod 7493 0x000001bc9db3b810 code [0x000001bc9db3ba40, 0x000001bc9db3c128]
Event: 10.720 Thread 0x000001bcb4479000 nmethod 7491 0x000001bc9db3c490 code [0x000001bc9db3c6a0, 0x000001bc9db3cc28]
Event: 10.720 Thread 0x000001bcb99a1f80 nmethod 7490 0x000001bca4d4f710 code [0x000001bca4d4f880, 0x000001bca4d4f9d8]
Event: 10.720 Thread 0x000001bcb99a1f80 7303       4       java.lang.reflect.Array::newInstance (6 bytes)
Event: 10.721 Thread 0x000001bcb99a1f80 nmethod 7303 0x000001bca4d4fb10 code [0x000001bca4d4fc80, 0x000001bca4d4fe38]
Event: 10.721 Thread 0x000001bcb99a1f80 7495       4       org.gradle.internal.service.DefaultServiceRegistry$ParentServices::getService (11 bytes)
Event: 10.726 Thread 0x000001bcb4612c90 7496       3       java.lang.AbstractStringBuilder::append (60 bytes)
Event: 10.726 Thread 0x000001bcb4612c90 nmethod 7496 0x000001bc9db3ce90 code [0x000001bc9db3d060, 0x000001bc9db3d398]

GC Heap History (20 events):
Event: 8.069 GC heap before
{Heap before GC invocations=13 (full 0):
 garbage-first heap   total 86016K, used 67600K [0x0000000080000000, 0x0000000100000000)
  region size 1024K, 36 young (36864K), 4 survivors (4096K)
 Metaspace       used 58592K, committed 59136K, reserved 1114112K
  class space    used 7979K, committed 8256K, reserved 1048576K
}
Event: 8.074 GC heap after
{Heap after GC invocations=14 (full 0):
 garbage-first heap   total 86016K, used 38050K [0x0000000080000000, 0x0000000100000000)
  region size 1024K, 5 young (5120K), 5 survivors (5120K)
 Metaspace       used 58592K, committed 59136K, reserved 1114112K
  class space    used 7979K, committed 8256K, reserved 1048576K
}
Event: 8.223 GC heap before
{Heap before GC invocations=14 (full 0):
 garbage-first heap   total 86016K, used 44194K [0x0000000080000000, 0x0000000100000000)
  region size 1024K, 12 young (12288K), 5 survivors (5120K)
 Metaspace       used 59811K, committed 60288K, reserved 1114112K
  class space    used 8164K, committed 8384K, reserved 1048576K
}
Event: 8.227 GC heap after
{Heap after GC invocations=15 (full 0):
 garbage-first heap   total 86016K, used 38850K [0x0000000080000000, 0x0000000100000000)
  region size 1024K, 1 young (1024K), 1 survivors (1024K)
 Metaspace       used 59811K, committed 60288K, reserved 1114112K
  class space    used 8164K, committed 8384K, reserved 1048576K
}
Event: 9.018 GC heap before
{Heap before GC invocations=16 (full 0):
 garbage-first heap   total 86016K, used 67522K [0x0000000080000000, 0x0000000100000000)
  region size 1024K, 30 young (30720K), 1 survivors (1024K)
 Metaspace       used 62520K, committed 63040K, reserved 1114112K
  class space    used 8467K, committed 8704K, reserved 1048576K
}
Event: 9.022 GC heap after
{Heap after GC invocations=17 (full 0):
 garbage-first heap   total 86016K, used 41719K [0x0000000080000000, 0x0000000100000000)
  region size 1024K, 4 young (4096K), 4 survivors (4096K)
 Metaspace       used 62520K, committed 63040K, reserved 1114112K
  class space    used 8467K, committed 8704K, reserved 1048576K
}
Event: 9.049 GC heap before
{Heap before GC invocations=17 (full 0):
 garbage-first heap   total 86016K, used 42743K [0x0000000080000000, 0x0000000100000000)
  region size 1024K, 5 young (5120K), 4 survivors (4096K)
 Metaspace       used 62539K, committed 63040K, reserved 1114112K
  class space    used 8469K, committed 8704K, reserved 1048576K
}
Event: 9.053 GC heap after
{Heap after GC invocations=18 (full 0):
 garbage-first heap   total 86016K, used 42133K [0x0000000080000000, 0x0000000100000000)
  region size 1024K, 1 young (1024K), 1 survivors (1024K)
 Metaspace       used 62539K, committed 63040K, reserved 1114112K
  class space    used 8469K, committed 8704K, reserved 1048576K
}
Event: 9.062 GC heap before
{Heap before GC invocations=18 (full 0):
 garbage-first heap   total 86016K, used 42133K [0x0000000080000000, 0x0000000100000000)
  region size 1024K, 2 young (2048K), 1 survivors (1024K)
 Metaspace       used 62602K, committed 63104K, reserved 1114112K
  class space    used 8470K, committed 8704K, reserved 1048576K
}
Event: 9.064 GC heap after
{Heap after GC invocations=19 (full 0):
 garbage-first heap   total 86016K, used 41750K [0x0000000080000000, 0x0000000100000000)
  region size 1024K, 1 young (1024K), 1 survivors (1024K)
 Metaspace       used 62602K, committed 63104K, reserved 1114112K
  class space    used 8470K, committed 8704K, reserved 1048576K
}
Event: 9.628 GC heap before
{Heap before GC invocations=20 (full 0):
 garbage-first heap   total 86016K, used 74518K [0x0000000080000000, 0x0000000100000000)
  region size 1024K, 28 young (28672K), 1 survivors (1024K)
 Metaspace       used 64068K, committed 64576K, reserved 1114112K
  class space    used 8663K, committed 8896K, reserved 1048576K
}
Event: 9.631 GC heap after
{Heap after GC invocations=21 (full 0):
 garbage-first heap   total 86016K, used 53282K [0x0000000080000000, 0x0000000100000000)
  region size 1024K, 4 young (4096K), 4 survivors (4096K)
 Metaspace       used 64068K, committed 64576K, reserved 1114112K
  class space    used 8663K, committed 8896K, reserved 1048576K
}
Event: 9.646 GC heap before
{Heap before GC invocations=21 (full 0):
 garbage-first heap   total 86016K, used 54306K [0x0000000080000000, 0x0000000100000000)
  region size 1024K, 5 young (5120K), 4 survivors (4096K)
 Metaspace       used 64133K, committed 64640K, reserved 1114112K
  class space    used 8675K, committed 8896K, reserved 1048576K
}
Event: 9.648 GC heap after
{Heap after GC invocations=22 (full 0):
 garbage-first heap   total 86016K, used 52418K [0x0000000080000000, 0x0000000100000000)
  region size 1024K, 1 young (1024K), 1 survivors (1024K)
 Metaspace       used 64133K, committed 64640K, reserved 1114112K
  class space    used 8675K, committed 8896K, reserved 1048576K
}
Event: 9.847 GC heap before
{Heap before GC invocations=22 (full 0):
 garbage-first heap   total 86016K, used 68802K [0x0000000080000000, 0x0000000100000000)
  region size 1024K, 18 young (18432K), 1 survivors (1024K)
 Metaspace       used 65530K, committed 66112K, reserved 1114112K
  class space    used 8867K, committed 9152K, reserved 1048576K
}
Event: 9.849 GC heap after
{Heap after GC invocations=23 (full 0):
 garbage-first heap   total 103424K, used 52795K [0x0000000080000000, 0x0000000100000000)
  region size 1024K, 1 young (1024K), 1 survivors (1024K)
 Metaspace       used 65530K, committed 66112K, reserved 1114112K
  class space    used 8867K, committed 9152K, reserved 1048576K
}
Event: 10.341 GC heap before
{Heap before GC invocations=24 (full 0):
 garbage-first heap   total 103424K, used 81467K [0x0000000080000000, 0x0000000100000000)
  region size 1024K, 29 young (29696K), 1 survivors (1024K)
 Metaspace       used 68283K, committed 68800K, reserved 1114112K
  class space    used 9189K, committed 9408K, reserved 1048576K
}
Event: 10.343 GC heap after
{Heap after GC invocations=25 (full 0):
 garbage-first heap   total 103424K, used 53482K [0x0000000080000000, 0x0000000100000000)
  region size 1024K, 2 young (2048K), 2 survivors (2048K)
 Metaspace       used 68283K, committed 68800K, reserved 1114112K
  class space    used 9189K, committed 9408K, reserved 1048576K
}
Event: 10.384 GC heap before
{Heap before GC invocations=25 (full 0):
 garbage-first heap   total 103424K, used 55530K [0x0000000080000000, 0x0000000100000000)
  region size 1024K, 5 young (5120K), 2 survivors (2048K)
 Metaspace       used 68838K, committed 69376K, reserved 1114112K
  class space    used 9253K, committed 9536K, reserved 1048576K
}
Event: 10.386 GC heap after
{Heap after GC invocations=26 (full 0):
 garbage-first heap   total 103424K, used 53362K [0x0000000080000000, 0x0000000100000000)
  region size 1024K, 1 young (1024K), 1 survivors (1024K)
 Metaspace       used 68838K, committed 69376K, reserved 1114112K
  class space    used 9253K, committed 9536K, reserved 1048576K
}

Dll operation events (3 events):
Event: 0.012 Loaded shared library C:\Program Files\Android\Android Studio\jbr\bin\java.dll
Event: 0.233 Loaded shared library C:\Program Files\Android\Android Studio\jbr\bin\zip.dll
Event: 0.645 Loaded shared library C:\Program Files\Android\Android Studio\jbr\bin\verify.dll

Deoptimization events (20 events):
Event: 10.513 Thread 0x000001bcbac14670 DEOPT PACKING pc=0x000001bca4cd5e44 sp=0x00000005cf1f6000
Event: 10.513 Thread 0x000001bcbac14670 DEOPT UNPACKING pc=0x000001bca43469a3 sp=0x00000005cf1f5e58 mode 2
Event: 10.571 Thread 0x000001bcbac14670 Uncommon trap: trap_request=0xffffffde fr.pc=0x000001bca4b650bc relative=0x000000000000003c
Event: 10.571 Thread 0x000001bcbac14670 Uncommon trap: reason=class_check action=maybe_recompile pc=0x000001bca4b650bc method=java.lang.StringConcatHelper.stringOf(Ljava/lang/Object;)Ljava/lang/String; @ 5 c2
Event: 10.571 Thread 0x000001bcbac14670 DEOPT PACKING pc=0x000001bca4b650bc sp=0x00000005cf1f7b70
Event: 10.571 Thread 0x000001bcbac14670 DEOPT UNPACKING pc=0x000001bca43469a3 sp=0x00000005cf1f7b08 mode 2
Event: 10.571 Thread 0x000001bcbac14670 Uncommon trap: trap_request=0xffffffde fr.pc=0x000001bca4b650bc relative=0x000000000000003c
Event: 10.571 Thread 0x000001bcbac14670 Uncommon trap: reason=class_check action=maybe_recompile pc=0x000001bca4b650bc method=java.lang.StringConcatHelper.stringOf(Ljava/lang/Object;)Ljava/lang/String; @ 5 c2
Event: 10.571 Thread 0x000001bcbac14670 DEOPT PACKING pc=0x000001bca4b650bc sp=0x00000005cf1f7b70
Event: 10.571 Thread 0x000001bcbac14670 DEOPT UNPACKING pc=0x000001bca43469a3 sp=0x00000005cf1f7b08 mode 2
Event: 10.571 Thread 0x000001bcbac14670 Uncommon trap: trap_request=0xffffffde fr.pc=0x000001bca4b650bc relative=0x000000000000003c
Event: 10.571 Thread 0x000001bcbac14670 Uncommon trap: reason=class_check action=maybe_recompile pc=0x000001bca4b650bc method=java.lang.StringConcatHelper.stringOf(Ljava/lang/Object;)Ljava/lang/String; @ 5 c2
Event: 10.571 Thread 0x000001bcbac14670 DEOPT PACKING pc=0x000001bca4b650bc sp=0x00000005cf1f7b70
Event: 10.571 Thread 0x000001bcbac14670 DEOPT UNPACKING pc=0x000001bca43469a3 sp=0x00000005cf1f7b08 mode 2
Event: 10.571 Thread 0x000001bcbac14670 Uncommon trap: trap_request=0xffffffde fr.pc=0x000001bca4b650bc relative=0x000000000000003c
Event: 10.571 Thread 0x000001bcbac14670 Uncommon trap: reason=class_check action=maybe_recompile pc=0x000001bca4b650bc method=java.lang.StringConcatHelper.stringOf(Ljava/lang/Object;)Ljava/lang/String; @ 5 c2
Event: 10.571 Thread 0x000001bcbac14670 DEOPT PACKING pc=0x000001bca4b650bc sp=0x00000005cf1f7b70
Event: 10.571 Thread 0x000001bcbac14670 DEOPT UNPACKING pc=0x000001bca43469a3 sp=0x00000005cf1f7b08 mode 2
Event: 10.624 Thread 0x000001bcbac14670 DEOPT PACKING pc=0x000001bc9d910bc2 sp=0x00000005cf1f47b0
Event: 10.624 Thread 0x000001bcbac14670 DEOPT UNPACKING pc=0x000001bca4347143 sp=0x00000005cf1f3cc0 mode 0

Classes unloaded (0 events):
No events

Classes redefined (0 events):
No events

Internal exceptions (20 events):
Event: 7.770 Thread 0x000001bcbac14670 Exception <a 'java/lang/NoSuchMethodError'{0x000000008439ddb8}: 'void java.lang.invoke.DirectMethodHandle$Holder.invokeStatic(java.lang.Object, java.lang.Object, java.lang.Object, int, java.lang.Object)'> (0x000000008439ddb8) 
thrown [s\src\hotspot\share\interpreter\linkResolver.cpp, line 771]
Event: 7.797 Thread 0x000001bcbac14670 Implicit null exception at 0x000001bca4a7c472 to 0x000001bca4a7ca40
Event: 7.861 Thread 0x000001bcbac14670 Exception <a 'sun/nio/fs/WindowsException'{0x00000000840a8ad8}> (0x00000000840a8ad8) 
thrown [s\src\hotspot\share\prims\jni.cpp, line 517]
Event: 8.980 Thread 0x000001bcbac14670 Exception <a 'java/lang/NoSuchMethodError'{0x000000008387aa18}: 'long java.lang.invoke.DirectMethodHandle$Holder.invokeVirtual(java.lang.Object, java.lang.Object)'> (0x000000008387aa18) 
thrown [s\src\hotspot\share\interpreter\linkResolver.cpp, line 771]
Event: 8.984 Thread 0x000001bcb9e17a80 Exception <a 'java/lang/NoSuchMethodError'{0x00000000838afdb0}: static Lorg/gradle/internal/build/event/types/DefaultOperationFinishedProgressEvent;.<clinit>()V> (0x00000000838afdb0) 
thrown [s\src\hotspot\share\prims\jni.cpp, line 1108]
Event: 8.987 Thread 0x000001bcb9e17a80 Exception <a 'java/lang/NoSuchMethodError'{0x0000000083706608}: static Lorg/gradle/internal/build/event/types/DefaultProjectConfigurationSuccessResult;.<clinit>()V> (0x0000000083706608) 
thrown [s\src\hotspot\share\prims\jni.cpp, line 1108]
Event: 8.987 Thread 0x000001bcb9e17a80 Exception <a 'java/lang/NoSuchMethodError'{0x0000000083707908}: static Lorg/gradle/internal/build/event/types/AbstractProjectConfigurationResult;.<clinit>()V> (0x0000000083707908) 
thrown [s\src\hotspot\share\prims\jni.cpp, line 1108]
Event: 8.987 Thread 0x000001bcb9e17a80 Exception <a 'java/lang/NoSuchMethodError'{0x0000000083708e18}: static Lorg/gradle/internal/build/event/types/AbstractOperationResult;.<clinit>()V> (0x0000000083708e18) 
thrown [s\src\hotspot\share\prims\jni.cpp, line 1108]
Event: 8.987 Thread 0x000001bcb9e17a80 Exception <a 'java/lang/NoSuchMethodError'{0x000000008370a030}: static Lorg/gradle/internal/build/event/types/AbstractResult;.<clinit>()V> (0x000000008370a030) 
thrown [s\src\hotspot\share\prims\jni.cpp, line 1108]
Event: 8.989 Thread 0x000001bcb9e17a80 Exception <a 'java/lang/NoSuchMethodError'{0x0000000083720550}: static Lorg/gradle/internal/build/event/types/DefaultPluginApplicationResult;.<clinit>()V> (0x0000000083720550) 
thrown [s\src\hotspot\share\prims\jni.cpp, line 1108]
Event: 8.990 Thread 0x000001bcb9e17a80 Exception <a 'java/lang/NoSuchMethodError'{0x000000008372c130}: static Lorg/gradle/internal/build/event/types/DefaultBinaryPluginIdentifier;.<clinit>()V> (0x000000008372c130) 
thrown [s\src\hotspot\share\prims\jni.cpp, line 1108]
Event: 8.993 Thread 0x000001bcb9e17a80 Exception <a 'java/lang/NoSuchMethodError'{0x00000000837c3b28}: static Lorg/gradle/internal/build/event/types/DefaultScriptPluginIdentifier;.<clinit>()V> (0x00000000837c3b28) 
thrown [s\src\hotspot\share\prims\jni.cpp, line 1108]
Event: 9.045 Thread 0x000001bcbac14670 Implicit null exception at 0x000001bca4c0230f to 0x000001bca4c02b74
Event: 9.045 Thread 0x000001bcbac14670 Implicit null exception at 0x000001bca4c00914 to 0x000001bca4c01170
Event: 9.096 Thread 0x000001bcb4453ff0 Implicit null exception at 0x000001bca4a99f83 to 0x000001bca4a9a148
Event: 9.117 Thread 0x000001bcbac14670 Exception <a 'java/lang/NoSuchMethodError'{0x000000008527f5f0}: 'void java.lang.invoke.Invokers$Holder.invoke_MT(java.lang.Object, java.lang.Object, java.lang.Object, java.lang.Object)'> (0x000000008527f5f0) 
thrown [s\src\hotspot\share\interpreter\linkResolver.cpp, line 771]
Event: 9.262 Thread 0x000001bcbac14670 Exception <a 'java/lang/ClassNotFoundException'{0x0000000084a1a4b8}: sun/misc/SharedSecrets> (0x0000000084a1a4b8) 
thrown [s\src\hotspot\share\classfile\systemDictionary.cpp, line 256]
Event: 9.262 Thread 0x000001bcbac14670 Exception <a 'java/lang/ClassNotFoundException'{0x0000000084a1ba90}: org/gradle/api/internal/plugins/DefaultObjectConfigurationActionBeanInfo> (0x0000000084a1ba90) 
thrown [s\src\hotspot\share\classfile\systemDictionary.cpp, line 256]
Event: 9.264 Thread 0x000001bcbac14670 Exception <a 'java/lang/ClassNotFoundException'{0x0000000084a324c8}: org/gradle/api/internal/plugins/DefaultObjectConfigurationActionCustomizer> (0x0000000084a324c8) 
thrown [s\src\hotspot\share\classfile\systemDictionary.cpp, line 256]
Event: 9.983 Thread 0x000001bcbac14670 Exception <a 'java/lang/NoSuchMethodError'{0x0000000085d577c0}: 'int java.lang.invoke.DirectMethodHandle$Holder.invokeInterface(java.lang.Object, java.lang.Object, java.lang.Object, java.lang.Object)'> (0x0000000085d577c0) 
thrown [s\src\hotspot\share\interpreter\linkResolver.cpp, line 771]

VM Operations (20 events):
Event: 9.104 Executing VM operation: G1PauseCleanup
Event: 9.104 Executing VM operation: G1PauseCleanup done
Event: 9.628 Executing VM operation: G1CollectForAllocation
Event: 9.631 Executing VM operation: G1CollectForAllocation done
Event: 9.646 Executing VM operation: G1CollectForAllocation
Event: 9.648 Executing VM operation: G1CollectForAllocation done
Event: 9.847 Executing VM operation: G1CollectForAllocation
Event: 9.849 Executing VM operation: G1CollectForAllocation done
Event: 9.872 Executing VM operation: G1PauseRemark
Event: 9.874 Executing VM operation: G1PauseRemark done
Event: 9.884 Executing VM operation: G1PauseCleanup
Event: 9.884 Executing VM operation: G1PauseCleanup done
Event: 9.971 Executing VM operation: HandshakeAllThreads
Event: 9.971 Executing VM operation: HandshakeAllThreads done
Event: 9.981 Executing VM operation: HandshakeAllThreads
Event: 9.981 Executing VM operation: HandshakeAllThreads done
Event: 10.341 Executing VM operation: G1CollectForAllocation
Event: 10.343 Executing VM operation: G1CollectForAllocation done
Event: 10.384 Executing VM operation: G1CollectForAllocation
Event: 10.386 Executing VM operation: G1CollectForAllocation done

Events (20 events):
Event: 10.684 loading class javax/xml/parsers/DocumentBuilderFactory done
Event: 10.684 loading class javax/xml/parsers/FactoryFinder
Event: 10.685 loading class javax/xml/parsers/FactoryFinder done
Event: 10.685 loading class javax/xml/parsers/FactoryFinder$1
Event: 10.685 loading class javax/xml/parsers/FactoryFinder$1 done
Event: 10.686 loading class com/sun/org/apache/xerces/internal/jaxp/DocumentBuilderFactoryImpl
Event: 10.686 loading class com/sun/org/apache/xerces/internal/jaxp/DocumentBuilderFactoryImpl done
Event: 10.686 loading class com/sun/org/apache/xerces/internal/utils/XMLSecurityManager
Event: 10.687 loading class com/sun/org/apache/xerces/internal/utils/XMLSecurityManager done
Event: 10.687 loading class com/sun/org/apache/xerces/internal/utils/XMLSecurityManager$Limit
Event: 10.687 loading class com/sun/org/apache/xerces/internal/utils/XMLSecurityManager$Limit done
Event: 10.687 loading class com/sun/org/apache/xerces/internal/utils/XMLSecurityManager$NameMap
Event: 10.687 loading class com/sun/org/apache/xerces/internal/utils/XMLSecurityManager$NameMap done
Event: 10.687 loading class com/sun/org/apache/xerces/internal/utils/XMLSecurityPropertyManager
Event: 10.687 loading class com/sun/org/apache/xerces/internal/utils/XMLSecurityPropertyManager done
Event: 10.687 loading class com/sun/org/apache/xerces/internal/utils/XMLSecurityPropertyManager$State
Event: 10.687 loading class com/sun/org/apache/xerces/internal/utils/XMLSecurityPropertyManager$State done
Event: 10.687 loading class com/sun/org/apache/xerces/internal/utils/XMLSecurityPropertyManager$Property
Event: 10.687 loading class com/sun/org/apache/xerces/internal/utils/XMLSecurityPropertyManager$Property done
Event: 10.734 Thread 0x000001bcb9cc34a0 Thread added: 0x000001bcb9cc34a0


Dynamic libraries:
0x00007ff7435a0000 - 0x00007ff7435aa000 	C:\Program Files\Android\Android Studio\jbr\bin\java.exe
0x00007ff847430000 - 0x00007ff847628000 	C:\Windows\SYSTEM32\ntdll.dll
0x00007ff845950000 - 0x00007ff845a0d000 	C:\Windows\System32\KERNEL32.DLL
0x00007ff844f00000 - 0x00007ff8451f6000 	C:\Windows\System32\KERNELBASE.dll
0x00007ff845200000 - 0x00007ff845300000 	C:\Windows\System32\ucrtbase.dll
0x00007ff837170000 - 0x00007ff837187000 	C:\Program Files\Android\Android Studio\jbr\bin\jli.dll
0x00007ff8457a0000 - 0x00007ff84593f000 	C:\Windows\System32\USER32.dll
0x00007ff845430000 - 0x00007ff845452000 	C:\Windows\System32\win32u.dll
0x00007ff825940000 - 0x00007ff825bda000 	C:\Windows\WinSxS\amd64_microsoft.windows.common-controls_6595b64144ccf1df_6.0.19041.3636_none_60b6a03d71f818d5\COMCTL32.dll
0x00007ff8140e0000 - 0x00007ff8140fb000 	C:\Program Files\Android\Android Studio\jbr\bin\VCRUNTIME140.dll
0x00007ff847020000 - 0x00007ff84704b000 	C:\Windows\System32\GDI32.dll
0x00007ff8456a0000 - 0x00007ff84573e000 	C:\Windows\System32\msvcrt.dll
0x00007ff844bc0000 - 0x00007ff844cd7000 	C:\Windows\System32\gdi32full.dll
0x00007ff845390000 - 0x00007ff84542d000 	C:\Windows\System32\msvcp_win.dll
0x00007ff8473b0000 - 0x00007ff8473e2000 	C:\Windows\System32\IMM32.DLL
0x00007ff816ec0000 - 0x00007ff816ecc000 	C:\Program Files\Android\Android Studio\jbr\bin\vcruntime140_1.dll
0x00007fffebaa0000 - 0x00007fffebb2d000 	C:\Program Files\Android\Android Studio\jbr\bin\msvcp140.dll
0x00007fffed250000 - 0x00007fffeded3000 	C:\Program Files\Android\Android Studio\jbr\bin\server\jvm.dll
0x00007ff846a70000 - 0x00007ff846b20000 	C:\Windows\System32\ADVAPI32.dll
0x00007ff847290000 - 0x00007ff847330000 	C:\Windows\System32\sechost.dll
0x00007ff847160000 - 0x00007ff847283000 	C:\Windows\System32\RPCRT4.dll
0x00007ff844b90000 - 0x00007ff844bb7000 	C:\Windows\System32\bcrypt.dll
0x00007ff844890000 - 0x00007ff8448db000 	C:\Windows\SYSTEM32\POWRPROF.dll
0x00007ff83cc60000 - 0x00007ff83cc6a000 	C:\Windows\SYSTEM32\VERSION.dll
0x00007ff840240000 - 0x00007ff840249000 	C:\Windows\SYSTEM32\WSOCK32.dll
0x00007ff8427d0000 - 0x00007ff8427f7000 	C:\Windows\SYSTEM32\WINMM.dll
0x00007ff845e80000 - 0x00007ff845eeb000 	C:\Windows\System32\WS2_32.dll
0x00007ff844870000 - 0x00007ff844882000 	C:\Windows\SYSTEM32\UMPDC.dll
0x00007ff843300000 - 0x00007ff843312000 	C:\Windows\SYSTEM32\kernel.appcore.dll
0x00007ff83e220000 - 0x00007ff83e22a000 	C:\Program Files\Android\Android Studio\jbr\bin\jimage.dll
0x00007ff8425e0000 - 0x00007ff8427c4000 	C:\Windows\SYSTEM32\DBGHELP.DLL
0x00007ff8425a0000 - 0x00007ff8425d4000 	C:\Windows\SYSTEM32\dbgcore.DLL
0x00007ff845300000 - 0x00007ff845382000 	C:\Windows\System32\bcryptPrimitives.dll
0x00007ff83c340000 - 0x00007ff83c34e000 	C:\Program Files\Android\Android Studio\jbr\bin\instrument.dll
0x00007ff83d830000 - 0x00007ff83d855000 	C:\Program Files\Android\Android Studio\jbr\bin\java.dll
0x00007ff83d810000 - 0x00007ff83d828000 	C:\Program Files\Android\Android Studio\jbr\bin\zip.dll
0x00007ff846010000 - 0x00007ff84677b000 	C:\Windows\System32\SHELL32.dll
0x00007ff842b50000 - 0x00007ff8432ee000 	C:\Windows\SYSTEM32\windows.storage.dll
0x00007ff846b20000 - 0x00007ff846e73000 	C:\Windows\System32\combase.dll
0x00007ff8444a0000 - 0x00007ff8444ce000 	C:\Windows\SYSTEM32\Wldp.dll
0x00007ff8469a0000 - 0x00007ff846a6d000 	C:\Windows\System32\OLEAUT32.dll
0x00007ff8470b0000 - 0x00007ff84715d000 	C:\Windows\System32\SHCORE.dll
0x00007ff847050000 - 0x00007ff8470a5000 	C:\Windows\System32\shlwapi.dll
0x00007ff844a10000 - 0x00007ff844a33000 	C:\Windows\SYSTEM32\profapi.dll
0x00007ff83c500000 - 0x00007ff83c519000 	C:\Program Files\Android\Android Studio\jbr\bin\net.dll
0x00007ff83a920000 - 0x00007ff83aa2a000 	C:\Windows\SYSTEM32\WINHTTP.dll
0x00007ff8441a0000 - 0x00007ff84420a000 	C:\Windows\system32\mswsock.dll
0x00007ff83c4e0000 - 0x00007ff83c4f6000 	C:\Program Files\Android\Android Studio\jbr\bin\nio.dll
0x00007ff83c350000 - 0x00007ff83c360000 	C:\Program Files\Android\Android Studio\jbr\bin\verify.dll
0x00007ff83d860000 - 0x00007ff83d887000 	C:\Users\Admin\.gradle\native\c067742578af261105cb4f569cf0c3c89f3d7b1fecec35dd04571415982c5e48\windows-amd64\native-platform.dll
0x00007fffeb950000 - 0x00007fffeba94000 	C:\Users\Admin\.gradle\native\38dada09dfb8b06ba9b0570ebf7e218e3eb74d4ef43ca46872605cf95ebc2f47\windows-amd64\native-platform-file-events.dll
0x00007ff83c3f0000 - 0x00007ff83c3f9000 	C:\Program Files\Android\Android Studio\jbr\bin\management.dll
0x00007ff83c360000 - 0x00007ff83c36b000 	C:\Program Files\Android\Android Studio\jbr\bin\management_ext.dll
0x00007ff845940000 - 0x00007ff845948000 	C:\Windows\System32\PSAPI.DLL
0x00007ff8443a0000 - 0x00007ff8443b8000 	C:\Windows\SYSTEM32\CRYPTSP.dll
0x00007ff843ac0000 - 0x00007ff843af4000 	C:\Windows\system32\rsaenh.dll
0x00007ff8449d0000 - 0x00007ff8449fe000 	C:\Windows\SYSTEM32\USERENV.dll
0x00007ff844390000 - 0x00007ff84439c000 	C:\Windows\SYSTEM32\CRYPTBASE.dll
0x00007ff843e80000 - 0x00007ff843ebb000 	C:\Windows\SYSTEM32\IPHLPAPI.DLL
0x00007ff846f30000 - 0x00007ff846f38000 	C:\Windows\System32\NSI.dll
0x00007ff83be00000 - 0x00007ff83be17000 	C:\Windows\SYSTEM32\dhcpcsvc6.DLL
0x00007ff83cca0000 - 0x00007ff83ccbd000 	C:\Windows\SYSTEM32\dhcpcsvc.DLL
0x00007ff843ec0000 - 0x00007ff843f8b000 	C:\Windows\SYSTEM32\DNSAPI.dll
0x00007ff840230000 - 0x00007ff840237000 	C:\Windows\system32\wshunix.dll
0x00007ff83ccc0000 - 0x00007ff83ccca000 	C:\Windows\System32\rasadhlp.dll
0x00007ff8362a0000 - 0x00007ff836320000 	C:\Windows\System32\fwpuclnt.dll

dbghelp: loaded successfully - version: 4.0.5 - missing functions: none
symbol engine: initialized successfully - sym options: 0x614 - pdb path: .;C:\Program Files\Android\Android Studio\jbr\bin;C:\Windows\SYSTEM32;C:\Windows\WinSxS\amd64_microsoft.windows.common-controls_6595b64144ccf1df_6.0.19041.3636_none_60b6a03d71f818d5;C:\Program Files\Android\Android Studio\jbr\bin\server;C:\Users\Admin\.gradle\native\c067742578af261105cb4f569cf0c3c89f3d7b1fecec35dd04571415982c5e48\windows-amd64;C:\Users\Admin\.gradle\native\38dada09dfb8b06ba9b0570ebf7e218e3eb74d4ef43ca46872605cf95ebc2f47\windows-amd64

VM Arguments:
jvm_args: --add-opens=java.base/java.util=ALL-UNNAMED --add-opens=java.base/java.lang=ALL-UNNAMED --add-opens=java.base/java.lang.invoke=ALL-UNNAMED --add-opens=java.prefs/java.util.prefs=ALL-UNNAMED --add-opens=java.base/java.nio.charset=ALL-UNNAMED --add-opens=java.base/java.net=ALL-UNNAMED --add-opens=java.base/java.util.concurrent.atomic=ALL-UNNAMED -Xmx2048m -Dfile.encoding=UTF-8 -Duser.country=US -Duser.language=en -Duser.variant -javaagent:C:\Users\Admin\.gradle\wrapper\dists\gradle-8.4-bin\1w5dpkrfk8irigvoxmyhowfim\gradle-8.4\lib\agents\gradle-instrumentation-agent-8.4.jar 
java_command: org.gradle.launcher.daemon.bootstrap.GradleDaemon 8.4
java_class_path (initial): C:\Users\Admin\.gradle\wrapper\dists\gradle-8.4-bin\1w5dpkrfk8irigvoxmyhowfim\gradle-8.4\lib\gradle-launcher-8.4.jar
Launcher Type: SUN_STANDARD

[Global flags]
     intx CICompilerCount                          = 12                                        {product} {ergonomic}
     uint ConcGCThreads                            = 3                                         {product} {ergonomic}
     uint G1ConcRefinementThreads                  = 13                                        {product} {ergonomic}
   size_t G1HeapRegionSize                         = 1048576                                   {product} {ergonomic}
    uintx GCDrainStackTargetSize                   = 64                                        {product} {ergonomic}
   size_t InitialHeapSize                          = 98566144                                  {product} {ergonomic}
   size_t MarkStackSize                            = 4194304                                   {product} {ergonomic}
   size_t MaxHeapSize                              = 2147483648                                {product} {command line}
   size_t MaxNewSize                               = 1287651328                                {product} {ergonomic}
   size_t MinHeapDeltaBytes                        = 1048576                                   {product} {ergonomic}
   size_t MinHeapSize                              = 8388608                                   {product} {ergonomic}
    uintx NonNMethodCodeHeapSize                   = 7602480                                {pd product} {ergonomic}
    uintx NonProfiledCodeHeapSize                  = 122027880                              {pd product} {ergonomic}
    uintx ProfiledCodeHeapSize                     = 122027880                              {pd product} {ergonomic}
    uintx ReservedCodeCacheSize                    = 251658240                              {pd product} {ergonomic}
     bool SegmentedCodeCache                       = true                                      {product} {ergonomic}
   size_t SoftMaxHeapSize                          = 2147483648                             {manageable} {ergonomic}
     bool UseCompressedClassPointers               = true                           {product lp64_product} {ergonomic}
     bool UseCompressedOops                        = true                           {product lp64_product} {ergonomic}
     bool UseG1GC                                  = true                                      {product} {ergonomic}
     bool UseLargePagesIndividualAllocation        = false                                  {pd product} {ergonomic}

Logging:
Log output configuration:
 #0: stdout all=warning uptime,level,tags
 #1: stderr all=off uptime,level,tags

Environment Variables:
PATH=C:\Program Files\Common Files\Oracle\Java\javapath;C:\Program Files\Microsoft\jdk-11.0.16.101-hotspot\bin;C:\Windows\system32;C:\Windows;C:\Windows\System32\Wbem;C:\Windows\System32\WindowsPowerShell\v1.0\;C:\Windows\System32\OpenSSH\;C:\Program Files (x86)\Microsoft SQL Server\160\Tools\Binn\;C:\Program Files\Microsoft SQL Server\160\Tools\Binn\;C:\Program Files\Microsoft SQL Server\Client SDK\ODBC\170\Tools\Binn\;C:\Program Files\Microsoft SQL Server\160\DTS\Binn\;C:\Program Files (x86)\Microsoft SQL Server\160\DTS\Binn\;C:\Program Files\Microsoft SQL Server\150\Tools\Binn\;C:\Program Files\Git\cmd;C:\Program Files\dotnet\;C:\Users\Admin\AppData\Local\Microsoft\WindowsApps;C:\Program Files\Azure Data Studio\bin;C:\Program Files\JetBrains\IntelliJ IDEA Community Edition 2023.3.2\bin;;C:\Users\Admin\AppData\Local\GitHubDesktop\bin;C:\Users\Admin\.dotnet\tools;C:\Users\Admin\AppData\Local\Programs\Microsoft VS Code\bin
USERNAME=Admin
OS=Windows_NT
PROCESSOR_IDENTIFIER=AMD64 Family 23 Model 104 Stepping 1, AuthenticAMD
TMP=C:\Users\Admin\AppData\Local\Temp
TEMP=C:\Users\Admin\AppData\Local\Temp



Periodic native trim disabled

JNI global refs:
JNI global refs: 37, weak refs: 4

JNI global refs memory usage: 843, weak refs: 841

OOME stack traces (most recent first):
Classloader memory used:
Loader org.gradle.internal.classloader.VisitableURLClassLoader                         : 3591K
Loader bootstrap                                                                       : 3137K
Loader org.gradle.initialization.MixInLegacyTypesClassLoader                           : 1326K
Loader org.gradle.internal.classloader.VisitableURLClassLoader$InstrumentingVisitableURLClassLoader: 667K
Loader jdk.internal.loader.ClassLoaders$PlatformClassLoader                            : 100502B
Loader jdk.internal.reflect.DelegatingClassLoader                                      : 34288B
Loader jdk.internal.loader.ClassLoaders$AppClassLoader                                 : 28453B
Loader org.gradle.internal.classloader.VisitableURLClassLoader                         : 7737B

Classes loaded by more than one classloader:
Class Program                                                                         : loaded 4 times (x 72B)
Class com.google.common.collect.Iterators$MergingIterator                             : loaded 2 times (x 79B)
Class [Lcom.google.common.collect.AbstractMapEntry;                                   : loaded 2 times (x 67B)
Class com.google.common.collect.SingletonImmutableList                                : loaded 2 times (x 167B)
Class com.google.common.cache.CacheLoader$SupplierToCacheLoader                       : loaded 2 times (x 73B)
Class org.gradle.internal.classpath.ClassPath                                         : loaded 2 times (x 68B)
Class com.google.common.cache.RemovalListener                                         : loaded 2 times (x 68B)
Class org.gradle.api.internal.classpath.DefaultModuleRegistry                         : loaded 2 times (x 84B)
Class Settings_gradle$1$1                                                             : loaded 2 times (x 72B)
Class com.google.common.collect.ListMultimap                                          : loaded 2 times (x 68B)
Class com.google.common.base.CharMatcher$JavaDigit                                    : loaded 2 times (x 109B)
Class com.google.common.base.CharMatcher$Digit                                        : loaded 2 times (x 110B)
Class com.google.common.collect.AbstractMultimap                                      : loaded 2 times (x 121B)
Class com.google.common.cache.CacheBuilder$OneWeigher                                 : loaded 2 times (x 80B)
Class org.gradle.api.Action                                                           : loaded 2 times (x 68B)
Class com.google.common.collect.ImmutableEntry                                        : loaded 2 times (x 80B)
Class com.google.common.collect.Lists$StringAsImmutableList                           : loaded 2 times (x 167B)
Class com.google.common.base.CharMatcher                                              : loaded 2 times (x 109B)
Class com.google.common.base.CharMatcher$IsNot                                        : loaded 2 times (x 109B)
Class com.google.common.base.Splitter                                                 : loaded 2 times (x 70B)
Class [Lcom.google.common.cache.Weigher;                                              : loaded 2 times (x 67B)
Class com.google.common.collect.Iterators$ArrayItr                                    : loaded 2 times (x 95B)
Class com.google.common.cache.LocalCache$Segment                                      : loaded 2 times (x 152B)
Class org.gradle.api.internal.DefaultClassPathProvider                                : loaded 2 times (x 74B)
Class org.gradle.internal.installation.GradleInstallation$1                           : loaded 2 times (x 73B)
Class com.google.common.base.CharMatcher$BitSetMatcher                                : loaded 2 times (x 110B)
Class com.google.common.collect.ImmutableMap$IteratorBasedImmutableMap                : loaded 2 times (x 123B)
Class com.google.common.collect.ImmutableMap                                          : loaded 2 times (x 118B)
Class com.google.common.base.Converter                                                : loaded 2 times (x 88B)
Class com.google.common.collect.ImmutableSet$EmptySetBuilderImpl                      : loaded 2 times (x 74B)
Class com.google.common.base.Equivalence                                              : loaded 2 times (x 80B)
Class com.google.common.cache.LocalCache$EntryFactory$1                               : loaded 2 times (x 81B)
Class com.google.common.cache.LocalCache$EntryFactory$2                               : loaded 2 times (x 81B)
Class com.google.common.cache.LocalCache$EntryFactory$3                               : loaded 2 times (x 81B)
Class com.google.common.cache.LocalCache$EntryFactory$4                               : loaded 2 times (x 81B)
Class com.google.common.cache.LocalCache$EntryFactory$5                               : loaded 2 times (x 81B)
Class com.google.common.cache.LocalCache$EntryFactory$6                               : loaded 2 times (x 81B)
Class com.google.common.cache.LocalCache$EntryFactory$7                               : loaded 2 times (x 81B)
Class com.google.common.cache.LocalCache$EntryFactory$8                               : loaded 2 times (x 81B)
Class com.google.common.base.Predicate                                                : loaded 2 times (x 68B)
Class org.gradle.internal.classloader.FilteringClassLoader                            : loaded 2 times (x 103B)
Class com.google.common.collect.RegularImmutableSet                                   : loaded 2 times (x 146B)
Class [Lcom.google.common.cache.LocalCache$Strength;                                  : loaded 2 times (x 67B)
Class org.gradle.internal.classpath.DefaultClassPath$ImmutableUniqueList$Builder      : loaded 2 times (x 73B)
Class com.google.common.collect.Maps$8                                                : loaded 2 times (x 80B)
Class [Lcom.google.common.cache.CacheBuilder$NullListener;                            : loaded 2 times (x 67B)
Class com.google.common.base.PatternCompiler                                          : loaded 2 times (x 68B)
Class com.google.common.base.CharMatcher$InRange                                      : loaded 2 times (x 109B)
Class com.google.common.collect.BiMap                                                 : loaded 2 times (x 68B)
Class com.google.common.collect.Lists                                                 : loaded 2 times (x 69B)
Class com.google.common.math.IntMath$1                                                : loaded 2 times (x 69B)
Class org.gradle.internal.classloader.ClassLoaderVisitor                              : loaded 2 times (x 74B)
Class com.google.common.cache.CacheBuilder$NullListener                               : loaded 2 times (x 80B)
Class com.google.common.math.MathPreconditions                                        : loaded 2 times (x 69B)
Class org.gradle.internal.service.DefaultServiceLocator                               : loaded 2 times (x 81B)
Class org.gradle.internal.service.UnknownServiceException                             : loaded 2 times (x 81B)
Class com.google.common.collect.ArrayListMultimap                                     : loaded 2 times (x 170B)
Class com.google.common.base.Strings                                                  : loaded 2 times (x 69B)
Class com.google.common.cache.CacheLoader$InvalidCacheLoadException                   : loaded 2 times (x 80B)
Class org.gradle.internal.classloader.DefaultClassLoaderFactory                       : loaded 2 times (x 80B)
Class com.google.common.collect.UnmodifiableIterator                                  : loaded 2 times (x 78B)
Class com.google.common.base.Platform$JdkPatternCompiler                              : loaded 2 times (x 73B)
Class com.google.common.cache.LocalCache$LoadingValueReference                        : loaded 2 times (x 94B)
Class com.google.common.base.CharMatcher$SingleWidth                                  : loaded 2 times (x 110B)
Class com.google.common.collect.Hashing                                               : loaded 2 times (x 69B)
Class com.google.common.base.JdkPattern                                               : loaded 2 times (x 73B)
Class com.google.common.collect.Multimap                                              : loaded 2 times (x 68B)
Class com.google.common.base.FunctionalEquivalence                                    : loaded 2 times (x 81B)
Class com.google.common.cache.LocalCache$1                                            : loaded 2 times (x 87B)
Class com.google.common.cache.LocalCache$2                                            : loaded 2 times (x 140B)
Class com.google.common.collect.RegularImmutableBiMap                                 : loaded 2 times (x 146B)
Class org.gradle.internal.classloader.VisitableURLClassLoader$Spec                    : loaded 2 times (x 72B)
Class org.gradle.api.GradleException                                                  : loaded 2 times (x 80B)
Class com.google.common.base.CharMatcher$JavaLetterOrDigit                            : loaded 2 times (x 109B)
Class org.gradle.api.internal.classpath.ModuleRegistry                                : loaded 2 times (x 68B)
Class com.google.common.collect.ForwardingObject                                      : loaded 2 times (x 70B)
Class com.google.common.cache.CacheBuilder                                            : loaded 2 times (x 70B)
Class com.google.common.collect.ImmutableCollection                                   : loaded 2 times (x 123B)
Class com.google.common.base.PairwiseEquivalence                                      : loaded 2 times (x 81B)
Class com.google.common.base.Ticker                                                   : loaded 2 times (x 70B)
Class org.gradle.api.internal.ClassPathProvider                                       : loaded 2 times (x 68B)
Class com.google.common.collect.RegularImmutableMap$Values                            : loaded 2 times (x 167B)
Class org.gradle.internal.classloader.ClasspathUtil$1                                 : loaded 2 times (x 74B)
Class com.google.common.collect.ImmutableEnumMap                                      : loaded 2 times (x 123B)
Class com.google.common.collect.ForwardingMap                                         : loaded 2 times (x 130B)
Class com.google.common.collect.ImmutableList$ReverseImmutableList                    : loaded 2 times (x 168B)
Class com.google.common.cache.AbstractCache$StatsCounter                              : loaded 2 times (x 68B)
Class com.google.common.cache.LocalCache$Strength$1                                   : loaded 2 times (x 79B)
Class com.google.common.cache.LocalCache$Strength$2                                   : loaded 2 times (x 79B)
Class com.google.common.cache.LocalCache$Strength$3                                   : loaded 2 times (x 79B)
Class org.gradle.internal.classloader.ClassLoaderFactory                              : loaded 2 times (x 68B)
Class com.google.common.collect.ObjectArrays                                          : loaded 2 times (x 69B)
Class com.google.common.collect.Iterators$10                                          : loaded 2 times (x 79B)
Class com.google.common.collect.ImmutableList                                         : loaded 2 times (x 166B)
Class org.gradle.api.internal.classpath.ManifestUtil                                  : loaded 2 times (x 69B)
Class org.gradle.api.specs.Spec                                                       : loaded 2 times (x 68B)
Class com.google.common.cache.CacheLoader$UnsupportedLoadingOperationException        : loaded 2 times (x 80B)
Class com.google.common.base.CharMatcher$Whitespace                                   : loaded 2 times (x 110B)
Class com.google.common.collect.Iterators$1                                           : loaded 2 times (x 79B)
Class com.google.common.collect.Iterators$4                                           : loaded 2 times (x 80B)
Class com.google.common.collect.RegularImmutableMap$BucketOverflowException           : loaded 2 times (x 80B)
Class com.google.common.collect.Iterators$5                                           : loaded 2 times (x 80B)
Class com.google.common.base.Equivalence$Equals                                       : loaded 2 times (x 80B)
Class com.google.common.base.Preconditions                                            : loaded 2 times (x 69B)
Class com.google.common.base.Function                                                 : loaded 2 times (x 68B)
Class com.google.common.collect.Iterators$9                                           : loaded 2 times (x 79B)
Class org.gradle.internal.IoActions                                                   : loaded 2 times (x 69B)
Class com.google.common.cache.ReferenceEntry                                          : loaded 2 times (x 68B)
Class com.google.common.collect.RegularImmutableMap$KeySet                            : loaded 2 times (x 148B)
Class com.google.common.collect.CollectPreconditions                                  : loaded 2 times (x 69B)
Class com.google.common.collect.Maps                                                  : loaded 2 times (x 69B)
Class com.google.common.collect.RegularImmutableMap                                   : loaded 2 times (x 119B)
Class com.google.common.collect.AbstractIndexedListIterator                           : loaded 2 times (x 94B)
Class com.google.common.base.CharMatcher$None                                         : loaded 2 times (x 110B)
Class org.gradle.api.internal.classpath.EffectiveClassPath                            : loaded 2 times (x 88B)
Class com.google.common.collect.UnmodifiableListIterator                              : loaded 2 times (x 93B)
Class com.google.common.cache.CacheLoader$FunctionToCacheLoader                       : loaded 2 times (x 73B)
Class com.google.common.cache.CacheBuilder$1                                          : loaded 2 times (x 83B)
Class com.google.common.cache.CacheBuilder$2                                          : loaded 2 times (x 70B)
Class com.google.common.collect.ImmutableList$1                                       : loaded 2 times (x 95B)
Class com.google.common.base.Splitter$Strategy                                        : loaded 2 times (x 68B)
Class com.google.common.collect.ImmutableMapEntrySet$RegularEntrySet                  : loaded 2 times (x 149B)
Class [Lcom.google.common.cache.RemovalListener;                                      : loaded 2 times (x 67B)
Class [Lcom.google.common.collect.ImmutableMapEntry;                                  : loaded 2 times (x 67B)
Class org.gradle.internal.installation.CurrentGradleInstallation                      : loaded 2 times (x 71B)
Class org.gradle.internal.agents.InstrumentingClassLoader                             : loaded 2 times (x 68B)
Class org.gradle.internal.installation.CurrentGradleInstallationLocator               : loaded 2 times (x 69B)
Class [Lcom.google.common.cache.LocalCache$Segment;                                   : loaded 2 times (x 67B)
Class org.gradle.api.internal.classpath.Module                                        : loaded 2 times (x 68B)
Class com.google.common.base.Splitter$1$1                                             : loaded 2 times (x 84B)
Class com.google.common.collect.ImmutableSet$JdkBackedSetBuilderImpl                  : loaded 2 times (x 74B)
Class com.google.common.collect.ImmutableSet$RegularSetBuilderImpl                    : loaded 2 times (x 75B)
Class org.gradle.internal.service.CachingServiceLocator                               : loaded 2 times (x 80B)
Class [Lcom.google.common.collect.ImmutableEntry;                                     : loaded 2 times (x 67B)
Class org.gradle.internal.classpath.DefaultClassPath                                  : loaded 2 times (x 88B)
Class com.google.common.base.Splitter$SplittingIterator                               : loaded 2 times (x 82B)
Class com.google.common.cache.LocalCache$LocalManualCache$1                           : loaded 2 times (x 73B)
Class Build_gradle$1                                                                  : loaded 2 times (x 76B)
Class [Lcom.google.common.cache.LocalCache$EntryFactory;                              : loaded 2 times (x 67B)
Class com.google.common.base.CharMatcher$Is                                           : loaded 2 times (x 109B)
Class com.google.common.base.Platform                                                 : loaded 2 times (x 69B)
Class com.google.common.collect.RegularImmutableAsList                                : loaded 2 times (x 176B)
Class com.google.common.collect.PeekingIterator                                       : loaded 2 times (x 68B)
Class com.google.common.collect.ImmutableMapEntrySet                                  : loaded 2 times (x 149B)
Class com.google.common.cache.CacheLoader                                             : loaded 2 times (x 72B)
Class com.google.common.collect.ImmutableBiMapFauxverideShim                          : loaded 2 times (x 118B)
Class com.google.common.cache.Cache                                                   : loaded 2 times (x 68B)
Class org.gradle.internal.classloader.SystemClassLoaderSpec                           : loaded 2 times (x 69B)
Class com.google.common.collect.SingletonImmutableSet                                 : loaded 2 times (x 144B)
Class [Lcom.google.common.base.AbstractIterator$State;                                : loaded 2 times (x 67B)
Class com.google.common.collect.ImmutableMap$Builder                                  : loaded 2 times (x 80B)
Class com.google.common.base.AbstractIterator                                         : loaded 2 times (x 78B)
Class com.google.common.base.AbstractIterator$1                                       : loaded 2 times (x 69B)
Class [Lcom.google.common.cache.CacheBuilder$OneWeigher;                              : loaded 2 times (x 67B)
Class com.google.common.collect.Iterators                                             : loaded 2 times (x 69B)
Class com.google.common.base.CharMatcher$1                                            : loaded 2 times (x 111B)
Class com.google.common.base.CharMatcher$Ascii                                        : loaded 2 times (x 110B)
Class com.google.common.cache.LocalCache$ComputingValueReference                      : loaded 2 times (x 94B)
Class org.gradle.api.UncheckedIOException                                             : loaded 2 times (x 80B)
Class com.google.common.base.CharMatcher$And                                          : loaded 2 times (x 110B)
Class com.google.common.collect.IndexedImmutableSet                                   : loaded 2 times (x 148B)
Class com.google.common.collect.AbstractListMultimap                                  : loaded 2 times (x 170B)
Class com.google.common.base.CharMatcher$Any                                          : loaded 2 times (x 110B)
Class org.gradle.internal.installation.GradleInstallation                             : loaded 2 times (x 73B)
Class com.google.common.cache.LocalCache$Strength                                     : loaded 2 times (x 79B)
Class com.google.common.collect.ArrayListMultimapGwtSerializationDependencies         : loaded 2 times (x 170B)
Class com.google.common.base.CharMatcher$RangesMatcher                                : loaded 2 times (x 110B)
Class com.google.common.collect.ImmutableList$SubList                                 : loaded 2 times (x 168B)
Class com.google.common.cache.LocalCache$ValueReference                               : loaded 2 times (x 68B)
Class org.gradle.internal.classloader.ClasspathUtil                                   : loaded 2 times (x 69B)
Class com.google.common.base.Splitter$1                                               : loaded 2 times (x 75B)
Class com.google.common.base.Ticker$1                                                 : loaded 2 times (x 70B)
Class com.google.common.collect.Maps$BiMapConverter                                   : loaded 2 times (x 88B)
Class org.gradle.api.internal.DefaultClassPathRegistry                                : loaded 2 times (x 74B)
Class com.google.common.collect.ImmutableSet$SetBuilderImpl                           : loaded 2 times (x 74B)
Class org.gradle.api.internal.classpath.DefaultModuleRegistry$DefaultModule           : loaded 2 times (x 84B)
Class com.google.common.base.CharMatcher$JavaIsoControl                               : loaded 2 times (x 110B)
Class com.google.common.collect.ImmutableMap$1                                        : loaded 2 times (x 79B)
Class com.google.common.base.CharMatcher$Or                                           : loaded 2 times (x 110B)
Class org.gradle.kotlin.dsl.VersionCatalogAccessorsKt                                 : loaded 2 times (x 69B)
Class com.google.common.base.Suppliers$SupplierOfInstance                             : loaded 2 times (x 77B)
Class com.google.common.collect.Iterables                                             : loaded 2 times (x 69B)
Class com.google.common.base.CharMatcher$JavaLowerCase                                : loaded 2 times (x 109B)
Class org.gradle.api.internal.classpath.UnknownModuleException                        : loaded 2 times (x 80B)
Class com.google.common.collect.Maps$EntryTransformer                                 : loaded 2 times (x 68B)
Class com.google.common.collect.ImmutableCollection$Builder                           : loaded 2 times (x 74B)
Class com.google.common.collect.SingletonImmutableBiMap                               : loaded 2 times (x 141B)
Class com.google.common.base.CommonPattern                                            : loaded 2 times (x 72B)
Class com.google.common.base.Suppliers                                                : loaded 2 times (x 69B)
Class com.google.common.cache.LoadingCache                                            : loaded 2 times (x 68B)
Class org.gradle.internal.service.ServiceLookupException                              : loaded 2 times (x 80B)
Class org.gradle.cache.GlobalCache                                                    : loaded 2 times (x 68B)
Class com.google.common.base.CharMatcher$NegatedFastMatcher                           : loaded 2 times (x 111B)
Class [Lorg.gradle.api.internal.ClassPathProvider;                                    : loaded 2 times (x 67B)
Class org.gradle.util.internal.GUtil                                                  : loaded 2 times (x 69B)
Class com.google.common.math.IntMath                                                  : loaded 2 times (x 69B)
Class com.google.common.collect.AbstractIterator                                      : loaded 2 times (x 80B)
Class org.gradle.internal.classloader.ClassLoaderSpec                                 : loaded 2 times (x 69B)
Class com.google.common.base.NullnessCasts                                            : loaded 2 times (x 69B)
Class com.google.common.cache.LocalCache$LocalManualCache                             : loaded 2 times (x 97B)
Class com.google.common.collect.AbstractMapEntry                                      : loaded 2 times (x 79B)
Class com.google.common.base.CharMatcher$Negated                                      : loaded 2 times (x 111B)
Class com.google.common.cache.CacheLoader$1                                           : loaded 2 times (x 73B)
Class com.google.common.collect.ImmutableSet$Builder                                  : loaded 2 times (x 83B)
Class com.google.common.base.CharMatcher$ForPredicate                                 : loaded 2 times (x 110B)
Class com.google.common.collect.ImmutableMap$MapViewOfValuesAsSingletonSets           : loaded 2 times (x 123B)
Class com.google.common.base.MoreObjects                                              : loaded 2 times (x 69B)
Class com.google.common.collect.SortedMapDifference                                   : loaded 2 times (x 68B)
Class com.google.common.cache.CacheStats                                              : loaded 2 times (x 69B)
Class org.gradle.internal.classloader.VisitableURLClassLoader                         : loaded 2 times (x 115B)
Class com.google.common.cache.LocalCache$LocalLoadingCache                            : loaded 2 times (x 132B)
Class com.google.common.base.Supplier                                                 : loaded 2 times (x 68B)
Class com.google.common.collect.ImmutableBiMap                                        : loaded 2 times (x 141B)
Class org.gradle.internal.Cast                                                        : loaded 2 times (x 69B)
Class Build_gradle                                                                    : loaded 2 times (x 70B)
Class org.gradle.api.internal.ClassPathRegistry                                       : loaded 2 times (x 68B)
Class com.google.common.cache.LocalCache$EntryFactory                                 : loaded 2 times (x 81B)
Class com.google.common.util.concurrent.UncheckedExecutionException                   : loaded 2 times (x 80B)
Class com.google.common.collect.ImmutableSet                                          : loaded 2 times (x 143B)
Class org.gradle.internal.classloader.VisitableURLClassLoader$InstrumentingVisitableURLClassLoader: loaded 2 times (x 121B)
Class org.gradle.internal.classloader.ClassLoaderHierarchy                            : loaded 2 times (x 68B)
Class com.google.common.base.AbstractIterator$State                                   : loaded 2 times (x 77B)
Class com.google.common.cache.Weigher                                                 : loaded 2 times (x 68B)
Class com.google.common.base.CharMatcher$NamedFastMatcher                             : loaded 2 times (x 110B)
Class org.gradle.internal.InternalTransformer                                         : loaded 2 times (x 68B)
Class org.gradle.internal.service.ServiceLocator                                      : loaded 2 times (x 68B)
Class Settings_gradle$1                                                               : loaded 2 times (x 72B)
Class com.google.common.collect.ImmutableMapEntry                                     : loaded 2 times (x 83B)
Class com.google.common.base.CharMatcher$Invisible                                    : loaded 2 times (x 110B)
Class com.google.common.base.CharMatcher$FastMatcher                                  : loaded 2 times (x 109B)
Class org.gradle.internal.classpath.DefaultClassPath$ImmutableUniqueList              : loaded 2 times (x 159B)
Class com.google.common.base.CharMatcher$JavaLetter                                   : loaded 2 times (x 109B)
Class org.gradle.internal.classpath.TransformedClassPath                              : loaded 2 times (x 94B)
Class com.google.common.collect.MapDifference                                         : loaded 2 times (x 68B)
Class Settings_gradle                                                                 : loaded 2 times (x 126B)
Class com.google.common.collect.Platform                                              : loaded 2 times (x 69B)
Class com.google.common.collect.ImmutableAsList                                       : loaded 2 times (x 169B)
Class com.google.common.util.concurrent.ExecutionError                                : loaded 2 times (x 80B)
Class com.google.common.base.Equivalence$Identity                                     : loaded 2 times (x 80B)
Class com.google.common.base.CharMatcher$AnyOf                                        : loaded 2 times (x 110B)
Class com.google.common.base.CharMatcher$IsEither                                     : loaded 2 times (x 109B)
Class com.google.common.cache.LocalCache                                              : loaded 2 times (x 185B)
Class com.google.common.collect.RegularImmutableList                                  : loaded 2 times (x 172B)
Class com.google.common.base.CharMatcher$JavaUpperCase                                : loaded 2 times (x 109B)
Class com.google.common.collect.Multiset                                              : loaded 2 times (x 68B)
Class com.google.common.collect.ImmutableSet$CachingAsList                            : loaded 2 times (x 145B)
Class com.google.common.collect.ImmutableMapEntry$NonTerminalImmutableMapEntry        : loaded 2 times (x 83B)
Class com.google.common.collect.AbstractMapBasedMultimap                              : loaded 2 times (x 137B)


---------------  S Y S T E M  ---------------

OS:
 Windows 10 , 64 bit Build 19041 (10.0.19041.3636)
OS uptime: 0 days 0:17 hours

CPU: total 16 (initial active 16) (16 cores per cpu, 2 threads per core) family 23 model 104 stepping 1 microcode 0x0, cx8, cmov, fxsr, ht, mmx, 3dnowpref, sse, sse2, sse3, ssse3, sse4a, sse4.1, sse4.2, popcnt, lzcnt, tsc, tscinvbit, avx, avx2, aes, clmul, bmi1, bmi2, adx, sha, fma, vzeroupper, clflush, clflushopt
Processor Information for all 16 processors :
  Max Mhz: 1801, Current Mhz: 1801, Mhz Limit: 1801

Memory: 4k page, system-wide physical 5966M (433M free)
TotalPageFile size 10062M (AvailPageFile size 2M)
current process WorkingSet (physical memory assigned to process): 304M, peak: 307M
current process commit charge ("private bytes"): 348M, peak: 353M

vm_info: OpenJDK 64-Bit Server VM (17.0.9+0--11185874) for windows-amd64 JRE (17.0.9+0--11185874), built on Dec  6 2023 18:57:44 by "androidbuild" with MS VC++ 16.10 / 16.11 (VS2019)

END.
