#
# There is insufficient memory for the Java Runtime Environment to continue.
# Native memory allocation (malloc) failed to allocate 1134656 bytes for Chunk::new
# Possible reasons:
#   The system is out of physical RAM or swap space
#   The process is running with CompressedOops enabled, and the Java Heap may be blocking the growth of the native heap
# Possible solutions:
#   Reduce memory load on the system
#   Increase physical memory or swap space
#   Check if swap backing store is full
#   Decrease Java heap size (-Xmx/-Xms)
#   Decrease number of Java threads
#   Decrease Java thread stack sizes (-Xss)
#   Set larger code cache with -XX:ReservedCodeCacheSize=
#   JVM is running with Unscaled Compressed Oops mode in which the Java heap is
#     placed in the first 4GB address space. The Java Heap base address is the
#     maximum limit for the native heap growth. Please use -XX:HeapBaseMinAddress
#     to set the Java Heap base and to place the Java Heap above 4GB virtual address.
# This output file may be truncated or incomplete.
#
#  Out of Memory Error (arena.cpp:191), pid=4948, tid=13760
#
# JRE version: OpenJDK Runtime Environment (17.0.9) (build 17.0.9+0--11185874)
# Java VM: OpenJDK 64-Bit Server VM (17.0.9+0--11185874, mixed mode, tiered, compressed oops, compressed class ptrs, g1 gc, windows-amd64)
# No core dump will be written. Minidumps are not enabled by default on client versions of Windows
#

---------------  S U M M A R Y ------------

Command Line: --add-opens=java.base/java.util=ALL-UNNAMED --add-opens=java.base/java.lang=ALL-UNNAMED --add-opens=java.base/java.lang.invoke=ALL-UNNAMED --add-opens=java.prefs/java.util.prefs=ALL-UNNAMED --add-opens=java.base/java.nio.charset=ALL-UNNAMED --add-opens=java.base/java.net=ALL-UNNAMED --add-opens=java.base/java.util.concurrent.atomic=ALL-UNNAMED -Xmx2048m -Dfile.encoding=UTF-8 -Duser.country=US -Duser.language=en -Duser.variant -javaagent:C:\Users\Admin\.gradle\wrapper\dists\gradle-8.4-bin\1w5dpkrfk8irigvoxmyhowfim\gradle-8.4\lib\agents\gradle-instrumentation-agent-8.4.jar org.gradle.launcher.daemon.bootstrap.GradleDaemon 8.4

Host: AMD Ryzen 7 5700U with Radeon Graphics         , 16 cores, 5G,  Windows 10 , 64 bit Build 19041 (10.0.19041.3636)
Time: Tue May  7 00:27:20 2024 SE Asia Standard Time elapsed time: 6.799998 seconds (0d 0h 0m 6s)

---------------  T H R E A D  ---------------

Current thread (0x0000025d6d51d000):  JavaThread "C2 CompilerThread1" daemon [_thread_in_native, id=13760, stack(0x000000a26dc00000,0x000000a26dd00000)]


Current CompileTask:
C2:   6800 4749   !   4       java.net.URLClassLoader::findClass (47 bytes)

Stack: [0x000000a26dc00000,0x000000a26dd00000]
Native frames: (J=compiled Java code, j=interpreted, Vv=VM code, C=native code)
V  [jvm.dll+0x6886e9]
V  [jvm.dll+0x841e4a]
V  [jvm.dll+0x843a8e]
V  [jvm.dll+0x8440f3]
V  [jvm.dll+0x24c14f]
V  [jvm.dll+0xac44c]
V  [jvm.dll+0xaca9c]
V  [jvm.dll+0x2b376f]
V  [jvm.dll+0x590767]
V  [jvm.dll+0x226762]
V  [jvm.dll+0x226b4f]
V  [jvm.dll+0x21fc76]
V  [jvm.dll+0x21d0c1]
V  [jvm.dll+0x1a674d]
V  [jvm.dll+0x22d088]
V  [jvm.dll+0x22b1c0]
V  [jvm.dll+0x7f62f7]
V  [jvm.dll+0x7f06aa]
V  [jvm.dll+0x687565]
C  [ucrtbase.dll+0x21bb2]
C  [KERNEL32.DLL+0x17344]
C  [ntdll.dll+0x526b1]


---------------  P R O C E S S  ---------------

Threads class SMR info:
_java_thread_list=0x0000025d6df10b30, length=43, elements={
0x0000025d4c1df990, 0x0000025d6b013620, 0x0000025d6b0143b0, 0x0000025d66bee1a0,
0x0000025d6b031250, 0x0000025d6b033b30, 0x0000025d6b034400, 0x0000025d6b034cd0,
0x0000025d6b0392f0, 0x0000025d6b04a3f0, 0x0000025d6b179aa0, 0x0000025d6b1f9010,
0x0000025d6b2d56c0, 0x0000025d6beece70, 0x0000025d6bcbecb0, 0x0000025d6d6bff80,
0x0000025d6c0eced0, 0x0000025d6c7d1100, 0x0000025d6c70b760, 0x0000025d6cba07c0,
0x0000025d6d7e1330, 0x0000025d6d7e0e20, 0x0000025d6d7e1840, 0x0000025d6d7e1d50,
0x0000025d6d7e2260, 0x0000025d6d51d000, 0x0000025d6ca47ec0, 0x0000025d6ca4bb80,
0x0000025d6ca4b670, 0x0000025d6ca4a740, 0x0000025d6ca483d0, 0x0000025d6ca49300,
0x0000025d6ca4c5a0, 0x0000025d6ca4ac50, 0x0000025d6ca4cab0, 0x0000025d6ca479b0,
0x0000025d6ca474a0, 0x0000025d6ca4a230, 0x0000025d6ca48df0, 0x0000025d6ca488e0,
0x0000025d6e650fb0, 0x0000025d6e650aa0, 0x0000025d6e653320
}

Java Threads: ( => current thread )
  0x0000025d4c1df990 JavaThread "main" [_thread_blocked, id=10092, stack(0x000000a26ae00000,0x000000a26af00000)]
  0x0000025d6b013620 JavaThread "Reference Handler" daemon [_thread_blocked, id=10208, stack(0x000000a26b500000,0x000000a26b600000)]
  0x0000025d6b0143b0 JavaThread "Finalizer" daemon [_thread_blocked, id=8676, stack(0x000000a26b600000,0x000000a26b700000)]
  0x0000025d66bee1a0 JavaThread "Signal Dispatcher" daemon [_thread_blocked, id=4440, stack(0x000000a26b700000,0x000000a26b800000)]
  0x0000025d6b031250 JavaThread "Attach Listener" daemon [_thread_blocked, id=10632, stack(0x000000a26b800000,0x000000a26b900000)]
  0x0000025d6b033b30 JavaThread "Service Thread" daemon [_thread_blocked, id=14028, stack(0x000000a26b900000,0x000000a26ba00000)]
  0x0000025d6b034400 JavaThread "Monitor Deflation Thread" daemon [_thread_blocked, id=10756, stack(0x000000a26ba00000,0x000000a26bb00000)]
  0x0000025d6b034cd0 JavaThread "C2 CompilerThread0" daemon [_thread_in_native, id=10768, stack(0x000000a26bb00000,0x000000a26bc00000)]
  0x0000025d6b0392f0 JavaThread "C1 CompilerThread0" daemon [_thread_blocked, id=10764, stack(0x000000a26bc00000,0x000000a26bd00000)]
  0x0000025d6b04a3f0 JavaThread "Sweeper thread" daemon [_thread_blocked, id=10772, stack(0x000000a26bd00000,0x000000a26be00000)]
  0x0000025d6b179aa0 JavaThread "Common-Cleaner" daemon [_thread_blocked, id=10576, stack(0x000000a26be00000,0x000000a26bf00000)]
  0x0000025d6b1f9010 JavaThread "C1 CompilerThread1" daemon [_thread_blocked, id=10572, stack(0x000000a26bf00000,0x000000a26c000000)]
  0x0000025d6b2d56c0 JavaThread "Notification Thread" daemon [_thread_blocked, id=3728, stack(0x000000a26c000000,0x000000a26c100000)]
  0x0000025d6beece70 JavaThread "C1 CompilerThread2" daemon [_thread_blocked, id=10228, stack(0x000000a26c300000,0x000000a26c400000)]
  0x0000025d6bcbecb0 JavaThread "C1 CompilerThread3" daemon [_thread_blocked, id=6516, stack(0x000000a26c400000,0x000000a26c500000)]
  0x0000025d6d6bff80 JavaThread "Daemon health stats" [_thread_blocked, id=14864, stack(0x000000a26c900000,0x000000a26ca00000)]
  0x0000025d6c0eced0 JavaThread "Incoming local TCP Connector on port 57962" [_thread_in_native, id=9876, stack(0x000000a26c200000,0x000000a26c300000)]
  0x0000025d6c7d1100 JavaThread "Daemon periodic checks" [_thread_blocked, id=12544, stack(0x000000a26ca00000,0x000000a26cb00000)]
  0x0000025d6c70b760 JavaThread "Daemon" [_thread_blocked, id=6384, stack(0x000000a26cb00000,0x000000a26cc00000)]
  0x0000025d6cba07c0 JavaThread "Handler for socket connection from /127.0.0.1:57962 to /127.0.0.1:57963" [_thread_in_native, id=15000, stack(0x000000a26cc00000,0x000000a26cd00000)]
  0x0000025d6d7e1330 JavaThread "Cancel handler" [_thread_blocked, id=2300, stack(0x000000a26cd00000,0x000000a26ce00000)]
  0x0000025d6d7e0e20 JavaThread "Daemon worker" [_thread_in_vm, id=13224, stack(0x000000a26ce00000,0x000000a26cf00000)]
  0x0000025d6d7e1840 JavaThread "Asynchronous log dispatcher for DefaultDaemonConnection: socket connection from /127.0.0.1:57962 to /127.0.0.1:57963" [_thread_blocked, id=6900, stack(0x000000a26cf00000,0x000000a26d000000)]
  0x0000025d6d7e1d50 JavaThread "Stdin handler" [_thread_blocked, id=12144, stack(0x000000a26d000000,0x000000a26d100000)]
  0x0000025d6d7e2260 JavaThread "Daemon client event forwarder" [_thread_blocked, id=11572, stack(0x000000a26d100000,0x000000a26d200000)]
=>0x0000025d6d51d000 JavaThread "C2 CompilerThread1" daemon [_thread_in_native, id=13760, stack(0x000000a26dc00000,0x000000a26dd00000)]
  0x0000025d6ca47ec0 JavaThread "Cache worker for journal cache (C:\Users\Admin\.gradle\caches\journal-1)" [_thread_blocked, id=5984, stack(0x000000a26dd00000,0x000000a26de00000)]
  0x0000025d6ca4bb80 JavaThread "File lock request listener" [_thread_in_native, id=6004, stack(0x000000a26de00000,0x000000a26df00000)]
  0x0000025d6ca4b670 JavaThread "Cache worker for file hash cache (C:\Users\Admin\.gradle\caches\8.4\fileHashes)" [_thread_blocked, id=3248, stack(0x000000a26df00000,0x000000a26e000000)]
  0x0000025d6ca4a740 JavaThread "File watcher server" daemon [_thread_in_native, id=5380, stack(0x000000a26e000000,0x000000a26e100000)]
  0x0000025d6ca483d0 JavaThread "File watcher consumer" daemon [_thread_blocked, id=6580, stack(0x000000a26e100000,0x000000a26e200000)]
  0x0000025d6ca49300 JavaThread "Cache worker for checksums cache (C:\Workspace\63135460-AndroidProgramming\ChuyenManHinhVoiIntent\.gradle\8.4\checksums)" [_thread_blocked, id=8396, stack(0x000000a26e200000,0x000000a26e300000)]
  0x0000025d6ca4c5a0 JavaThread "Cache worker for file hash cache (C:\Workspace\63135460-AndroidProgramming\ChuyenManHinhVoiIntent\.gradle\8.4\fileHashes)" [_thread_blocked, id=12416, stack(0x000000a26e300000,0x000000a26e400000)]
  0x0000025d6ca4ac50 JavaThread "Cache worker for cache directory md-supplier (C:\Users\Admin\.gradle\caches\8.4\md-supplier)" [_thread_blocked, id=10380, stack(0x000000a26e400000,0x000000a26e500000)]
  0x0000025d6ca4cab0 JavaThread "Cache worker for file content cache (C:\Users\Admin\.gradle\caches\8.4\fileContent)" [_thread_blocked, id=8196, stack(0x000000a26e500000,0x000000a26e600000)]
  0x0000025d6ca479b0 JavaThread "Cache worker for cache directory md-rule (C:\Users\Admin\.gradle\caches\8.4\md-rule)" [_thread_blocked, id=13288, stack(0x000000a26e600000,0x000000a26e700000)]
  0x0000025d6ca474a0 JavaThread "Cache worker for execution history cache (C:\Users\Admin\.gradle\caches\8.4\executionHistory)" [_thread_blocked, id=9084, stack(0x000000a26e700000,0x000000a26e800000)]
  0x0000025d6ca4a230 JavaThread "Cache worker for kotlin-dsl (C:\Users\Admin\.gradle\caches\8.4\kotlin-dsl)" [_thread_blocked, id=11576, stack(0x000000a26e800000,0x000000a26e900000)]
  0x0000025d6ca48df0 JavaThread "jar transforms" [_thread_blocked, id=11508, stack(0x000000a26e900000,0x000000a26ea00000)]
  0x0000025d6ca488e0 JavaThread "jar transforms Thread 2" [_thread_blocked, id=11504, stack(0x000000a26ea00000,0x000000a26eb00000)]
  0x0000025d6e650fb0 JavaThread "jar transforms Thread 3" [_thread_blocked, id=2804, stack(0x000000a26eb00000,0x000000a26ec00000)]
  0x0000025d6e650aa0 JavaThread "jar transforms Thread 4" [_thread_blocked, id=11480, stack(0x000000a26ec00000,0x000000a26ed00000)]
  0x0000025d6e653320 JavaThread "Cache worker for dependencies-accessors (C:\Workspace\63135460-AndroidProgramming\ChuyenManHinhVoiIntent\.gradle\8.4\dependencies-accessors)" [_thread_blocked, id=9012, stack(0x000000a26ed00000,0x000000a26ee00000)]

Other Threads:
  0x0000025d66b80470 VMThread "VM Thread" [stack: 0x000000a26b400000,0x000000a26b500000] [id=2452]
  0x0000025d6b2d5ba0 WatcherThread [stack: 0x000000a26c100000,0x000000a26c200000] [id=13300]
  0x0000025d4c23a810 GCTaskThread "GC Thread#0" [stack: 0x000000a26af00000,0x000000a26b000000] [id=10992]
  0x0000025d6bd6d9d0 GCTaskThread "GC Thread#1" [stack: 0x000000a26c500000,0x000000a26c600000] [id=6928]
  0x0000025d6bbfece0 GCTaskThread "GC Thread#2" [stack: 0x000000a26c600000,0x000000a26c700000] [id=6528]
  0x0000025d6bed9f80 GCTaskThread "GC Thread#3" [stack: 0x000000a26c700000,0x000000a26c800000] [id=1968]
  0x0000025d6c220870 GCTaskThread "GC Thread#4" [stack: 0x000000a26c800000,0x000000a26c900000] [id=9552]
  0x0000025d6c39b9d0 GCTaskThread "GC Thread#5" [stack: 0x000000a26d200000,0x000000a26d300000] [id=11560]
  0x0000025d6bea6d30 GCTaskThread "GC Thread#6" [stack: 0x000000a26d300000,0x000000a26d400000] [id=9056]
  0x0000025d6c39a6b0 GCTaskThread "GC Thread#7" [stack: 0x000000a26d400000,0x000000a26d500000] [id=9292]
  0x0000025d6c0ae740 GCTaskThread "GC Thread#8" [stack: 0x000000a26d500000,0x000000a26d600000] [id=3680]
  0x0000025d6c935080 GCTaskThread "GC Thread#9" [stack: 0x000000a26d600000,0x000000a26d700000] [id=3644]
  0x0000025d6bbd1bf0 GCTaskThread "GC Thread#10" [stack: 0x000000a26d700000,0x000000a26d800000] [id=3960]
  0x0000025d6c0ad350 GCTaskThread "GC Thread#11" [stack: 0x000000a26d800000,0x000000a26d900000] [id=6084]
  0x0000025d6d6ffb90 GCTaskThread "GC Thread#12" [stack: 0x000000a26d900000,0x000000a26da00000] [id=14640]
  0x0000025d4c24be10 ConcurrentGCThread "G1 Main Marker" [stack: 0x000000a26b000000,0x000000a26b100000] [id=2560]
  0x0000025d4c24c740 ConcurrentGCThread "G1 Conc#0" [stack: 0x000000a26b100000,0x000000a26b200000] [id=3104]
  0x0000025d6d6ff8d0 ConcurrentGCThread "G1 Conc#1" [stack: 0x000000a26da00000,0x000000a26db00000] [id=3720]
  0x0000025d6d700c10 ConcurrentGCThread "G1 Conc#2" [stack: 0x000000a26db00000,0x000000a26dc00000] [id=7200]
  0x0000025d66a264e0 ConcurrentGCThread "G1 Refine#0" [stack: 0x000000a26b200000,0x000000a26b300000] [id=6040]
  0x0000025d66a27e30 ConcurrentGCThread "G1 Service" [stack: 0x000000a26b300000,0x000000a26b400000] [id=7156]

Threads with active compile tasks:
C2 CompilerThread0     6821 4769   !   4       jdk.internal.loader.BuiltinClassLoader::loadClassOrNull (143 bytes)
C2 CompilerThread1     6821 4749   !   4       java.net.URLClassLoader::findClass (47 bytes)

VM state: not at safepoint (normal execution)

VM Mutex/Monitor currently owned by a thread: None

Heap address: 0x0000000080000000, size: 2048 MB, Compressed Oops mode: 32-bit

CDS archive(s) not mapped
Compressed class space mapped at: 0x0000000100000000-0x0000000140000000, reserved size: 1073741824
Narrow klass base: 0x0000000000000000, Narrow klass shift: 3, Narrow klass range: 0x140000000

GC Precious Log:
 CPUs: 16 total, 16 available
 Memory: 5966M
 Large Page Support: Disabled
 NUMA Support: Disabled
 Compressed Oops: Enabled (32-bit)
 Heap Region Size: 1M
 Heap Min Capacity: 8M
 Heap Initial Capacity: 94M
 Heap Max Capacity: 2G
 Pre-touch: Disabled
 Parallel Workers: 13
 Concurrent Workers: 3
 Concurrent Refinement Workers: 13
 Periodic GC: Disabled

Heap:
 garbage-first heap   total 89088K, used 40945K [0x0000000080000000, 0x0000000100000000)
  region size 1024K, 14 young (14336K), 5 survivors (5120K)
 Metaspace       used 52712K, committed 53184K, reserved 1114112K
  class space    used 7210K, committed 7424K, reserved 1048576K

Heap Regions: E=young(eden), S=young(survivor), O=old, HS=humongous(starts), HC=humongous(continues), CS=collection set, F=free, OA=open archive, CA=closed archive, TAMS=top-at-mark-start (previous, next)
|   0|0x0000000080000000, 0x0000000080100000, 0x0000000080100000|100%|HS|  |TAMS 0x0000000080100000, 0x0000000080000000| Complete 
|   1|0x0000000080100000, 0x0000000080200000, 0x0000000080200000|100%|HC|  |TAMS 0x0000000080200000, 0x0000000080100000| Complete 
|   2|0x0000000080200000, 0x0000000080300000, 0x0000000080300000|100%|HC|  |TAMS 0x0000000080300000, 0x0000000080200000| Complete 
|   3|0x0000000080300000, 0x0000000080400000, 0x0000000080400000|100%|HC|  |TAMS 0x0000000080400000, 0x0000000080300000| Complete 
|   4|0x0000000080400000, 0x0000000080500000, 0x0000000080500000|100%| O|  |TAMS 0x0000000080500000, 0x0000000080400000| Untracked 
|   5|0x0000000080500000, 0x0000000080600000, 0x0000000080600000|100%| O|  |TAMS 0x0000000080500000, 0x0000000080500000| Untracked 
|   6|0x0000000080600000, 0x0000000080700000, 0x0000000080700000|100%| O|  |TAMS 0x0000000080700000, 0x0000000080600000| Untracked 
|   7|0x0000000080700000, 0x0000000080800000, 0x0000000080800000|100%| O|  |TAMS 0x0000000080800000, 0x0000000080700000| Untracked 
|   8|0x0000000080800000, 0x0000000080900000, 0x0000000080900000|100%| O|  |TAMS 0x0000000080900000, 0x0000000080800000| Untracked 
|   9|0x0000000080900000, 0x0000000080a00000, 0x0000000080a00000|100%| O|  |TAMS 0x0000000080a00000, 0x0000000080900000| Untracked 
|  10|0x0000000080a00000, 0x0000000080b00000, 0x0000000080b00000|100%| O|  |TAMS 0x0000000080b00000, 0x0000000080a00000| Untracked 
|  11|0x0000000080b00000, 0x0000000080c00000, 0x0000000080c00000|100%| O|  |TAMS 0x0000000080c00000, 0x0000000080b00000| Untracked 
|  12|0x0000000080c00000, 0x0000000080cdb800, 0x0000000080d00000| 85%| O|  |TAMS 0x0000000080cdb800, 0x0000000080c00000| Untracked 
|  13|0x0000000080d00000, 0x0000000080e00000, 0x0000000080e00000|100%| O|  |TAMS 0x0000000080e00000, 0x0000000080d00000| Untracked 
|  14|0x0000000080e00000, 0x0000000080f00000, 0x0000000080f00000|100%| O|  |TAMS 0x0000000080f00000, 0x0000000080e00000| Untracked 
|  15|0x0000000080f00000, 0x0000000081000000, 0x0000000081000000|100%| O|  |TAMS 0x0000000081000000, 0x0000000080f00000| Untracked 
|  16|0x0000000081000000, 0x0000000081100000, 0x0000000081100000|100%| O|  |TAMS 0x0000000081100000, 0x0000000081000000| Untracked 
|  17|0x0000000081100000, 0x0000000081200000, 0x0000000081200000|100%| O|  |TAMS 0x0000000081200000, 0x0000000081100000| Untracked 
|  18|0x0000000081200000, 0x0000000081300000, 0x0000000081300000|100%| O|  |TAMS 0x0000000081300000, 0x0000000081200000| Untracked 
|  19|0x0000000081300000, 0x0000000081400000, 0x0000000081400000|100%| O|  |TAMS 0x0000000081400000, 0x0000000081300000| Untracked 
|  20|0x0000000081400000, 0x0000000081500000, 0x0000000081500000|100%| O|  |TAMS 0x0000000081500000, 0x0000000081400000| Untracked 
|  21|0x0000000081500000, 0x000000008155b000, 0x0000000081600000| 35%| O|  |TAMS 0x000000008155b000, 0x0000000081500000| Untracked 
|  22|0x0000000081600000, 0x0000000081600000, 0x0000000081700000|  0%| F|  |TAMS 0x0000000081600000, 0x0000000081600000| Untracked 
|  23|0x0000000081700000, 0x0000000081700000, 0x0000000081800000|  0%| F|  |TAMS 0x0000000081700000, 0x0000000081700000| Untracked 
|  24|0x0000000081800000, 0x0000000081900000, 0x0000000081900000|100%| O|  |TAMS 0x0000000081800000, 0x0000000081800000| Untracked 
|  25|0x0000000081900000, 0x0000000081a00000, 0x0000000081a00000|100%| O|  |TAMS 0x0000000081900000, 0x0000000081900000| Untracked 
|  26|0x0000000081a00000, 0x0000000081b00000, 0x0000000081b00000|100%| O|  |TAMS 0x0000000081a00000, 0x0000000081a00000| Untracked 
|  27|0x0000000081b00000, 0x0000000081c00000, 0x0000000081c00000|100%| O|  |TAMS 0x0000000081b00000, 0x0000000081b00000| Untracked 
|  28|0x0000000081c00000, 0x0000000081c00000, 0x0000000081d00000|  0%| F|  |TAMS 0x0000000081c00000, 0x0000000081c00000| Untracked 
|  29|0x0000000081d00000, 0x0000000081d00000, 0x0000000081e00000|  0%| F|  |TAMS 0x0000000081d00000, 0x0000000081d00000| Untracked 
|  30|0x0000000081e00000, 0x0000000081e00000, 0x0000000081f00000|  0%| F|  |TAMS 0x0000000081e00000, 0x0000000081e00000| Untracked 
|  31|0x0000000081f00000, 0x0000000081f00000, 0x0000000082000000|  0%| F|  |TAMS 0x0000000081f00000, 0x0000000081f00000| Untracked 
|  32|0x0000000082000000, 0x0000000082000000, 0x0000000082100000|  0%| F|  |TAMS 0x0000000082000000, 0x0000000082000000| Untracked 
|  33|0x0000000082100000, 0x0000000082100000, 0x0000000082200000|  0%| F|  |TAMS 0x0000000082100000, 0x0000000082100000| Untracked 
|  34|0x0000000082200000, 0x0000000082200000, 0x0000000082300000|  0%| F|  |TAMS 0x0000000082200000, 0x0000000082200000| Untracked 
|  35|0x0000000082300000, 0x0000000082400000, 0x0000000082400000|100%| O|  |TAMS 0x0000000082300000, 0x0000000082300000| Untracked 
|  36|0x0000000082400000, 0x0000000082500000, 0x0000000082500000|100%| O|  |TAMS 0x0000000082400000, 0x0000000082400000| Untracked 
|  37|0x0000000082500000, 0x0000000082575000, 0x0000000082600000| 45%| O|  |TAMS 0x0000000082500000, 0x0000000082500000| Untracked 
|  38|0x0000000082600000, 0x0000000082600000, 0x0000000082700000|  0%| F|  |TAMS 0x0000000082600000, 0x0000000082600000| Untracked 
|  39|0x0000000082700000, 0x0000000082700000, 0x0000000082800000|  0%| F|  |TAMS 0x0000000082700000, 0x0000000082700000| Untracked 
|  40|0x0000000082800000, 0x0000000082800000, 0x0000000082900000|  0%| F|  |TAMS 0x0000000082800000, 0x0000000082800000| Untracked 
|  41|0x0000000082900000, 0x0000000082900000, 0x0000000082a00000|  0%| F|  |TAMS 0x0000000082900000, 0x0000000082900000| Untracked 
|  42|0x0000000082a00000, 0x0000000082a50cd0, 0x0000000082b00000| 31%| S|CS|TAMS 0x0000000082a00000, 0x0000000082a00000| Complete 
|  43|0x0000000082b00000, 0x0000000082c00000, 0x0000000082c00000|100%| S|CS|TAMS 0x0000000082b00000, 0x0000000082b00000| Complete 
|  44|0x0000000082c00000, 0x0000000082d00000, 0x0000000082d00000|100%| S|CS|TAMS 0x0000000082c00000, 0x0000000082c00000| Complete 
|  45|0x0000000082d00000, 0x0000000082e00000, 0x0000000082e00000|100%| S|CS|TAMS 0x0000000082d00000, 0x0000000082d00000| Complete 
|  46|0x0000000082e00000, 0x0000000082e00000, 0x0000000082f00000|  0%| F|  |TAMS 0x0000000082e00000, 0x0000000082e00000| Untracked 
|  47|0x0000000082f00000, 0x0000000082f00000, 0x0000000083000000|  0%| F|  |TAMS 0x0000000082f00000, 0x0000000082f00000| Untracked 
|  48|0x0000000083000000, 0x0000000083000000, 0x0000000083100000|  0%| F|  |TAMS 0x0000000083000000, 0x0000000083000000| Untracked 
|  49|0x0000000083100000, 0x0000000083200000, 0x0000000083200000|100%| S|CS|TAMS 0x0000000083100000, 0x0000000083100000| Complete 
|  50|0x0000000083200000, 0x0000000083200000, 0x0000000083300000|  0%| F|  |TAMS 0x0000000083200000, 0x0000000083200000| Untracked 
|  51|0x0000000083300000, 0x0000000083300000, 0x0000000083400000|  0%| F|  |TAMS 0x0000000083300000, 0x0000000083300000| Untracked 
|  52|0x0000000083400000, 0x0000000083400000, 0x0000000083500000|  0%| F|  |TAMS 0x0000000083400000, 0x0000000083400000| Untracked 
|  53|0x0000000083500000, 0x0000000083500000, 0x0000000083600000|  0%| F|  |TAMS 0x0000000083500000, 0x0000000083500000| Untracked 
|  54|0x0000000083600000, 0x0000000083600000, 0x0000000083700000|  0%| F|  |TAMS 0x0000000083600000, 0x0000000083600000| Untracked 
|  55|0x0000000083700000, 0x0000000083700000, 0x0000000083800000|  0%| F|  |TAMS 0x0000000083700000, 0x0000000083700000| Untracked 
|  56|0x0000000083800000, 0x0000000083800000, 0x0000000083900000|  0%| F|  |TAMS 0x0000000083800000, 0x0000000083800000| Untracked 
|  57|0x0000000083900000, 0x0000000083900000, 0x0000000083a00000|  0%| F|  |TAMS 0x0000000083900000, 0x0000000083900000| Untracked 
|  58|0x0000000083a00000, 0x0000000083a00000, 0x0000000083b00000|  0%| F|  |TAMS 0x0000000083a00000, 0x0000000083a00000| Untracked 
|  59|0x0000000083b00000, 0x0000000083b00000, 0x0000000083c00000|  0%| F|  |TAMS 0x0000000083b00000, 0x0000000083b00000| Untracked 
|  60|0x0000000083c00000, 0x0000000083c00000, 0x0000000083d00000|  0%| F|  |TAMS 0x0000000083c00000, 0x0000000083c00000| Untracked 
|  61|0x0000000083d00000, 0x0000000083d00000, 0x0000000083e00000|  0%| F|  |TAMS 0x0000000083d00000, 0x0000000083d00000| Untracked 
|  62|0x0000000083e00000, 0x0000000083e00000, 0x0000000083f00000|  0%| F|  |TAMS 0x0000000083e00000, 0x0000000083e00000| Untracked 
|  63|0x0000000083f00000, 0x0000000083f00000, 0x0000000084000000|  0%| F|  |TAMS 0x0000000083f00000, 0x0000000083f00000| Untracked 
|  64|0x0000000084000000, 0x0000000084000000, 0x0000000084100000|  0%| F|  |TAMS 0x0000000084000000, 0x0000000084000000| Untracked 
|  65|0x0000000084100000, 0x0000000084100000, 0x0000000084200000|  0%| F|  |TAMS 0x0000000084100000, 0x0000000084100000| Untracked 
|  66|0x0000000084200000, 0x0000000084200000, 0x0000000084300000|  0%| F|  |TAMS 0x0000000084200000, 0x0000000084200000| Untracked 
|  67|0x0000000084300000, 0x0000000084300000, 0x0000000084400000|  0%| F|  |TAMS 0x0000000084300000, 0x0000000084300000| Untracked 
|  68|0x0000000084400000, 0x0000000084400000, 0x0000000084500000|  0%| F|  |TAMS 0x0000000084400000, 0x0000000084400000| Untracked 
|  69|0x0000000084500000, 0x0000000084500000, 0x0000000084600000|  0%| F|  |TAMS 0x0000000084500000, 0x0000000084500000| Untracked 
|  70|0x0000000084600000, 0x0000000084600000, 0x0000000084700000|  0%| F|  |TAMS 0x0000000084600000, 0x0000000084600000| Untracked 
|  71|0x0000000084700000, 0x0000000084700000, 0x0000000084800000|  0%| F|  |TAMS 0x0000000084700000, 0x0000000084700000| Untracked 
|  72|0x0000000084800000, 0x0000000084800000, 0x0000000084900000|  0%| F|  |TAMS 0x0000000084800000, 0x0000000084800000| Untracked 
|  73|0x0000000084900000, 0x0000000084900000, 0x0000000084a00000|  0%| F|  |TAMS 0x0000000084900000, 0x0000000084900000| Untracked 
|  74|0x0000000084a00000, 0x0000000084a00000, 0x0000000084b00000|  0%| F|  |TAMS 0x0000000084a00000, 0x0000000084a00000| Untracked 
|  75|0x0000000084b00000, 0x0000000084b00000, 0x0000000084c00000|  0%| F|  |TAMS 0x0000000084b00000, 0x0000000084b00000| Untracked 
|  76|0x0000000084c00000, 0x0000000084c00000, 0x0000000084d00000|  0%| F|  |TAMS 0x0000000084c00000, 0x0000000084c00000| Untracked 
|  77|0x0000000084d00000, 0x0000000084d00000, 0x0000000084e00000|  0%| F|  |TAMS 0x0000000084d00000, 0x0000000084d00000| Untracked 
|  78|0x0000000084e00000, 0x0000000084ea3a98, 0x0000000084f00000| 63%| E|  |TAMS 0x0000000084e00000, 0x0000000084e00000| Complete 
|  79|0x0000000084f00000, 0x0000000085000000, 0x0000000085000000|100%| E|CS|TAMS 0x0000000084f00000, 0x0000000084f00000| Complete 
|  80|0x0000000085000000, 0x0000000085100000, 0x0000000085100000|100%| E|CS|TAMS 0x0000000085000000, 0x0000000085000000| Complete 
|  81|0x0000000085100000, 0x0000000085200000, 0x0000000085200000|100%| E|CS|TAMS 0x0000000085100000, 0x0000000085100000| Complete 
|  82|0x0000000085200000, 0x0000000085300000, 0x0000000085300000|100%| E|CS|TAMS 0x0000000085200000, 0x0000000085200000| Complete 
|  83|0x0000000085300000, 0x0000000085400000, 0x0000000085400000|100%| E|CS|TAMS 0x0000000085300000, 0x0000000085300000| Complete 
|  84|0x0000000085400000, 0x0000000085500000, 0x0000000085500000|100%| E|CS|TAMS 0x0000000085400000, 0x0000000085400000| Complete 
|  85|0x0000000085500000, 0x0000000085600000, 0x0000000085600000|100%| E|CS|TAMS 0x0000000085500000, 0x0000000085500000| Complete 
| 100|0x0000000086400000, 0x0000000086500000, 0x0000000086500000|100%| E|CS|TAMS 0x0000000086400000, 0x0000000086400000| Complete 

Card table byte_map: [0x0000025d5f340000,0x0000025d5f740000] _byte_map_base: 0x0000025d5ef40000

Marking Bits (Prev, Next): (CMBitMap*) 0x0000025d4c23ad40, (CMBitMap*) 0x0000025d4c23ad80
 Prev Bits: [0x0000025d5fb40000, 0x0000025d61b40000)
 Next Bits: [0x0000025d61b40000, 0x0000025d63b40000)

Polling page: 0x0000025d4b9a0000

Metaspace:

Usage:
  Non-class:     44.47 MB used.
      Class:      7.04 MB used.
       Both:     51.51 MB used.

Virtual space:
  Non-class space:       64.00 MB reserved,      44.69 MB ( 70%) committed,  1 nodes.
      Class space:        1.00 GB reserved,       7.25 MB ( <1%) committed,  1 nodes.
             Both:        1.06 GB reserved,      51.94 MB (  5%) committed. 

Chunk freelists:
   Non-Class:  3.08 MB
       Class:  8.72 MB
        Both:  11.80 MB

MaxMetaspaceSize: unlimited
CompressedClassSpaceSize: 1.00 GB
Initial GC threshold: 21.00 MB
Current GC threshold: 58.88 MB
CDS: off
MetaspaceReclaimPolicy: balanced
 - commit_granule_bytes: 65536.
 - commit_granule_words: 8192.
 - virtual_space_node_default_size: 8388608.
 - enlarge_chunks_in_place: 1.
 - new_chunks_are_fully_committed: 0.
 - uncommit_free_chunks: 1.
 - use_allocation_guard: 0.
 - handle_deallocations: 1.


Internal statistics:

num_allocs_failed_limit: 6.
num_arena_births: 488.
num_arena_deaths: 0.
num_vsnodes_births: 2.
num_vsnodes_deaths: 0.
num_space_committed: 831.
num_space_uncommitted: 0.
num_chunks_returned_to_freelist: 6.
num_chunks_taken_from_freelist: 2115.
num_chunk_merges: 6.
num_chunk_splits: 1438.
num_chunks_enlarged: 1022.
num_inconsistent_stats: 0.

CodeHeap 'non-profiled nmethods': size=119168Kb used=2667Kb max_used=2667Kb free=116500Kb
 bounds [0x0000025d57260000, 0x0000025d57500000, 0x0000025d5e6c0000]
CodeHeap 'profiled nmethods': size=119104Kb used=9934Kb max_used=9934Kb free=109170Kb
 bounds [0x0000025d4f6c0000, 0x0000025d50080000, 0x0000025d56b10000]
CodeHeap 'non-nmethods': size=7488Kb used=3300Kb max_used=3351Kb free=4187Kb
 bounds [0x0000025d56b10000, 0x0000025d56e70000, 0x0000025d57260000]
 total_blobs=5447 nmethods=4762 adapters=593
 compilation: enabled
              stopped_count=0, restarted_count=0
 full_count=0

Compilation events (20 events):
Event: 6.789 Thread 0x0000025d6beece70 4798       3       org.objectweb.asm.ClassReader::readUtf (161 bytes)
Event: 6.789 Thread 0x0000025d6b1f9010 4800       3       org.objectweb.asm.ClassReader::readUtf (44 bytes)
Event: 6.789 Thread 0x0000025d6bcbecb0 4799       3       org.objectweb.asm.ClassReader::readUTF8 (23 bytes)
Event: 6.789 Thread 0x0000025d6beece70 nmethod 4798 0x0000025d50067410 code [0x0000025d500675e0, 0x0000025d50067a48]
Event: 6.790 Thread 0x0000025d6bcbecb0 nmethod 4799 0x0000025d50067d10 code [0x0000025d50067ec0, 0x0000025d500680f8]
Event: 6.790 Thread 0x0000025d6b1f9010 nmethod 4800 0x0000025d50068210 code [0x0000025d500683e0, 0x0000025d500687b8]
Event: 6.790 Thread 0x0000025d6b1f9010 4802       3       org.objectweb.asm.ClassReader::readBytecodeInstructionOffset (1 bytes)
Event: 6.790 Thread 0x0000025d6beece70 4803       3       org.objectweb.asm.ClassReader::readInt (52 bytes)
Event: 6.790 Thread 0x0000025d6b1f9010 nmethod 4802 0x0000025d50068990 code [0x0000025d50068b20, 0x0000025d50068c38]
Event: 6.790 Thread 0x0000025d6b1f9010 4804       3       org.objectweb.asm.ByteVector::putShort (52 bytes)
Event: 6.790 Thread 0x0000025d6beece70 nmethod 4803 0x0000025d50068d10 code [0x0000025d50068ea0, 0x0000025d50069078]
Event: 6.790 Thread 0x0000025d6b1f9010 nmethod 4804 0x0000025d50069190 code [0x0000025d50069340, 0x0000025d50069548]
Event: 6.791 Thread 0x0000025d6beece70 4805       3       java.net.URI$Parser::scan (41 bytes)
Event: 6.791 Thread 0x0000025d6beece70 nmethod 4805 0x0000025d50069690 code [0x0000025d500698e0, 0x0000025d5006a258]
Event: 6.792 Thread 0x0000025d6b0392f0 4806       3       org.gradle.internal.time.MonotonicClock::getCurrentTime (70 bytes)
Event: 6.792 Thread 0x0000025d6bcbecb0 4807       3       org.gradle.internal.time.MonotonicClock::syncIsDue (28 bytes)
Event: 6.792 Thread 0x0000025d6b1f9010 4808       3       org.gradle.internal.time.MonotonicClock::advance (33 bytes)
Event: 6.793 Thread 0x0000025d6bcbecb0 nmethod 4807 0x0000025d5006a690 code [0x0000025d5006a840, 0x0000025d5006aa28]
Event: 6.793 Thread 0x0000025d6b1f9010 nmethod 4808 0x0000025d5006ab10 code [0x0000025d5006acc0, 0x0000025d5006af68]
Event: 6.793 Thread 0x0000025d6b0392f0 nmethod 4806 0x0000025d5006b090 code [0x0000025d5006b280, 0x0000025d5006b638]

GC Heap History (20 events):
Event: 0.661 GC heap before
{Heap before GC invocations=0 (full 0):
 garbage-first heap   total 96256K, used 27648K [0x0000000080000000, 0x0000000100000000)
  region size 1024K, 23 young (23552K), 0 survivors (0K)
 Metaspace       used 10494K, committed 10624K, reserved 1114112K
  class space    used 1087K, committed 1152K, reserved 1048576K
}
Event: 0.669 GC heap after
{Heap after GC invocations=1 (full 0):
 garbage-first heap   total 96256K, used 10968K [0x0000000080000000, 0x0000000100000000)
  region size 1024K, 3 young (3072K), 3 survivors (3072K)
 Metaspace       used 10494K, committed 10624K, reserved 1114112K
  class space    used 1087K, committed 1152K, reserved 1048576K
}
Event: 1.032 GC heap before
{Heap before GC invocations=1 (full 0):
 garbage-first heap   total 96256K, used 39640K [0x0000000080000000, 0x0000000100000000)
  region size 1024K, 31 young (31744K), 3 survivors (3072K)
 Metaspace       used 11531K, committed 11712K, reserved 1114112K
  class space    used 1198K, committed 1280K, reserved 1048576K
}
Event: 1.038 GC heap after
{Heap after GC invocations=2 (full 0):
 garbage-first heap   total 96256K, used 11725K [0x0000000080000000, 0x0000000100000000)
  region size 1024K, 1 young (1024K), 1 survivors (1024K)
 Metaspace       used 11531K, committed 11712K, reserved 1114112K
  class space    used 1198K, committed 1280K, reserved 1048576K
}
Event: 2.625 GC heap before
{Heap before GC invocations=2 (full 0):
 garbage-first heap   total 96256K, used 57805K [0x0000000080000000, 0x0000000100000000)
  region size 1024K, 46 young (47104K), 1 survivors (1024K)
 Metaspace       used 21289K, committed 21504K, reserved 1114112K
  class space    used 2515K, committed 2624K, reserved 1048576K
}
Event: 2.642 GC heap after
{Heap after GC invocations=3 (full 0):
 garbage-first heap   total 96256K, used 19310K [0x0000000080000000, 0x0000000100000000)
  region size 1024K, 7 young (7168K), 7 survivors (7168K)
 Metaspace       used 21289K, committed 21504K, reserved 1114112K
  class space    used 2515K, committed 2624K, reserved 1048576K
}
Event: 3.475 GC heap before
{Heap before GC invocations=4 (full 0):
 garbage-first heap   total 68608K, used 52078K [0x0000000080000000, 0x0000000100000000)
  region size 1024K, 40 young (40960K), 7 survivors (7168K)
 Metaspace       used 26635K, committed 26880K, reserved 1114112K
  class space    used 3418K, committed 3520K, reserved 1048576K
}
Event: 3.482 GC heap after
{Heap after GC invocations=5 (full 0):
 garbage-first heap   total 68608K, used 21258K [0x0000000080000000, 0x0000000100000000)
  region size 1024K, 3 young (3072K), 3 survivors (3072K)
 Metaspace       used 26635K, committed 26880K, reserved 1114112K
  class space    used 3418K, committed 3520K, reserved 1048576K
}
Event: 3.494 GC heap before
{Heap before GC invocations=5 (full 0):
 garbage-first heap   total 68608K, used 22282K [0x0000000080000000, 0x0000000100000000)
  region size 1024K, 4 young (4096K), 3 survivors (3072K)
 Metaspace       used 26736K, committed 27008K, reserved 1114112K
  class space    used 3440K, committed 3584K, reserved 1048576K
}
Event: 3.496 GC heap after
{Heap after GC invocations=6 (full 0):
 garbage-first heap   total 68608K, used 21113K [0x0000000080000000, 0x0000000100000000)
  region size 1024K, 1 young (1024K), 1 survivors (1024K)
 Metaspace       used 26736K, committed 27008K, reserved 1114112K
  class space    used 3440K, committed 3584K, reserved 1048576K
}
Event: 3.960 GC heap before
{Heap before GC invocations=6 (full 0):
 garbage-first heap   total 68608K, used 47737K [0x0000000080000000, 0x0000000100000000)
  region size 1024K, 27 young (27648K), 1 survivors (1024K)
 Metaspace       used 30419K, committed 30720K, reserved 1114112K
  class space    used 4034K, committed 4160K, reserved 1048576K
}
Event: 3.962 GC heap after
{Heap after GC invocations=7 (full 0):
 garbage-first heap   total 103424K, used 22581K [0x0000000080000000, 0x0000000100000000)
  region size 1024K, 2 young (2048K), 2 survivors (2048K)
 Metaspace       used 30419K, committed 30720K, reserved 1114112K
  class space    used 4034K, committed 4160K, reserved 1048576K
}
Event: 4.579 GC heap before
{Heap before GC invocations=7 (full 0):
 garbage-first heap   total 103424K, used 62517K [0x0000000080000000, 0x0000000100000000)
  region size 1024K, 42 young (43008K), 2 survivors (2048K)
 Metaspace       used 35746K, committed 36096K, reserved 1114112K
  class space    used 4850K, committed 5056K, reserved 1048576K
}
Event: 4.583 GC heap after
{Heap after GC invocations=8 (full 0):
 garbage-first heap   total 103424K, used 23906K [0x0000000080000000, 0x0000000100000000)
  region size 1024K, 4 young (4096K), 4 survivors (4096K)
 Metaspace       used 35746K, committed 36096K, reserved 1114112K
  class space    used 4850K, committed 5056K, reserved 1048576K
}
Event: 5.152 GC heap before
{Heap before GC invocations=9 (full 0):
 garbage-first heap   total 89088K, used 72034K [0x0000000080000000, 0x0000000100000000)
  region size 1024K, 52 young (53248K), 4 survivors (4096K)
 Metaspace       used 42106K, committed 42496K, reserved 1114112K
  class space    used 5581K, committed 5760K, reserved 1048576K
}
Event: 5.159 GC heap after
{Heap after GC invocations=10 (full 0):
 garbage-first heap   total 89088K, used 28380K [0x0000000080000000, 0x0000000100000000)
  region size 1024K, 7 young (7168K), 7 survivors (7168K)
 Metaspace       used 42106K, committed 42496K, reserved 1114112K
  class space    used 5581K, committed 5760K, reserved 1048576K
}
Event: 5.747 GC heap before
{Heap before GC invocations=10 (full 0):
 garbage-first heap   total 89088K, used 68316K [0x0000000080000000, 0x0000000100000000)
  region size 1024K, 45 young (46080K), 7 survivors (7168K)
 Metaspace       used 46583K, committed 46976K, reserved 1114112K
  class space    used 6229K, committed 6400K, reserved 1048576K
}
Event: 5.755 GC heap after
{Heap after GC invocations=11 (full 0):
 garbage-first heap   total 89088K, used 31278K [0x0000000080000000, 0x0000000100000000)
  region size 1024K, 3 young (3072K), 3 survivors (3072K)
 Metaspace       used 46583K, committed 46976K, reserved 1114112K
  class space    used 6229K, committed 6400K, reserved 1048576K
}
Event: 6.691 GC heap before
{Heap before GC invocations=11 (full 0):
 garbage-first heap   total 89088K, used 69166K [0x0000000080000000, 0x0000000100000000)
  region size 1024K, 40 young (40960K), 3 survivors (3072K)
 Metaspace       used 51603K, committed 52032K, reserved 1114112K
  class space    used 7013K, committed 7232K, reserved 1048576K
}
Event: 6.694 GC heap after
{Heap after GC invocations=12 (full 0):
 garbage-first heap   total 89088K, used 32753K [0x0000000080000000, 0x0000000100000000)
  region size 1024K, 5 young (5120K), 5 survivors (5120K)
 Metaspace       used 51603K, committed 52032K, reserved 1114112K
  class space    used 7013K, committed 7232K, reserved 1048576K
}

Dll operation events (3 events):
Event: 0.019 Loaded shared library C:\Program Files\Android\Android Studio\jbr\bin\java.dll
Event: 0.137 Loaded shared library C:\Program Files\Android\Android Studio\jbr\bin\zip.dll
Event: 0.379 Loaded shared library C:\Program Files\Android\Android Studio\jbr\bin\verify.dll

Deoptimization events (20 events):
Event: 6.642 Thread 0x0000025d6d7e0e20 Uncommon trap: trap_request=0xffffffde fr.pc=0x0000025d574bd288 relative=0x0000000000006528
Event: 6.642 Thread 0x0000025d6d7e0e20 Uncommon trap: reason=class_check action=maybe_recompile pc=0x0000025d574bd288 method=java.net.URLClassLoader.defineClass(Ljava/lang/String;Ljdk/internal/loader/Resource;)Ljava/lang/Class; @ 34 c2
Event: 6.642 Thread 0x0000025d6d7e0e20 DEOPT PACKING pc=0x0000025d574bd288 sp=0x000000a26cef8860
Event: 6.642 Thread 0x0000025d6d7e0e20 DEOPT UNPACKING pc=0x0000025d56b669a3 sp=0x000000a26cef8668 mode 2
Event: 6.645 Thread 0x0000025d6d7e0e20 Uncommon trap: trap_request=0xffffffde fr.pc=0x0000025d574bd288 relative=0x0000000000006528
Event: 6.645 Thread 0x0000025d6d7e0e20 Uncommon trap: reason=class_check action=maybe_recompile pc=0x0000025d574bd288 method=java.net.URLClassLoader.defineClass(Ljava/lang/String;Ljdk/internal/loader/Resource;)Ljava/lang/Class; @ 34 c2
Event: 6.645 Thread 0x0000025d6d7e0e20 DEOPT PACKING pc=0x0000025d574bd288 sp=0x000000a26cef8860
Event: 6.645 Thread 0x0000025d6d7e0e20 DEOPT UNPACKING pc=0x0000025d56b669a3 sp=0x000000a26cef8668 mode 2
Event: 6.647 Thread 0x0000025d6d7e0e20 Uncommon trap: trap_request=0xffffffde fr.pc=0x0000025d574bd288 relative=0x0000000000006528
Event: 6.647 Thread 0x0000025d6d7e0e20 Uncommon trap: reason=class_check action=maybe_recompile pc=0x0000025d574bd288 method=java.net.URLClassLoader.defineClass(Ljava/lang/String;Ljdk/internal/loader/Resource;)Ljava/lang/Class; @ 34 c2
Event: 6.647 Thread 0x0000025d6d7e0e20 DEOPT PACKING pc=0x0000025d574bd288 sp=0x000000a26cef8860
Event: 6.647 Thread 0x0000025d6d7e0e20 DEOPT UNPACKING pc=0x0000025d56b669a3 sp=0x000000a26cef8668 mode 2
Event: 6.772 Thread 0x0000025d6d7e0e20 Uncommon trap: trap_request=0xffffff45 fr.pc=0x0000025d57486eb0 relative=0x00000000000002f0
Event: 6.772 Thread 0x0000025d6d7e0e20 Uncommon trap: reason=unstable_if action=reinterpret pc=0x0000025d57486eb0 method=org.gradle.internal.reflect.PropertyAccessorType.isGetGetterName(Ljava/lang/String;)Z @ 14 c2
Event: 6.772 Thread 0x0000025d6d7e0e20 DEOPT PACKING pc=0x0000025d57486eb0 sp=0x000000a26cef9140
Event: 6.772 Thread 0x0000025d6d7e0e20 DEOPT UNPACKING pc=0x0000025d56b669a3 sp=0x000000a26cef9098 mode 2
Event: 6.790 Thread 0x0000025d6d7e0e20 Uncommon trap: trap_request=0xffffff45 fr.pc=0x0000025d573da8e8 relative=0x00000000000000e8
Event: 6.790 Thread 0x0000025d6d7e0e20 Uncommon trap: reason=unstable_if action=reinterpret pc=0x0000025d573da8e8 method=org.objectweb.asm.ByteVector.putShort(I)Lorg/objectweb/asm/ByteVector; @ 13 c2
Event: 6.790 Thread 0x0000025d6d7e0e20 DEOPT PACKING pc=0x0000025d573da8e8 sp=0x000000a26cef8d50
Event: 6.790 Thread 0x0000025d6d7e0e20 DEOPT UNPACKING pc=0x0000025d56b669a3 sp=0x000000a26cef8ce8 mode 2

Classes unloaded (0 events):
No events

Classes redefined (0 events):
No events

Internal exceptions (20 events):
Event: 5.676 Thread 0x0000025d6d7e0e20 Exception <a 'java/lang/NoSuchMethodError'{0x000000008354f6b8}: 'void java.lang.invoke.DirectMethodHandle$Holder.invokeInterface(java.lang.Object, java.lang.Object)'> (0x000000008354f6b8) 
thrown [s\src\hotspot\share\interpreter\linkResolver.cpp, line 771]
Event: 5.678 Thread 0x0000025d6d7e0e20 Exception <a 'java/lang/IncompatibleClassChangeError'{0x000000008355aae8}: Found class java.lang.Object, but interface was expected> (0x000000008355aae8) 
thrown [s\src\hotspot\share\interpreter\linkResolver.cpp, line 838]
Event: 5.713 Thread 0x0000025d6d7e0e20 Exception <a 'java/lang/NoSuchMethodError'{0x0000000083204990}: 'java.lang.Object java.lang.invoke.DirectMethodHandle$Holder.newInvokeSpecial(java.lang.Object, int, java.lang.Object)'> (0x0000000083204990) 
thrown [s\src\hotspot\share\interpreter\linkResolver.cpp, line 771]
Event: 6.002 Thread 0x0000025d6d7e0e20 Exception <a 'sun/nio/fs/WindowsException'{0x0000000084902140}> (0x0000000084902140) 
thrown [s\src\hotspot\share\prims\jni.cpp, line 517]
Event: 6.002 Thread 0x0000025d6d7e0e20 Exception <a 'sun/nio/fs/WindowsException'{0x0000000084902488}> (0x0000000084902488) 
thrown [s\src\hotspot\share\prims\jni.cpp, line 517]
Event: 6.002 Thread 0x0000025d6d7e0e20 Exception <a 'sun/nio/fs/WindowsException'{0x0000000084904ce0}> (0x0000000084904ce0) 
thrown [s\src\hotspot\share\prims\jni.cpp, line 517]
Event: 6.002 Thread 0x0000025d6d7e0e20 Exception <a 'sun/nio/fs/WindowsException'{0x0000000084905120}> (0x0000000084905120) 
thrown [s\src\hotspot\share\prims\jni.cpp, line 517]
Event: 6.003 Thread 0x0000025d6d7e0e20 Exception <a 'java/lang/NoSuchMethodError'{0x0000000084912960}: 'java.lang.Object java.lang.invoke.DirectMethodHandle$Holder.newInvokeSpecial(java.lang.Object, java.lang.Object, int)'> (0x0000000084912960) 
thrown [s\src\hotspot\share\interpreter\linkResolver.cpp, line 771]
Event: 6.032 Thread 0x0000025d6d7e0e20 Exception <a 'sun/nio/fs/WindowsException'{0x0000000084891368}> (0x0000000084891368) 
thrown [s\src\hotspot\share\prims\jni.cpp, line 517]
Event: 6.032 Thread 0x0000025d6d7e0e20 Exception <a 'sun/nio/fs/WindowsException'{0x00000000848917a8}> (0x00000000848917a8) 
thrown [s\src\hotspot\share\prims\jni.cpp, line 517]
Event: 6.076 Thread 0x0000025d6d7e0e20 Exception <a 'java/lang/NoSuchMethodError'{0x0000000084697888}: 'int java.lang.invoke.DirectMethodHandle$Holder.invokeStatic(java.lang.Object)'> (0x0000000084697888) 
thrown [s\src\hotspot\share\interpreter\linkResolver.cpp, line 771]
Event: 6.077 Thread 0x0000025d6d7e0e20 Exception <a 'java/lang/NoSuchMethodError'{0x000000008469b9d0}: 'int java.lang.invoke.DirectMethodHandle$Holder.invokeStaticInit(java.lang.Object)'> (0x000000008469b9d0) 
thrown [s\src\hotspot\share\interpreter\linkResolver.cpp, line 771]
Event: 6.321 Thread 0x0000025d6d7e0e20 Exception <a 'java/lang/NoSuchMethodError'{0x0000000083e8f080}: 'void java.lang.invoke.DirectMethodHandle$Holder.invokeStatic(java.lang.Object, java.lang.Object, java.lang.Object, java.lang.Object, java.lang.Object, java.lang.Object, java.lang.Object)'> (0x0000000083e8f080) 
thrown [s\src\hotspot\share\interpreter\linkResolver.cpp, line 771]
Event: 6.333 Thread 0x0000025d6d7e0e20 Exception <a 'java/lang/NoSuchMethodError'{0x0000000083ed07c0}: 'java.lang.Object java.lang.invoke.DirectMethodHandle$Holder.invokeVirtual(java.lang.Object, java.lang.Object, int)'> (0x0000000083ed07c0) 
thrown [s\src\hotspot\share\interpreter\linkResolver.cpp, line 771]
Event: 6.637 Thread 0x0000025d6d7e2260 Exception <a 'java/lang/NoSuchMethodError'{0x00000000834a3500}: static Lorg/gradle/internal/build/event/types/DefaultOperationStartedProgressEvent;.<clinit>()V> (0x00000000834a3500) 
thrown [s\src\hotspot\share\prims\jni.cpp, line 1108]
Event: 6.638 Thread 0x0000025d6d7e2260 Exception <a 'java/lang/NoSuchMethodError'{0x00000000834a5f20}: static Lorg/gradle/internal/build/event/types/AbstractProgressEvent;.<clinit>()V> (0x00000000834a5f20) 
thrown [s\src\hotspot\share\prims\jni.cpp, line 1108]
Event: 6.640 Thread 0x0000025d6d7e2260 Exception <a 'java/lang/NoSuchMethodError'{0x00000000834b8190}: static Lorg/gradle/internal/build/event/types/DefaultProjectConfigurationDescriptor;.<clinit>()V> (0x00000000834b8190) 
thrown [s\src\hotspot\share\prims\jni.cpp, line 1108]
Event: 6.640 Thread 0x0000025d6d7e2260 Exception <a 'java/lang/NoSuchMethodError'{0x00000000834ba738}: static Lorg/gradle/internal/build/event/types/DefaultOperationDescriptor;.<clinit>()V> (0x00000000834ba738) 
thrown [s\src\hotspot\share\prims\jni.cpp, line 1108]
Event: 6.642 Thread 0x0000025d6d7e2260 Exception <a 'java/lang/NoSuchMethodError'{0x00000000834d2540}: static Lorg/gradle/internal/operations/OperationIdentifier;.<clinit>()V> (0x00000000834d2540) 
thrown [s\src\hotspot\share\prims\jni.cpp, line 1108]
Event: 6.768 Thread 0x0000025d6d7e0e20 Exception <a 'java/lang/NoSuchMethodError'{0x00000000852ce2e8}: 'long java.lang.invoke.DirectMethodHandle$Holder.invokeStatic(java.lang.Object, long)'> (0x00000000852ce2e8) 
thrown [s\src\hotspot\share\interpreter\linkResolver.cpp, line 771]

VM Operations (20 events):
Event: 5.242 Executing VM operation: HandshakeAllThreads
Event: 5.242 Executing VM operation: HandshakeAllThreads done
Event: 5.272 Executing VM operation: HandshakeAllThreads
Event: 5.272 Executing VM operation: HandshakeAllThreads done
Event: 5.546 Executing VM operation: HandshakeAllThreads
Event: 5.546 Executing VM operation: HandshakeAllThreads done
Event: 5.747 Executing VM operation: G1CollectForAllocation
Event: 5.755 Executing VM operation: G1CollectForAllocation done
Event: 6.157 Executing VM operation: HandshakeAllThreads
Event: 6.158 Executing VM operation: HandshakeAllThreads done
Event: 6.287 Executing VM operation: HandshakeAllThreads
Event: 6.287 Executing VM operation: HandshakeAllThreads done
Event: 6.373 Executing VM operation: HandshakeAllThreads
Event: 6.373 Executing VM operation: HandshakeAllThreads done
Event: 6.550 Executing VM operation: HandshakeAllThreads
Event: 6.550 Executing VM operation: HandshakeAllThreads done
Event: 6.577 Executing VM operation: ICBufferFull
Event: 6.577 Executing VM operation: ICBufferFull done
Event: 6.691 Executing VM operation: G1CollectForAllocation
Event: 6.694 Executing VM operation: G1CollectForAllocation done

Events (20 events):
Event: 6.637 loading class java/io/ObjectStreamClass$1
Event: 6.637 loading class java/io/ObjectStreamClass$1 done
Event: 6.637 loading class java/io/ObjectStreamClass$MemberSignature
Event: 6.637 loading class java/io/ObjectStreamClass$MemberSignature done
Event: 6.637 loading class java/io/ObjectStreamClass$3
Event: 6.637 loading class java/io/ObjectStreamClass$3 done
Event: 6.637 loading class java/io/ObjectStreamClass$4
Event: 6.637 loading class java/io/ObjectStreamClass$4 done
Event: 6.637 loading class java/io/ObjectStreamClass$5
Event: 6.637 loading class java/io/ObjectStreamClass$5 done
Event: 6.638 loading class java/io/ObjectStreamClass$ClassDataSlot
Event: 6.638 loading class java/io/ObjectStreamClass$ClassDataSlot done
Event: 6.640 loading class jdk/internal/reflect/UnsafeQualifiedStaticLongFieldAccessorImpl
Event: 6.641 loading class jdk/internal/reflect/UnsafeQualifiedStaticLongFieldAccessorImpl done
Event: 6.643 loading class java/io/SerialCallbackContext
Event: 6.643 loading class java/io/SerialCallbackContext done
Event: 6.723 loading class java/util/DualPivotQuicksort
Event: 6.724 loading class java/util/DualPivotQuicksort done
Event: 6.767 loading class java/util/function/LongUnaryOperator
Event: 6.767 loading class java/util/function/LongUnaryOperator done


Dynamic libraries:
0x00007ff746090000 - 0x00007ff74609a000 	C:\Program Files\Android\Android Studio\jbr\bin\java.exe
0x00007ff847430000 - 0x00007ff847628000 	C:\Windows\SYSTEM32\ntdll.dll
0x00007ff845950000 - 0x00007ff845a0d000 	C:\Windows\System32\KERNEL32.DLL
0x00007ff844f00000 - 0x00007ff8451f6000 	C:\Windows\System32\KERNELBASE.dll
0x00007ff845200000 - 0x00007ff845300000 	C:\Windows\System32\ucrtbase.dll
0x00007ff813f40000 - 0x00007ff813f57000 	C:\Program Files\Android\Android Studio\jbr\bin\jli.dll
0x00007fffd9530000 - 0x00007fffd954b000 	C:\Program Files\Android\Android Studio\jbr\bin\VCRUNTIME140.dll
0x00007ff8457a0000 - 0x00007ff84593f000 	C:\Windows\System32\USER32.dll
0x00007ff845430000 - 0x00007ff845452000 	C:\Windows\System32\win32u.dll
0x00007ff847020000 - 0x00007ff84704b000 	C:\Windows\System32\GDI32.dll
0x00007ff825940000 - 0x00007ff825bda000 	C:\Windows\WinSxS\amd64_microsoft.windows.common-controls_6595b64144ccf1df_6.0.19041.3636_none_60b6a03d71f818d5\COMCTL32.dll
0x00007ff844bc0000 - 0x00007ff844cd7000 	C:\Windows\System32\gdi32full.dll
0x00007ff8456a0000 - 0x00007ff84573e000 	C:\Windows\System32\msvcrt.dll
0x00007ff845390000 - 0x00007ff84542d000 	C:\Windows\System32\msvcp_win.dll
0x00007ff8473b0000 - 0x00007ff8473e2000 	C:\Windows\System32\IMM32.DLL
0x00007ff837e50000 - 0x00007ff837e5c000 	C:\Program Files\Android\Android Studio\jbr\bin\vcruntime140_1.dll
0x00007fffd6360000 - 0x00007fffd63ed000 	C:\Program Files\Android\Android Studio\jbr\bin\msvcp140.dll
0x00007ffffade0000 - 0x00007ffffba63000 	C:\Program Files\Android\Android Studio\jbr\bin\server\jvm.dll
0x00007ff846a70000 - 0x00007ff846b20000 	C:\Windows\System32\ADVAPI32.dll
0x00007ff847290000 - 0x00007ff847330000 	C:\Windows\System32\sechost.dll
0x00007ff847160000 - 0x00007ff847283000 	C:\Windows\System32\RPCRT4.dll
0x00007ff844b90000 - 0x00007ff844bb7000 	C:\Windows\System32\bcrypt.dll
0x00007ff83cc60000 - 0x00007ff83cc6a000 	C:\Windows\SYSTEM32\VERSION.dll
0x00007ff844890000 - 0x00007ff8448db000 	C:\Windows\SYSTEM32\POWRPROF.dll
0x00007ff8427d0000 - 0x00007ff8427f7000 	C:\Windows\SYSTEM32\WINMM.dll
0x00007ff840250000 - 0x00007ff840259000 	C:\Windows\SYSTEM32\WSOCK32.dll
0x00007ff845e80000 - 0x00007ff845eeb000 	C:\Windows\System32\ws2_32.DLL
0x00007ff844870000 - 0x00007ff844882000 	C:\Windows\SYSTEM32\UMPDC.dll
0x00007ff843300000 - 0x00007ff843312000 	C:\Windows\SYSTEM32\kernel.appcore.dll
0x00007ff840240000 - 0x00007ff84024a000 	C:\Program Files\Android\Android Studio\jbr\bin\jimage.dll
0x00007ff8425e0000 - 0x00007ff8427c4000 	C:\Windows\SYSTEM32\DBGHELP.DLL
0x00007ff8425a0000 - 0x00007ff8425d4000 	C:\Windows\SYSTEM32\dbgcore.DLL
0x00007ff845300000 - 0x00007ff845382000 	C:\Windows\System32\bcryptPrimitives.dll
0x00007ff815a50000 - 0x00007ff815a5e000 	C:\Program Files\Android\Android Studio\jbr\bin\instrument.dll
0x00007ff834cd0000 - 0x00007ff834cf5000 	C:\Program Files\Android\Android Studio\jbr\bin\java.dll
0x00007ff837170000 - 0x00007ff837188000 	C:\Program Files\Android\Android Studio\jbr\bin\zip.dll
0x00007ff846010000 - 0x00007ff84677b000 	C:\Windows\System32\SHELL32.dll
0x00007ff842b50000 - 0x00007ff8432ee000 	C:\Windows\SYSTEM32\windows.storage.dll
0x00007ff846b20000 - 0x00007ff846e73000 	C:\Windows\System32\combase.dll
0x00007ff8444a0000 - 0x00007ff8444ce000 	C:\Windows\SYSTEM32\Wldp.dll
0x00007ff8469a0000 - 0x00007ff846a6d000 	C:\Windows\System32\OLEAUT32.dll
0x00007ff8470b0000 - 0x00007ff84715d000 	C:\Windows\System32\SHCORE.dll
0x00007ff847050000 - 0x00007ff8470a5000 	C:\Windows\System32\shlwapi.dll
0x00007ff844a10000 - 0x00007ff844a33000 	C:\Windows\SYSTEM32\profapi.dll
0x00007ff836a00000 - 0x00007ff836a19000 	C:\Program Files\Android\Android Studio\jbr\bin\net.dll
0x00007ff83a920000 - 0x00007ff83aa2a000 	C:\Windows\SYSTEM32\WINHTTP.dll
0x00007ff8441a0000 - 0x00007ff84420a000 	C:\Windows\system32\mswsock.dll
0x00007ff834cb0000 - 0x00007ff834cc6000 	C:\Program Files\Android\Android Studio\jbr\bin\nio.dll
0x00007ff816ec0000 - 0x00007ff816ed0000 	C:\Program Files\Android\Android Studio\jbr\bin\verify.dll
0x00007ff80a040000 - 0x00007ff80a067000 	C:\Users\Admin\.gradle\native\c067742578af261105cb4f569cf0c3c89f3d7b1fecec35dd04571415982c5e48\windows-amd64\native-platform.dll
0x00007fffd2090000 - 0x00007fffd21d4000 	C:\Users\Admin\.gradle\native\38dada09dfb8b06ba9b0570ebf7e218e3eb74d4ef43ca46872605cf95ebc2f47\windows-amd64\native-platform-file-events.dll
0x00007ff819560000 - 0x00007ff819569000 	C:\Program Files\Android\Android Studio\jbr\bin\management.dll
0x00007ff819550000 - 0x00007ff81955b000 	C:\Program Files\Android\Android Studio\jbr\bin\management_ext.dll
0x00007ff845940000 - 0x00007ff845948000 	C:\Windows\System32\PSAPI.DLL
0x00007ff8443a0000 - 0x00007ff8443b8000 	C:\Windows\SYSTEM32\CRYPTSP.dll
0x00007ff843ac0000 - 0x00007ff843af4000 	C:\Windows\system32\rsaenh.dll
0x00007ff8449d0000 - 0x00007ff8449fe000 	C:\Windows\SYSTEM32\USERENV.dll
0x00007ff844390000 - 0x00007ff84439c000 	C:\Windows\SYSTEM32\CRYPTBASE.dll
0x00007ff843e80000 - 0x00007ff843ebb000 	C:\Windows\SYSTEM32\IPHLPAPI.DLL
0x00007ff846f30000 - 0x00007ff846f38000 	C:\Windows\System32\NSI.dll
0x00007ff83be00000 - 0x00007ff83be17000 	C:\Windows\SYSTEM32\dhcpcsvc6.DLL
0x00007ff83cca0000 - 0x00007ff83ccbd000 	C:\Windows\SYSTEM32\dhcpcsvc.DLL
0x00007ff843ec0000 - 0x00007ff843f8b000 	C:\Windows\SYSTEM32\DNSAPI.dll
0x00007ff840230000 - 0x00007ff840237000 	C:\Windows\system32\wshunix.dll

dbghelp: loaded successfully - version: 4.0.5 - missing functions: none
symbol engine: initialized successfully - sym options: 0x614 - pdb path: .;C:\Program Files\Android\Android Studio\jbr\bin;C:\Windows\SYSTEM32;C:\Windows\WinSxS\amd64_microsoft.windows.common-controls_6595b64144ccf1df_6.0.19041.3636_none_60b6a03d71f818d5;C:\Program Files\Android\Android Studio\jbr\bin\server;C:\Users\Admin\.gradle\native\c067742578af261105cb4f569cf0c3c89f3d7b1fecec35dd04571415982c5e48\windows-amd64;C:\Users\Admin\.gradle\native\38dada09dfb8b06ba9b0570ebf7e218e3eb74d4ef43ca46872605cf95ebc2f47\windows-amd64

VM Arguments:
jvm_args: --add-opens=java.base/java.util=ALL-UNNAMED --add-opens=java.base/java.lang=ALL-UNNAMED --add-opens=java.base/java.lang.invoke=ALL-UNNAMED --add-opens=java.prefs/java.util.prefs=ALL-UNNAMED --add-opens=java.base/java.nio.charset=ALL-UNNAMED --add-opens=java.base/java.net=ALL-UNNAMED --add-opens=java.base/java.util.concurrent.atomic=ALL-UNNAMED -Xmx2048m -Dfile.encoding=UTF-8 -Duser.country=US -Duser.language=en -Duser.variant -javaagent:C:\Users\Admin\.gradle\wrapper\dists\gradle-8.4-bin\1w5dpkrfk8irigvoxmyhowfim\gradle-8.4\lib\agents\gradle-instrumentation-agent-8.4.jar 
java_command: org.gradle.launcher.daemon.bootstrap.GradleDaemon 8.4
java_class_path (initial): C:\Users\Admin\.gradle\wrapper\dists\gradle-8.4-bin\1w5dpkrfk8irigvoxmyhowfim\gradle-8.4\lib\gradle-launcher-8.4.jar
Launcher Type: SUN_STANDARD

[Global flags]
     intx CICompilerCount                          = 12                                        {product} {ergonomic}
     uint ConcGCThreads                            = 3                                         {product} {ergonomic}
     uint G1ConcRefinementThreads                  = 13                                        {product} {ergonomic}
   size_t G1HeapRegionSize                         = 1048576                                   {product} {ergonomic}
    uintx GCDrainStackTargetSize                   = 64                                        {product} {ergonomic}
   size_t InitialHeapSize                          = 98566144                                  {product} {ergonomic}
   size_t MarkStackSize                            = 4194304                                   {product} {ergonomic}
   size_t MaxHeapSize                              = 2147483648                                {product} {command line}
   size_t MaxNewSize                               = 1287651328                                {product} {ergonomic}
   size_t MinHeapDeltaBytes                        = 1048576                                   {product} {ergonomic}
   size_t MinHeapSize                              = 8388608                                   {product} {ergonomic}
    uintx NonNMethodCodeHeapSize                   = 7602480                                {pd product} {ergonomic}
    uintx NonProfiledCodeHeapSize                  = 122027880                              {pd product} {ergonomic}
    uintx ProfiledCodeHeapSize                     = 122027880                              {pd product} {ergonomic}
    uintx ReservedCodeCacheSize                    = 251658240                              {pd product} {ergonomic}
     bool SegmentedCodeCache                       = true                                      {product} {ergonomic}
   size_t SoftMaxHeapSize                          = 2147483648                             {manageable} {ergonomic}
     bool UseCompressedClassPointers               = true                           {product lp64_product} {ergonomic}
     bool UseCompressedOops                        = true                           {product lp64_product} {ergonomic}
     bool UseG1GC                                  = true                                      {product} {ergonomic}
     bool UseLargePagesIndividualAllocation        = false                                  {pd product} {ergonomic}

Logging:
Log output configuration:
 #0: stdout all=warning uptime,level,tags
 #1: stderr all=off uptime,level,tags

Environment Variables:
PATH=C:\Program Files\Common Files\Oracle\Java\javapath;C:\Program Files\Microsoft\jdk-11.0.16.101-hotspot\bin;C:\Windows\system32;C:\Windows;C:\Windows\System32\Wbem;C:\Windows\System32\WindowsPowerShell\v1.0\;C:\Windows\System32\OpenSSH\;C:\Program Files (x86)\Microsoft SQL Server\160\Tools\Binn\;C:\Program Files\Microsoft SQL Server\160\Tools\Binn\;C:\Program Files\Microsoft SQL Server\Client SDK\ODBC\170\Tools\Binn\;C:\Program Files\Microsoft SQL Server\160\DTS\Binn\;C:\Program Files (x86)\Microsoft SQL Server\160\DTS\Binn\;C:\Program Files\Microsoft SQL Server\150\Tools\Binn\;C:\Program Files\Git\cmd;C:\Program Files\dotnet\;C:\Users\Admin\AppData\Local\Microsoft\WindowsApps;C:\Program Files\Azure Data Studio\bin;C:\Program Files\JetBrains\IntelliJ IDEA Community Edition 2023.3.2\bin;;C:\Users\Admin\AppData\Local\GitHubDesktop\bin;C:\Users\Admin\.dotnet\tools;C:\Users\Admin\AppData\Local\Programs\Microsoft VS Code\bin
USERNAME=Admin
OS=Windows_NT
PROCESSOR_IDENTIFIER=AMD64 Family 23 Model 104 Stepping 1, AuthenticAMD
TMP=C:\Users\Admin\AppData\Local\Temp
TEMP=C:\Users\Admin\AppData\Local\Temp



Periodic native trim disabled

JNI global refs:
JNI global refs: 37, weak refs: 6

JNI global refs memory usage: 843, weak refs: 841

OOME stack traces (most recent first):
Classloader memory used:
Loader org.gradle.internal.classloader.VisitableURLClassLoader                         : 3272K
Loader bootstrap                                                                       : 2386K
Loader org.gradle.initialization.MixInLegacyTypesClassLoader                           : 830K
Loader jdk.internal.loader.ClassLoaders$PlatformClassLoader                            : 67501B
Loader jdk.internal.loader.ClassLoaders$AppClassLoader                                 : 28453B
Loader jdk.internal.reflect.DelegatingClassLoader                                      : 7295B
Loader org.gradle.internal.classloader.VisitableURLClassLoader                         : 3722B
Loader org.gradle.internal.classloader.VisitableURLClassLoader$InstrumentingVisitableURLClassLoader: 3566B

Classes loaded by more than one classloader:
Class org.gradle.internal.installation.GradleInstallation                             : loaded 2 times (x 73B)
Class org.gradle.internal.classpath.ClassPath                                         : loaded 2 times (x 68B)
Class org.gradle.api.internal.classpath.DefaultModuleRegistry                         : loaded 2 times (x 84B)
Class Settings_gradle$1$1                                                             : loaded 2 times (x 72B)
Class org.gradle.api.Action                                                           : loaded 2 times (x 68B)
Class org.gradle.api.internal.DefaultClassPathProvider                                : loaded 2 times (x 74B)
Class org.gradle.internal.installation.GradleInstallation$1                           : loaded 2 times (x 73B)
Class org.gradle.internal.classloader.FilteringClassLoader                            : loaded 2 times (x 103B)
Class org.gradle.internal.classpath.DefaultClassPath$ImmutableUniqueList$Builder      : loaded 2 times (x 73B)
Class org.gradle.internal.classloader.ClassLoaderVisitor                              : loaded 2 times (x 74B)
Class org.gradle.internal.service.DefaultServiceLocator                               : loaded 2 times (x 81B)
Class org.gradle.internal.service.UnknownServiceException                             : loaded 2 times (x 81B)
Class org.gradle.internal.classloader.DefaultClassLoaderFactory                       : loaded 2 times (x 80B)
Class org.gradle.internal.classloader.VisitableURLClassLoader$Spec                    : loaded 2 times (x 72B)
Class org.gradle.api.GradleException                                                  : loaded 2 times (x 80B)
Class org.gradle.api.internal.classpath.ModuleRegistry                                : loaded 2 times (x 68B)
Class org.gradle.api.internal.ClassPathProvider                                       : loaded 2 times (x 68B)
Class org.gradle.internal.classloader.ClasspathUtil$1                                 : loaded 2 times (x 74B)
Class org.gradle.internal.classloader.ClassLoaderFactory                              : loaded 2 times (x 68B)
Class org.gradle.api.internal.classpath.ManifestUtil                                  : loaded 2 times (x 69B)
Class org.gradle.api.specs.Spec                                                       : loaded 2 times (x 68B)
Class org.gradle.internal.IoActions                                                   : loaded 2 times (x 69B)
Class org.gradle.api.internal.classpath.EffectiveClassPath                            : loaded 2 times (x 88B)
Class org.gradle.internal.installation.CurrentGradleInstallation                      : loaded 2 times (x 71B)
Class org.gradle.internal.agents.InstrumentingClassLoader                             : loaded 2 times (x 68B)
Class org.gradle.internal.installation.CurrentGradleInstallationLocator               : loaded 2 times (x 69B)
Class org.gradle.api.internal.classpath.Module                                        : loaded 2 times (x 68B)
Class org.gradle.internal.service.CachingServiceLocator                               : loaded 2 times (x 80B)
Class org.gradle.internal.classpath.DefaultClassPath                                  : loaded 2 times (x 88B)
Class org.gradle.internal.classloader.SystemClassLoaderSpec                           : loaded 2 times (x 69B)
Class org.gradle.api.UncheckedIOException                                             : loaded 2 times (x 80B)
Class Program                                                                         : loaded 2 times (x 70B)
Class org.gradle.internal.classloader.ClasspathUtil                                   : loaded 2 times (x 69B)
Class org.gradle.api.internal.DefaultClassPathRegistry                                : loaded 2 times (x 74B)
Class org.gradle.api.internal.classpath.DefaultModuleRegistry$DefaultModule           : loaded 2 times (x 84B)
Class org.gradle.api.internal.classpath.UnknownModuleException                        : loaded 2 times (x 80B)
Class org.gradle.internal.service.ServiceLookupException                              : loaded 2 times (x 80B)
Class org.gradle.cache.GlobalCache                                                    : loaded 2 times (x 68B)
Class [Lorg.gradle.api.internal.ClassPathProvider;                                    : loaded 2 times (x 67B)
Class org.gradle.util.internal.GUtil                                                  : loaded 2 times (x 69B)
Class org.gradle.internal.classloader.ClassLoaderSpec                                 : loaded 2 times (x 69B)
Class org.gradle.internal.classloader.VisitableURLClassLoader                         : loaded 2 times (x 115B)
Class org.gradle.internal.Cast                                                        : loaded 2 times (x 69B)
Class org.gradle.api.internal.ClassPathRegistry                                       : loaded 2 times (x 68B)
Class org.gradle.internal.classloader.VisitableURLClassLoader$InstrumentingVisitableURLClassLoader: loaded 2 times (x 121B)
Class org.gradle.internal.classloader.ClassLoaderHierarchy                            : loaded 2 times (x 68B)
Class org.gradle.internal.InternalTransformer                                         : loaded 2 times (x 68B)
Class org.gradle.internal.service.ServiceLocator                                      : loaded 2 times (x 68B)
Class Settings_gradle$1                                                               : loaded 2 times (x 72B)
Class org.gradle.internal.classpath.DefaultClassPath$ImmutableUniqueList              : loaded 2 times (x 159B)
Class org.gradle.internal.classpath.TransformedClassPath                              : loaded 2 times (x 94B)
Class Settings_gradle                                                                 : loaded 2 times (x 126B)


---------------  S Y S T E M  ---------------

OS:
 Windows 10 , 64 bit Build 19041 (10.0.19041.3636)
OS uptime: 0 days 0:05 hours

CPU: total 16 (initial active 16) (16 cores per cpu, 2 threads per core) family 23 model 104 stepping 1 microcode 0x0, cx8, cmov, fxsr, ht, mmx, 3dnowpref, sse, sse2, sse3, ssse3, sse4a, sse4.1, sse4.2, popcnt, lzcnt, tsc, tscinvbit, avx, avx2, aes, clmul, bmi1, bmi2, adx, sha, fma, vzeroupper, clflush, clflushopt
Processor Information for all 16 processors :
  Max Mhz: 1801, Current Mhz: 1801, Mhz Limit: 1801

Memory: 4k page, system-wide physical 5966M (401M free)
TotalPageFile size 10062M (AvailPageFile size 5M)
current process WorkingSet (physical memory assigned to process): 262M, peak: 263M
current process commit charge ("private bytes"): 310M, peak: 314M

vm_info: OpenJDK 64-Bit Server VM (17.0.9+0--11185874) for windows-amd64 JRE (17.0.9+0--11185874), built on Dec  6 2023 18:57:44 by "androidbuild" with MS VC++ 16.10 / 16.11 (VS2019)

END.
